TN:
SF:src/components/ActiveFilters.tsx
FN:31,(anonymous_0)
FN:45,(anonymous_1)
FN:51,(anonymous_2)
FNF:3
FNH:0
FNDA:0,(anonymous_0)
FNDA:0,(anonymous_1)
FNDA:0,(anonymous_2)
DA:31,0
DA:36,0
DA:38,0
DA:46,0
DA:51,0
DA:73,0
LF:6
LH:0
BRDA:36,0,0,0
BRDA:36,0,1,0
BRDA:63,1,0,0
BRDA:63,1,1,0
BRF:4
BRH:0
end_of_record
TN:
SF:src/components/AddBankAccountBottomSheet.tsx
FN:26,(anonymous_0)
FN:30,(anonymous_1)
FNF:2
FNH:0
FNDA:0,(anonymous_0)
FNDA:0,(anonymous_1)
DA:26,0
DA:27,0
DA:28,0
DA:30,0
DA:31,0
DA:32,0
DA:33,0
DA:34,0
DA:35,0
DA:39,0
DA:123,0
LF:11
LH:0
BRDA:31,0,0,0
BRDA:31,0,1,0
BRDA:31,1,0,0
BRDA:31,1,1,0
BRDA:47,2,0,0
BRDA:47,2,1,0
BRDA:108,3,0,0
BRDA:108,3,1,0
BRDA:108,3,2,0
BRDA:112,4,0,0
BRDA:112,4,1,0
BRF:11
BRH:0
end_of_record
TN:
SF:src/components/AddCardBottomSheet.tsx
FN:24,(anonymous_0)
FN:33,(anonymous_1)
FNF:2
FNH:1
FNDA:4,(anonymous_0)
FNDA:0,(anonymous_1)
DA:24,1
DA:29,4
DA:30,4
DA:31,4
DA:33,4
DA:34,0
DA:35,0
DA:36,0
DA:37,0
DA:38,0
DA:39,0
DA:43,4
DA:175,1
LF:13
LH:7
BRDA:34,0,0,0
BRDA:34,0,1,0
BRDA:34,1,0,0
BRDA:34,1,1,0
BRDA:34,1,2,0
BRDA:51,2,0,4
BRDA:51,2,1,0
BRDA:159,3,0,4
BRDA:159,3,1,0
BRDA:159,3,2,0
BRDA:159,3,3,4
BRDA:163,4,0,4
BRDA:163,4,1,0
BRDA:163,4,2,0
BRF:14
BRH:4
end_of_record
TN:
SF:src/components/AnimatedComponents.tsx
FN:47,(anonymous_0)
FN:56,(anonymous_1)
FN:63,(anonymous_2)
FN:72,(anonymous_3)
FN:102,(anonymous_4)
FN:110,(anonymous_5)
FN:129,(anonymous_6)
FN:141,(anonymous_7)
FN:178,(anonymous_8)
FN:187,(anonymous_9)
FN:194,(anonymous_10)
FN:202,(anonymous_11)
FN:225,(anonymous_12)
FN:232,(anonymous_13)
FN:248,(anonymous_14)
FN:264,(anonymous_15)
FN:267,(anonymous_16)
FN:281,(anonymous_17)
FN:284,(anonymous_18)
FN:323,(anonymous_19)
FN:327,(anonymous_20)
FN:340,(anonymous_21)
FN:369,getInitialTranslate
FN:384,getTransform
FNF:24
FNH:0
FNDA:0,(anonymous_0)
FNDA:0,(anonymous_1)
FNDA:0,(anonymous_2)
FNDA:0,(anonymous_3)
FNDA:0,(anonymous_4)
FNDA:0,(anonymous_5)
FNDA:0,(anonymous_6)
FNDA:0,(anonymous_7)
FNDA:0,(anonymous_8)
FNDA:0,(anonymous_9)
FNDA:0,(anonymous_10)
FNDA:0,(anonymous_11)
FNDA:0,(anonymous_12)
FNDA:0,(anonymous_13)
FNDA:0,(anonymous_14)
FNDA:0,(anonymous_15)
FNDA:0,(anonymous_16)
FNDA:0,(anonymous_17)
FNDA:0,(anonymous_18)
FNDA:0,(anonymous_19)
FNDA:0,(anonymous_20)
FNDA:0,(anonymous_21)
FNDA:0,getInitialTranslate
FNDA:0,getTransform
DA:47,0
DA:54,0
DA:56,0
DA:57,0
DA:63,0
DA:64,0
DA:72,0
DA:73,0
DA:74,0
DA:76,0
DA:79,0
DA:102,0
DA:108,0
DA:110,0
DA:111,0
DA:119,0
DA:129,0
DA:136,0
DA:139,0
DA:141,0
DA:142,0
DA:158,0
DA:160,0
DA:178,0
DA:185,0
DA:187,0
DA:188,0
DA:194,0
DA:195,0
DA:202,0
DA:203,0
DA:204,0
DA:206,0
DA:209,0
DA:225,0
DA:230,0
DA:232,0
DA:233,0
DA:247,0
DA:248,0
DA:251,0
DA:264,0
DA:265,0
DA:268,0
DA:281,0
DA:282,0
DA:284,0
DA:285,0
DA:314,0
DA:323,0
DA:324,0
DA:325,0
DA:327,0
DA:328,0
DA:329,0
DA:341,0
DA:344,0
DA:345,0
DA:349,0
DA:351,0
DA:370,0
DA:372,0
DA:374,0
DA:376,0
DA:378,0
DA:380,0
DA:385,0
DA:388,0
DA:391,0
DA:393,0
DA:397,0
LF:71
LH:0
BRDA:50,0,0,0
BRDA:51,1,0,0
BRDA:73,2,0,0
BRDA:73,2,1,0
BRDA:90,3,0,0
BRDA:90,3,1,0
BRDA:104,4,0,0
BRDA:105,5,0,0
BRDA:131,6,0,0
BRDA:132,7,0,0
BRDA:133,8,0,0
BRDA:182,9,0,0
BRDA:183,10,0,0
BRDA:203,11,0,0
BRDA:203,11,1,0
BRDA:228,12,0,0
BRDA:264,13,0,0
BRDA:328,14,0,0
BRDA:328,14,1,0
BRDA:349,15,0,0
BRDA:349,15,1,0
BRDA:370,16,0,0
BRDA:370,16,1,0
BRDA:370,16,2,0
BRDA:370,16,3,0
BRDA:370,16,4,0
BRDA:385,17,0,0
BRDA:385,17,1,0
BRDA:385,17,2,0
BRDA:385,17,3,0
BRDA:385,17,4,0
BRF:31
BRH:0
end_of_record
TN:
SF:src/components/BlockConfirmation.tsx
FN:47,(anonymous_0)
FN:59,(anonymous_1)
FN:114,(anonymous_2)
FNF:3
FNH:0
FNDA:0,(anonymous_0)
FNDA:0,(anonymous_1)
FNDA:0,(anonymous_2)
DA:21,0
DA:47,0
DA:55,0
DA:56,0
DA:57,0
DA:59,0
DA:60,0
DA:61,0
DA:62,0
DA:64,0
DA:65,0
DA:66,0
DA:68,0
DA:70,0
DA:74,0
DA:81,0
DA:115,0
DA:172,0
LF:18
LH:0
BRDA:92,0,0,0
BRDA:92,0,1,0
BRDA:156,1,0,0
BRDA:156,1,1,0
BRF:4
BRH:0
end_of_record
TN:
SF:src/components/BottomNav.tsx
FN:23,BottomNav
FN:31,(anonymous_1)
FN:41,(anonymous_2)
FN:66,(anonymous_3)
FN:100,(anonymous_4)
FN:114,(anonymous_5)
FN:148,(anonymous_6)
FNF:7
FNH:6
FNDA:14,BottomNav
FNDA:4,(anonymous_1)
FNDA:1,(anonymous_2)
FNDA:1,(anonymous_3)
FNDA:0,(anonymous_4)
FNDA:1,(anonymous_5)
FNDA:1,(anonymous_6)
DA:23,1
DA:28,14
DA:29,14
DA:31,14
DA:32,4
DA:33,4
DA:36,14
DA:41,1
DA:66,1
DA:100,0
DA:114,1
DA:148,1
DA:173,1
DA:183,1
LF:14
LH:13
BRDA:25,0,0,12
BRDA:26,1,0,12
BRDA:48,2,0,10
BRDA:48,2,1,4
BRDA:51,3,0,10
BRDA:51,3,1,4
BRDA:56,4,0,10
BRDA:56,4,1,4
BRDA:74,5,0,1
BRDA:74,5,1,13
BRDA:77,6,0,1
BRDA:77,6,1,13
BRDA:80,7,0,14
BRDA:80,7,1,1
BRDA:83,8,0,0
BRDA:83,8,1,1
BRDA:90,9,0,1
BRDA:90,9,1,13
BRDA:122,10,0,1
BRDA:122,10,1,13
BRDA:125,11,0,1
BRDA:125,11,1,13
BRDA:128,12,0,14
BRDA:128,12,1,1
BRDA:131,13,0,0
BRDA:131,13,1,1
BRDA:138,14,0,1
BRDA:138,14,1,13
BRDA:155,15,0,2
BRDA:155,15,1,12
BRDA:158,16,0,2
BRDA:158,16,1,12
BRDA:163,17,0,2
BRDA:163,17,1,12
BRDA:210,18,0,1
BRDA:210,18,1,0
BRF:36
BRH:33
end_of_record
TN:
SF:src/components/Button.tsx
FN:20,(anonymous_0)
FN:30,(anonymous_1)
FNF:2
FNH:2
FNDA:22,(anonymous_0)
FNDA:6,(anonymous_1)
DA:19,1
DA:28,22
DA:30,22
DA:31,6
DA:32,5
DA:33,3
DA:35,2
DA:38,6
DA:41,22
DA:78,1
DA:117,1
LF:11
LH:11
BRDA:23,0,0,16
BRDA:24,1,0,15
BRDA:26,2,0,21
BRDA:31,3,0,5
BRDA:31,3,1,1
BRDA:31,4,0,6
BRDA:31,4,1,5
BRDA:32,5,0,3
BRDA:32,5,1,2
BRDA:45,6,0,22
BRDA:45,6,1,2
BRDA:46,7,0,22
BRDA:46,7,1,3
BRDA:47,8,0,22
BRDA:47,8,1,6
BRDA:59,9,0,6
BRDA:59,9,1,16
BRDA:65,10,0,22
BRDA:65,10,1,2
BRDA:66,11,0,22
BRDA:66,11,1,3
BRDA:67,12,0,22
BRDA:67,12,1,6
BRF:23
BRH:23
end_of_record
TN:
SF:src/components/ChatAttachmentBottomSheet.tsx
FN:25,(anonymous_0)
FN:56,(anonymous_1)
FN:68,(anonymous_2)
FN:72,(anonymous_3)
FNF:4
FNH:0
FNDA:0,(anonymous_0)
FNDA:0,(anonymous_1)
FNDA:0,(anonymous_2)
FNDA:0,(anonymous_3)
DA:25,0
DA:26,0
DA:45,0
DA:56,0
DA:69,0
DA:73,0
DA:74,0
DA:117,0
DA:119,0
LF:9
LH:0
BRDA:102,0,0,0
BRDA:102,0,1,0
BRF:2
BRH:0
end_of_record
TN:
SF:src/components/ChooseCategoryBottomSheet.tsx
FN:41,(anonymous_0)
FN:42,(anonymous_1)
FN:69,(anonymous_2)
FN:77,(anonymous_3)
FNF:4
FNH:0
FNDA:0,(anonymous_0)
FNDA:0,(anonymous_1)
FNDA:0,(anonymous_2)
FNDA:0,(anonymous_3)
DA:29,0
DA:41,0
DA:42,0
DA:43,0
DA:44,0
DA:47,0
DA:70,0
DA:77,0
DA:101,0
LF:9
LH:0
BRDA:74,0,0,0
BRDA:74,0,1,0
BRF:2
BRH:0
end_of_record
TN:
SF:src/components/ClearCacheDialog.tsx
FN:14,(anonymous_0)
FN:54,(anonymous_1)
FNF:2
FNH:0
FNDA:0,(anonymous_0)
FNDA:0,(anonymous_1)
DA:14,0
DA:19,0
DA:55,0
DA:56,0
DA:68,0
LF:5
LH:0
BRF:0
BRH:0
end_of_record
TN:
SF:src/components/CompleteGiftBottomSheet.tsx
FN:32,(anonymous_0)
FN:42,(anonymous_1)
FN:53,(anonymous_2)
FN:63,(anonymous_3)
FN:67,(anonymous_4)
FN:71,(anonymous_5)
FN:169,(anonymous_6)
FNF:7
FNH:0
FNDA:0,(anonymous_0)
FNDA:0,(anonymous_1)
FNDA:0,(anonymous_2)
FNDA:0,(anonymous_3)
FNDA:0,(anonymous_4)
FNDA:0,(anonymous_5)
FNDA:0,(anonymous_6)
DA:28,0
DA:32,0
DA:33,0
DA:34,0
DA:35,0
DA:36,0
DA:37,0
DA:39,0
DA:40,0
DA:42,0
DA:43,0
DA:44,0
DA:45,0
DA:47,0
DA:48,0
DA:53,0
DA:58,0
DA:63,0
DA:64,0
DA:67,0
DA:68,0
DA:71,0
DA:72,0
DA:73,0
DA:75,0
DA:79,0
DA:169,0
DA:224,0
LF:28
LH:0
BRDA:43,0,0,0
BRDA:43,0,1,0
BRDA:72,1,0,0
BRDA:72,1,1,0
BRDA:181,2,0,0
BRDA:181,2,1,0
BRDA:184,3,0,0
BRDA:184,3,1,0
BRF:8
BRH:0
end_of_record
TN:
SF:src/components/ConfirmGiftModal.tsx
FN:31,(anonymous_0)
FN:41,(anonymous_1)
FN:52,(anonymous_2)
FNF:3
FNH:0
FNDA:0,(anonymous_0)
FNDA:0,(anonymous_1)
FNDA:0,(anonymous_2)
DA:31,0
DA:38,0
DA:39,0
DA:41,0
DA:42,0
DA:43,0
DA:44,0
DA:46,0
DA:47,0
DA:52,0
DA:57,0
DA:104,0
LF:12
LH:0
BRDA:42,0,0,0
BRDA:42,0,1,0
BRF:2
BRH:0
end_of_record
TN:
SF:src/components/CurrencySelectionBottomSheet.tsx
FN:30,(anonymous_0)
FN:44,(anonymous_1)
FN:49,(anonymous_2)
FN:64,(anonymous_3)
FN:99,(anonymous_4)
FN:106,(anonymous_5)
FNF:6
FNH:0
FNDA:0,(anonymous_0)
FNDA:0,(anonymous_1)
FNDA:0,(anonymous_2)
FNDA:0,(anonymous_3)
FNDA:0,(anonymous_4)
FNDA:0,(anonymous_5)
DA:30,0
DA:31,0
DA:32,0
DA:34,0
DA:43,0
DA:45,0
DA:49,0
DA:50,0
DA:51,0
DA:54,0
DA:65,0
DA:100,0
DA:106,0
DA:132,0
LF:14
LH:0
BRDA:30,0,0,0
BRDA:45,1,0,0
BRDA:45,1,1,0
BRDA:104,2,0,0
BRDA:104,2,1,0
BRDA:118,3,0,0
BRDA:118,3,1,0
BRDA:121,4,0,0
BRDA:121,4,1,0
BRF:9
BRH:0
end_of_record
TN:
SF:src/components/DeleteMomentModal.tsx
FN:21,(anonymous_0)
FN:30,(anonymous_1)
FN:41,(anonymous_2)
FNF:3
FNH:0
FNDA:0,(anonymous_0)
FNDA:0,(anonymous_1)
FNDA:0,(anonymous_2)
DA:21,0
DA:27,0
DA:28,0
DA:30,0
DA:31,0
DA:32,0
DA:33,0
DA:35,0
DA:36,0
DA:41,0
DA:46,0
DA:101,0
LF:12
LH:0
BRDA:31,0,0,0
BRDA:31,0,1,0
BRF:2
BRH:0
end_of_record
TN:
SF:src/components/DeleteProofModal.tsx
FN:11,(anonymous_0)
FNF:1
FNH:0
FNDA:0,(anonymous_0)
DA:11,0
DA:16,0
DA:65,0
LF:3
LH:0
BRF:0
BRH:0
end_of_record
TN:
SF:src/components/EmptyInboxState.tsx
FN:8,(anonymous_0)
FN:11,(anonymous_1)
FN:15,(anonymous_2)
FNF:3
FNH:0
FNDA:0,(anonymous_0)
FNDA:0,(anonymous_1)
FNDA:0,(anonymous_2)
DA:8,0
DA:9,0
DA:11,0
DA:12,0
DA:15,0
DA:16,0
DA:19,0
DA:60,0
LF:8
LH:0
BRF:0
BRH:0
end_of_record
TN:
SF:src/components/EmptyState.tsx
FN:21,(anonymous_0)
FN:31,(anonymous_1)
FNF:2
FNH:1
FNDA:16,(anonymous_0)
FNDA:0,(anonymous_1)
DA:21,1
DA:31,16
DA:32,0
DA:33,0
DA:35,0
DA:36,0
DA:38,0
DA:47,16
DA:78,1
LF:9
LH:4
BRDA:22,0,0,11
BRDA:32,1,0,0
BRDA:32,1,1,0
BRDA:35,2,0,0
BRDA:35,2,1,0
BRDA:49,3,0,2
BRDA:49,3,1,14
BRDA:51,4,0,2
BRDA:51,4,1,12
BRDA:65,5,0,16
BRDA:65,5,1,6
BRDA:65,5,2,5
BRF:12
BRH:8
end_of_record
TN:
SF:src/components/EmptyStateIllustration.tsx
FN:32,(anonymous_0)
FN:36,(anonymous_1)
FNF:2
FNH:0
FNDA:0,(anonymous_0)
FNDA:0,(anonymous_1)
DA:32,0
DA:36,0
DA:37,0
DA:39,0
DA:102,0
DA:179,0
DA:229,0
DA:271,0
DA:336,0
DA:404,0
DA:408,0
DA:411,0
LF:12
LH:0
BRDA:34,0,0,0
BRDA:37,1,0,0
BRDA:37,1,1,0
BRDA:37,1,2,0
BRDA:37,1,3,0
BRDA:37,1,4,0
BRDA:37,1,5,0
BRDA:37,1,6,0
BRF:8
BRH:0
end_of_record
TN:
SF:src/components/EmptyStates.tsx
FN:16,(anonymous_0)
FN:31,(anonymous_1)
FN:42,(anonymous_2)
FN:58,(anonymous_3)
FN:78,(anonymous_4)
FN:93,(anonymous_5)
FN:108,(anonymous_6)
FN:123,(anonymous_7)
FN:134,(anonymous_8)
FN:149,(anonymous_9)
FN:164,(anonymous_10)
FN:175,(anonymous_11)
FN:186,(anonymous_12)
FNF:13
FNH:0
FNDA:0,(anonymous_0)
FNDA:0,(anonymous_1)
FNDA:0,(anonymous_2)
FNDA:0,(anonymous_3)
FNDA:0,(anonymous_4)
FNDA:0,(anonymous_5)
FNDA:0,(anonymous_6)
FNDA:0,(anonymous_7)
FNDA:0,(anonymous_8)
FNDA:0,(anonymous_9)
FNDA:0,(anonymous_10)
FNDA:0,(anonymous_11)
FNDA:0,(anonymous_12)
DA:16,0
DA:19,0
DA:31,0
DA:32,0
DA:42,0
DA:43,0
DA:58,0
DA:62,0
DA:78,0
DA:81,0
DA:93,0
DA:96,0
DA:108,0
DA:111,0
DA:123,0
DA:124,0
DA:134,0
DA:137,0
DA:149,0
DA:152,0
DA:164,0
DA:165,0
DA:175,0
DA:176,0
DA:186,0
DA:189,0
LF:26
LH:0
BRDA:23,0,0,0
BRDA:23,0,1,0
BRDA:66,1,0,0
BRDA:66,1,1,0
BRDA:70,2,0,0
BRDA:70,2,1,0
BRDA:85,3,0,0
BRDA:85,3,1,0
BRDA:100,4,0,0
BRDA:100,4,1,0
BRDA:115,5,0,0
BRDA:115,5,1,0
BRDA:141,6,0,0
BRDA:141,6,1,0
BRDA:156,7,0,0
BRDA:156,7,1,0
BRDA:193,8,0,0
BRDA:193,8,1,0
BRF:18
BRH:0
end_of_record
TN:
SF:src/components/ErrorBoundary.tsx
FN:29,(anonymous_0)
FN:34,(anonymous_1)
FN:38,(anonymous_2)
FN:75,(anonymous_3)
FN:79,(anonymous_4)
FN:177,(anonymous_5)
FN:181,(anonymous_6)
FN:185,(anonymous_7)
FN:189,(anonymous_8)
FNF:9
FNH:9
FNDA:29,(anonymous_0)
FNDA:24,(anonymous_1)
FNDA:12,(anonymous_2)
FNDA:1,(anonymous_3)
FNDA:55,(anonymous_4)
FNDA:2,(anonymous_5)
FNDA:2,(anonymous_6)
FNDA:4,(anonymous_7)
FNDA:3,(anonymous_8)
DA:30,29
DA:31,29
DA:35,24
DA:39,12
DA:42,12
DA:44,12
DA:45,12
DA:46,12
DA:52,12
DA:53,12
DA:57,12
DA:66,0
DA:70,12
DA:71,1
DA:75,29
DA:76,1
DA:80,55
DA:81,55
DA:83,55
DA:85,24
DA:86,2
DA:90,22
DA:123,31
DA:127,2
DA:177,2
DA:179,2
DA:181,2
DA:183,2
DA:185,2
DA:187,4
DA:189,2
DA:191,3
LF:32
LH:31
BRDA:39,0,0,6
BRDA:44,1,0,12
BRDA:44,1,1,0
BRDA:70,2,0,1
BRDA:70,2,1,11
BRDA:81,3,0,28
BRDA:83,4,0,24
BRDA:83,4,1,31
BRDA:83,5,0,55
BRDA:83,5,1,24
BRDA:85,6,0,2
BRDA:85,6,1,22
BRDA:99,7,0,4
BRDA:99,7,1,18
BRDA:104,8,0,4
BRDA:104,8,1,18
BRDA:108,9,0,22
BRDA:108,9,1,22
BRDA:108,9,2,22
BRF:19
BRH:18
end_of_record
TN:
SF:src/components/ErrorRecoveryComponents.tsx
FN:44,(anonymous_0)
FN:104,(anonymous_1)
FN:162,(anonymous_2)
FN:168,(anonymous_3)
FN:199,(anonymous_4)
FN:221,(anonymous_5)
FNF:6
FNH:6
FNDA:13,(anonymous_0)
FNDA:8,(anonymous_1)
FNDA:11,(anonymous_2)
FNDA:11,(anonymous_3)
FNDA:2,(anonymous_4)
FNDA:9,(anonymous_5)
DA:44,1
DA:53,13
DA:57,13
DA:59,13
DA:104,1
DA:108,8
DA:162,1
DA:166,11
DA:168,11
DA:169,11
DA:176,11
DA:178,7
DA:199,1
DA:200,2
DA:202,1
DA:221,1
DA:227,9
DA:246,1
LF:18
LH:18
BRDA:50,0,0,9
BRDA:53,1,0,13
BRDA:53,1,1,10
BRDA:53,1,2,8
BRDA:54,2,0,1
BRDA:54,2,1,9
BRDA:57,3,0,13
BRDA:57,3,1,11
BRDA:73,4,0,13
BRDA:73,4,1,2
BRDA:82,5,0,13
BRDA:82,5,1,3
BRDA:82,5,2,2
BRDA:124,6,0,8
BRDA:124,6,1,3
BRDA:133,7,0,8
BRDA:133,7,1,3
BRDA:170,8,0,7
BRDA:170,8,1,4
BRDA:176,9,0,4
BRDA:176,9,1,7
BRDA:182,10,0,7
BRDA:182,10,1,2
BRDA:200,11,0,1
BRDA:200,11,1,1
BRDA:222,12,0,7
BRDA:224,13,0,5
BRDA:225,14,0,6
BRDA:231,15,0,9
BRDA:231,15,1,3
BRDA:237,16,0,9
BRDA:237,16,1,3
BRF:32
BRH:32
end_of_record
TN:
SF:src/components/FeedbackModal.tsx
FN:50,(anonymous_0)
FN:67,(anonymous_1)
FN:71,(anonymous_2)
FN:80,(anonymous_3)
FN:85,(anonymous_4)
FN:90,(anonymous_5)
FN:119,(anonymous_6)
FN:167,(anonymous_7)
FN:170,(anonymous_8)
FN:188,(anonymous_9)
FN:191,(anonymous_10)
FNF:11
FNH:0
FNDA:0,(anonymous_0)
FNDA:0,(anonymous_1)
FNDA:0,(anonymous_2)
FNDA:0,(anonymous_3)
FNDA:0,(anonymous_4)
FNDA:0,(anonymous_5)
FNDA:0,(anonymous_6)
FNDA:0,(anonymous_7)
FNDA:0,(anonymous_8)
FNDA:0,(anonymous_9)
FNDA:0,(anonymous_10)
DA:42,0
DA:50,0
DA:58,0
DA:59,0
DA:60,0
DA:61,0
DA:63,0
DA:66,0
DA:67,0
DA:71,0
DA:72,0
DA:73,0
DA:75,0
DA:80,0
DA:81,0
DA:82,0
DA:85,0
DA:86,0
DA:87,0
DA:90,0
DA:91,0
DA:92,0
DA:93,0
DA:96,0
DA:97,0
DA:100,0
DA:110,0
DA:111,0
DA:119,0
DA:120,0
DA:121,0
DA:122,0
DA:123,0
DA:124,0
DA:128,0
DA:130,0
DA:168,0
DA:170,0
DA:189,0
DA:191,0
DA:246,0
LF:41
LH:0
BRDA:54,0,0,0
BRDA:55,1,0,0
BRDA:56,2,0,0
BRDA:72,3,0,0
BRDA:72,3,1,0
BRDA:91,4,0,0
BRDA:91,4,1,0
BRDA:110,5,0,0
BRDA:110,5,1,0
BRDA:128,6,0,0
BRDA:128,6,1,0
BRDA:139,7,0,0
BRDA:139,7,1,0
BRDA:175,8,0,0
BRDA:175,8,1,0
BRDA:177,9,0,0
BRDA:177,9,1,0
BRDA:194,10,0,0
BRDA:194,10,1,0
BRDA:200,11,0,0
BRDA:200,11,1,0
BRDA:231,12,0,0
BRDA:231,12,1,0
BRDA:237,13,0,0
BRDA:237,13,1,0
BRF:25
BRH:0
end_of_record
TN:
SF:src/components/FilterBottomSheet.tsx
FN:57,(anonymous_0)
FN:69,(anonymous_1)
FN:78,(anonymous_2)
FN:120,(anonymous_3)
FN:127,(anonymous_4)
FN:169,(anonymous_5)
FN:177,(anonymous_6)
FNF:7
FNH:0
FNDA:0,(anonymous_0)
FNDA:0,(anonymous_1)
FNDA:0,(anonymous_2)
FNDA:0,(anonymous_3)
FNDA:0,(anonymous_4)
FNDA:0,(anonymous_5)
FNDA:0,(anonymous_6)
DA:37,0
DA:38,0
DA:57,0
DA:62,0
DA:63,0
DA:64,0
DA:65,0
DA:69,0
DA:70,0
DA:75,0
DA:78,0
DA:79,0
DA:80,0
DA:81,0
DA:82,0
DA:85,0
DA:121,0
DA:127,0
DA:170,0
DA:178,0
DA:221,0
LF:21
LH:0
BRDA:125,0,0,0
BRDA:125,0,1,0
BRDA:133,1,0,0
BRDA:133,1,1,0
BRDA:174,2,0,0
BRDA:174,2,1,0
BRDA:187,3,0,0
BRDA:187,3,1,0
BRF:8
BRH:0
end_of_record
TN:
SF:src/components/FilterPill.tsx
FN:27,(anonymous_0)
FN:31,(anonymous_1)
FNF:2
FNH:0
FNDA:0,(anonymous_0)
FNDA:0,(anonymous_1)
DA:26,0
DA:28,0
DA:29,0
DA:31,0
DA:32,0
DA:33,0
DA:36,0
DA:71,0
DA:81,0
DA:83,0
LF:10
LH:0
BRDA:49,0,0,0
BRDA:49,0,1,0
BRDA:53,1,0,0
BRDA:53,1,1,0
BRDA:57,2,0,0
BRDA:57,2,1,0
BRDA:61,3,0,0
BRDA:61,3,1,0
BRF:8
BRH:0
end_of_record
TN:
SF:src/components/FormComponents.tsx
FN:26,(anonymous_0)
FN:50,(anonymous_1)
FN:112,(anonymous_2)
FN:144,(anonymous_3)
FN:149,(anonymous_4)
FN:154,(anonymous_5)
FN:155,(anonymous_6)
FNF:7
FNH:7
FNDA:2,(anonymous_0)
FNDA:7,(anonymous_1)
FNDA:56,(anonymous_2)
FNDA:3,(anonymous_3)
FNDA:2,(anonymous_4)
FNDA:3,(anonymous_5)
FNDA:3,(anonymous_6)
DA:26,1
DA:30,2
DA:50,1
DA:57,7
DA:59,7
DA:112,1
DA:138,56
DA:139,56
DA:141,56
DA:142,56
DA:144,56
DA:145,3
DA:146,3
DA:149,56
DA:150,2
DA:151,2
DA:154,56
DA:155,3
DA:158,56
DA:259,1
LF:20
LH:20
BRDA:54,0,0,4
BRDA:55,1,0,6
BRDA:61,2,0,7
BRDA:61,2,1,0
BRDA:63,3,0,7
BRDA:63,3,1,0
BRDA:118,4,0,50
BRDA:119,5,0,49
BRDA:120,6,0,51
BRDA:121,7,0,51
BRDA:122,8,0,50
BRDA:123,9,0,55
BRDA:124,10,0,55
BRDA:129,11,0,55
BRDA:135,12,0,55
BRDA:141,13,0,56
BRDA:141,13,1,5
BRDA:142,14,0,56
BRDA:142,14,1,7
BRDA:160,15,0,56
BRDA:160,15,1,3
BRDA:165,16,0,56
BRDA:165,16,1,3
BRDA:166,17,0,56
BRDA:166,17,1,4
BRDA:167,18,0,56
BRDA:167,18,1,1
BRDA:168,19,0,56
BRDA:168,19,1,1
BRDA:171,20,0,56
BRDA:171,20,1,2
BRDA:175,21,0,0
BRDA:175,21,1,2
BRDA:200,22,0,56
BRDA:200,22,1,1
BRDA:201,23,0,56
BRDA:201,23,1,2
BRDA:202,24,0,56
BRDA:202,24,1,52
BRDA:202,24,2,10
BRDA:205,25,0,56
BRDA:205,25,1,53
BRDA:208,26,0,56
BRDA:208,26,1,7
BRDA:213,27,0,2
BRDA:213,27,1,5
BRDA:217,28,0,2
BRDA:217,28,1,5
BRDA:224,29,0,56
BRDA:224,29,1,4
BRDA:224,29,2,3
BRDA:239,30,0,56
BRDA:239,30,1,4
BRDA:250,31,0,56
BRDA:250,31,1,2
BRF:55
BRH:52
end_of_record
TN:
SF:src/components/GiftMomentBottomSheet.tsx
FN:41,(anonymous_0)
FN:69,(anonymous_1)
FN:84,(anonymous_2)
FN:85,(anonymous_3)
FN:88,(anonymous_4)
FN:93,(anonymous_5)
FN:108,(anonymous_6)
FN:124,(anonymous_7)
FN:137,(anonymous_8)
FN:143,(anonymous_9)
FN:153,(anonymous_10)
FN:157,(anonymous_11)
FN:161,(anonymous_12)
FN:165,(anonymous_13)
FN:310,(anonymous_14)
FN:340,(anonymous_15)
FN:369,(anonymous_16)
FN:415,(anonymous_17)
FNF:18
FNH:0
FNDA:0,(anonymous_0)
FNDA:0,(anonymous_1)
FNDA:0,(anonymous_2)
FNDA:0,(anonymous_3)
FNDA:0,(anonymous_4)
FNDA:0,(anonymous_5)
FNDA:0,(anonymous_6)
FNDA:0,(anonymous_7)
FNDA:0,(anonymous_8)
FNDA:0,(anonymous_9)
FNDA:0,(anonymous_10)
FNDA:0,(anonymous_11)
FNDA:0,(anonymous_12)
FNDA:0,(anonymous_13)
FNDA:0,(anonymous_14)
FNDA:0,(anonymous_15)
FNDA:0,(anonymous_16)
FNDA:0,(anonymous_17)
DA:21,0
DA:22,0
DA:41,0
DA:42,0
DA:43,0
DA:49,0
DA:69,0
DA:76,0
DA:77,0
DA:78,0
DA:79,0
DA:82,0
DA:84,0
DA:86,0
DA:89,0
DA:90,0
DA:94,0
DA:95,0
DA:97,0
DA:108,0
DA:109,0
DA:124,0
DA:125,0
DA:138,0
DA:139,0
DA:143,0
DA:144,0
DA:145,0
DA:146,0
DA:147,0
DA:151,0
DA:153,0
DA:154,0
DA:157,0
DA:158,0
DA:159,0
DA:161,0
DA:162,0
DA:165,0
DA:168,0
DA:310,0
DA:340,0
DA:369,0
DA:415,0
DA:423,0
LF:45
LH:0
BRDA:42,0,0,0
BRDA:42,0,1,0
BRDA:42,1,0,0
BRDA:42,1,1,0
BRDA:89,2,0,0
BRDA:89,2,1,0
BRDA:94,3,0,0
BRDA:94,3,1,0
BRDA:94,4,0,0
BRDA:94,4,1,0
BRDA:144,5,0,0
BRDA:144,5,1,0
BRDA:144,6,0,0
BRDA:144,6,1,0
BRDA:146,7,0,0
BRDA:146,7,1,0
BRDA:151,8,0,0
BRDA:151,8,1,0
BRDA:199,9,0,0
BRDA:199,9,1,0
BRDA:205,10,0,0
BRDA:205,10,1,0
BRDA:224,11,0,0
BRDA:224,11,1,0
BRDA:234,12,0,0
BRDA:234,12,1,0
BRDA:246,13,0,0
BRDA:246,13,1,0
BRDA:273,14,0,0
BRDA:273,14,1,0
BRDA:285,15,0,0
BRDA:285,15,1,0
BRDA:296,16,0,0
BRDA:296,16,1,0
BRDA:308,17,0,0
BRDA:308,17,1,0
BRDA:317,18,0,0
BRDA:317,18,1,0
BRDA:325,19,0,0
BRDA:325,19,1,0
BRDA:333,20,0,0
BRDA:333,20,1,0
BRDA:337,21,0,0
BRDA:337,21,1,0
BRDA:347,22,0,0
BRDA:347,22,1,0
BRDA:355,23,0,0
BRDA:355,23,1,0
BRDA:367,24,0,0
BRDA:367,24,1,0
BRDA:376,25,0,0
BRDA:376,25,1,0
BRDA:384,26,0,0
BRDA:384,26,1,0
BRDA:402,27,0,0
BRDA:402,27,1,0
BRDA:410,28,0,0
BRDA:410,28,1,0
BRDA:413,29,0,0
BRDA:413,29,1,0
BRDA:414,30,0,0
BRDA:414,30,1,0
BRF:62
BRH:0
end_of_record
TN:
SF:src/components/GiftSuccessModal.tsx
FN:26,(anonymous_0)
FN:36,(anonymous_1)
FN:44,(anonymous_2)
FN:69,(anonymous_3)
FN:100,(anonymous_4)
FN:128,(anonymous_5)
FNF:6
FNH:0
FNDA:0,(anonymous_0)
FNDA:0,(anonymous_1)
FNDA:0,(anonymous_2)
FNDA:0,(anonymous_3)
FNDA:0,(anonymous_4)
FNDA:0,(anonymous_5)
DA:26,0
DA:33,0
DA:34,0
DA:35,0
DA:36,0
DA:44,0
DA:45,0
DA:47,0
DA:48,0
DA:50,0
DA:54,0
DA:69,0
DA:70,0
DA:71,0
DA:73,0
DA:98,0
DA:99,0
DA:100,0
DA:101,0
DA:102,0
DA:103,0
DA:104,0
DA:109,0
DA:117,0
DA:129,0
DA:215,0
LF:26
LH:0
BRDA:45,0,0,0
BRDA:45,0,1,0
BRDA:47,1,0,0
BRDA:47,1,1,0
BRDA:175,2,0,0
BRDA:175,2,1,0
BRDA:188,3,0,0
BRDA:188,3,1,0
BRF:8
BRH:0
end_of_record
TN:
SF:src/components/LanguageSelectionBottomSheet.tsx
FN:23,(anonymous_0)
FN:29,(anonymous_1)
FN:43,(anonymous_2)
FN:52,(anonymous_3)
FN:59,(anonymous_4)
FNF:5
FNH:0
FNDA:0,(anonymous_0)
FNDA:0,(anonymous_1)
FNDA:0,(anonymous_2)
FNDA:0,(anonymous_3)
FNDA:0,(anonymous_4)
DA:23,0
DA:25,0
DA:27,0
DA:29,0
DA:30,0
DA:31,0
DA:34,0
DA:44,0
DA:53,0
DA:59,0
DA:80,0
LF:11
LH:0
BRDA:23,0,0,0
BRDA:57,1,0,0
BRDA:57,1,1,0
BRDA:68,2,0,0
BRDA:68,2,1,0
BRDA:71,3,0,0
BRDA:71,3,1,0
BRF:7
BRH:0
end_of_record
TN:
SF:src/components/LanguageSelector.tsx
FN:21,(anonymous_0)
FN:25,(anonymous_1)
FN:27,(anonymous_2)
FN:35,(anonymous_3)
FN:42,(anonymous_4)
FNF:5
FNH:0
FNDA:0,(anonymous_0)
FNDA:0,(anonymous_1)
FNDA:0,(anonymous_2)
FNDA:0,(anonymous_3)
FNDA:0,(anonymous_4)
DA:21,0
DA:24,0
DA:25,0
DA:27,0
DA:28,0
DA:29,0
DA:30,0
DA:33,0
DA:36,0
DA:38,0
DA:42,0
DA:56,0
LF:12
LH:0
BRDA:41,0,0,0
BRDA:41,0,1,0
BRDA:45,1,0,0
BRDA:45,1,1,0
BRDA:48,2,0,0
BRDA:48,2,1,0
BRF:6
BRH:0
end_of_record
TN:
SF:src/components/LeaveTrustNoteBottomSheet.tsx
FN:27,(anonymous_0)
FN:36,(anonymous_1)
FNF:2
FNH:0
FNDA:0,(anonymous_0)
FNDA:0,(anonymous_1)
DA:23,0
DA:27,0
DA:34,0
DA:36,0
DA:37,0
DA:38,0
DA:39,0
DA:40,0
DA:44,0
DA:45,0
DA:47,0
DA:123,0
LF:12
LH:0
BRDA:31,0,0,0
BRDA:32,1,0,0
BRDA:37,2,0,0
BRDA:37,2,1,0
BRDA:45,3,0,0
BRDA:45,3,1,0
BRDA:59,4,0,0
BRDA:59,4,1,0
BRDA:100,5,0,0
BRDA:100,5,1,0
BRF:10
BRH:0
end_of_record
TN:
SF:src/components/LimitReachedModal.tsx
FN:14,(anonymous_0)
FNF:1
FNH:0
FNDA:0,(anonymous_0)
DA:14,0
DA:19,0
DA:63,0
LF:3
LH:0
BRF:0
BRH:0
end_of_record
TN:
SF:src/components/Loading.tsx
FN:16,(anonymous_0)
FNF:1
FNH:1
FNDA:11,(anonymous_0)
DA:16,1
DA:23,11
DA:25,11
DA:35,1
LF:4
LH:4
BRDA:17,0,0,9
BRDA:18,1,0,9
BRDA:20,2,0,9
BRDA:23,3,0,2
BRDA:23,3,1,9
BRDA:29,4,0,11
BRDA:29,4,1,2
BRF:7
BRH:7
end_of_record
TN:
SF:src/components/LoadingState.tsx
FN:38,(anonymous_0)
FN:60,(anonymous_1)
FN:71,(anonymous_2)
FNF:3
FNH:1
FNDA:0,(anonymous_0)
FNDA:5,(anonymous_1)
FNDA:0,(anonymous_2)
DA:38,1
DA:39,0
DA:60,1
DA:67,5
DA:69,0
DA:72,0
DA:78,0
DA:85,5
DA:97,0
DA:101,1
LF:10
LH:5
BRDA:62,0,0,5
BRDA:64,1,0,5
BRDA:65,2,0,5
BRDA:67,3,0,0
BRDA:67,3,1,0
BRDA:67,3,2,5
BRDA:67,3,3,0
BRDA:90,4,0,5
BRDA:90,4,1,5
BRF:9
BRH:6
end_of_record
TN:
SF:src/components/LoadingStates.tsx
FN:40,(anonymous_0)
FN:55,(anonymous_1)
FN:78,(anonymous_2)
FN:105,(anonymous_3)
FN:125,(anonymous_4)
FN:132,(anonymous_5)
FN:149,(anonymous_6)
FNF:7
FNH:0
FNDA:0,(anonymous_0)
FNDA:0,(anonymous_1)
FNDA:0,(anonymous_2)
FNDA:0,(anonymous_3)
FNDA:0,(anonymous_4)
FNDA:0,(anonymous_5)
FNDA:0,(anonymous_6)
DA:40,0
DA:46,0
DA:55,0
DA:62,0
DA:78,0
DA:86,0
DA:105,0
DA:106,0
DA:125,0
DA:126,0
DA:132,0
DA:133,0
DA:149,0
DA:150,0
DA:152,0
DA:162,0
LF:16
LH:0
BRDA:41,0,0,0
BRDA:42,1,0,0
BRDA:43,2,0,0
BRDA:48,3,0,0
BRDA:48,3,1,0
BRDA:56,4,0,0
BRDA:58,5,0,0
BRDA:59,6,0,0
BRDA:66,7,0,0
BRDA:66,7,1,0
BRDA:81,8,0,0
BRDA:93,9,0,0
BRDA:93,9,1,0
BRDA:94,10,0,0
BRDA:94,10,1,0
BRDA:94,10,2,0
BRDA:125,11,0,0
BRDA:125,12,0,0
BRDA:150,13,0,0
BRDA:150,13,1,0
BRDA:156,14,0,0
BRDA:156,14,1,0
BRF:22
BRH:0
end_of_record
TN:
SF:src/components/LocationPickerBottomSheet.tsx
FN:32,(anonymous_0)
FN:43,(anonymous_1)
FN:48,(anonymous_2)
FN:52,(anonymous_3)
FNF:4
FNH:0
FNDA:0,(anonymous_0)
FNDA:0,(anonymous_1)
FNDA:0,(anonymous_2)
FNDA:0,(anonymous_3)
DA:32,0
DA:33,0
DA:34,0
DA:43,0
DA:44,0
DA:45,0
DA:48,0
DA:49,0
DA:52,0
DA:53,0
DA:56,0
DA:157,0
LF:12
LH:0
BRDA:35,0,0,0
BRDA:35,0,1,0
BRDA:103,1,0,0
BRDA:103,1,1,0
BRF:4
BRH:0
end_of_record
TN:
SF:src/components/MomentCard.tsx
FN:30,(anonymous_0)
FN:40,(anonymous_1)
FN:51,(anonymous_2)
FN:82,(anonymous_3)
FN:91,(anonymous_4)
FNF:5
FNH:4
FNDA:12,(anonymous_0)
FNDA:1,(anonymous_1)
FNDA:1,(anonymous_2)
FNDA:0,(anonymous_3)
FNDA:1,(anonymous_4)
DA:29,1
DA:31,12
DA:36,12
DA:39,12
DA:41,1
DA:42,0
DA:44,1
DA:45,1
DA:50,12
DA:52,1
DA:53,0
DA:55,1
DA:57,1
DA:58,1
DA:59,1
DA:63,0
DA:64,0
DA:65,0
DA:67,0
DA:73,0
DA:74,0
DA:81,12
DA:83,0
DA:84,0
DA:86,0
DA:91,12
DA:92,1
DA:93,1
DA:96,12
DA:208,1
DA:341,1
LF:31
LH:20
BRDA:41,0,0,0
BRDA:41,0,1,1
BRDA:41,1,0,1
BRDA:41,1,1,0
BRDA:41,1,2,0
BRDA:52,2,0,0
BRDA:52,2,1,1
BRDA:52,3,0,1
BRDA:52,3,1,0
BRDA:52,3,2,0
BRDA:57,4,0,1
BRDA:57,4,1,0
BRDA:73,5,0,0
BRDA:73,5,1,0
BRDA:83,6,0,0
BRDA:83,6,1,0
BRDA:83,7,0,0
BRDA:83,7,1,0
BRDA:83,7,2,0
BRDA:103,8,0,12
BRDA:103,8,1,1
BRDA:134,9,0,12
BRDA:134,9,1,1
BRDA:137,10,0,12
BRDA:137,10,1,1
BRDA:141,11,0,12
BRDA:141,11,1,1
BRDA:142,12,0,12
BRDA:142,12,1,11
BRDA:147,13,0,12
BRDA:147,13,1,1
BRF:31
BRH:17
end_of_record
TN:
SF:src/components/NotificationPermissionModal.tsx
FN:27,(anonymous_0)
FN:28,(anonymous_1)
FNF:2
FNH:0
FNDA:0,(anonymous_0)
FNDA:0,(anonymous_1)
DA:27,0
DA:28,0
DA:30,0
DA:32,0
DA:35,0
DA:37,0
DA:40,0
DA:111,0
LF:8
LH:0
BRDA:30,0,0,0
BRDA:30,0,1,0
BRF:2
BRH:0
end_of_record
TN:
SF:src/components/OfflineBanner.tsx
FN:23,(anonymous_0)
FN:34,(anonymous_1)
FNF:2
FNH:0
FNDA:0,(anonymous_0)
FNDA:0,(anonymous_1)
DA:23,0
DA:28,0
DA:30,0
DA:31,0
DA:34,0
DA:35,0
DA:36,0
DA:37,0
DA:41,0
DA:65,0
LF:10
LH:0
BRDA:24,0,0,0
BRDA:25,1,0,0
BRDA:30,2,0,0
BRDA:30,2,1,0
BRDA:36,3,0,0
BRDA:36,3,1,0
BRDA:52,4,0,0
BRDA:52,4,1,0
BRF:8
BRH:0
end_of_record
TN:
SF:src/components/OnboardingContainer.tsx
FN:16,(anonymous_0)
FN:22,(anonymous_1)
FN:25,(anonymous_2)
FN:27,(anonymous_3)
FN:28,(anonymous_4)
FNF:5
FNH:0
FNDA:0,(anonymous_0)
FNDA:0,(anonymous_1)
FNDA:0,(anonymous_2)
FNDA:0,(anonymous_3)
FNDA:0,(anonymous_4)
DA:16,0
DA:19,0
DA:20,0
DA:21,0
DA:22,0
DA:25,0
DA:27,0
DA:28,0
DA:31,0
DA:32,0
DA:39,0
DA:40,0
DA:43,0
DA:46,0
LF:14
LH:0
BRDA:31,0,0,0
BRDA:31,0,1,0
BRDA:39,1,0,0
BRDA:39,1,1,0
BRF:4
BRH:0
end_of_record
TN:
SF:src/components/PerformanceDashboard.tsx
FN:41,(anonymous_0)
FN:103,(anonymous_1)
FN:117,(anonymous_2)
FN:124,(anonymous_3)
FN:129,(anonymous_4)
FN:146,(anonymous_5)
FN:152,(anonymous_6)
FN:159,(anonymous_7)
FN:165,(anonymous_8)
FN:172,(anonymous_9)
FN:179,(anonymous_10)
FN:204,(anonymous_11)
FN:210,(anonymous_12)
FN:218,(anonymous_13)
FN:227,(anonymous_14)
FN:443,(anonymous_15)
FN:446,(anonymous_16)
FN:449,(anonymous_17)
FN:456,(anonymous_18)
FNF:19
FNH:0
FNDA:0,(anonymous_0)
FNDA:0,(anonymous_1)
FNDA:0,(anonymous_2)
FNDA:0,(anonymous_3)
FNDA:0,(anonymous_4)
FNDA:0,(anonymous_5)
FNDA:0,(anonymous_6)
FNDA:0,(anonymous_7)
FNDA:0,(anonymous_8)
FNDA:0,(anonymous_9)
FNDA:0,(anonymous_10)
FNDA:0,(anonymous_11)
FNDA:0,(anonymous_12)
FNDA:0,(anonymous_13)
FNDA:0,(anonymous_14)
FNDA:0,(anonymous_15)
FNDA:0,(anonymous_16)
FNDA:0,(anonymous_17)
FNDA:0,(anonymous_18)
DA:30,0
DA:41,0
DA:49,0
DA:55,0
DA:61,0
DA:103,0
DA:107,0
DA:108,0
DA:109,0
DA:110,0
DA:112,0
DA:113,0
DA:117,0
DA:118,0
DA:121,0
DA:124,0
DA:126,0
DA:127,0
DA:128,0
DA:129,0
DA:137,0
DA:139,0
DA:140,0
DA:145,0
DA:146,0
DA:147,0
DA:149,0
DA:151,0
DA:152,0
DA:155,0
DA:159,0
DA:160,0
DA:162,0
DA:164,0
DA:165,0
DA:168,0
DA:172,0
DA:173,0
DA:174,0
DA:178,0
DA:180,0
DA:182,0
DA:183,0
DA:184,0
DA:186,0
DA:187,0
DA:188,0
DA:190,0
DA:191,0
DA:192,0
DA:194,0
DA:195,0
DA:196,0
DA:198,0
DA:204,0
DA:205,0
DA:206,0
DA:207,0
DA:210,0
DA:211,0
DA:212,0
DA:213,0
DA:218,0
DA:219,0
DA:220,0
DA:221,0
DA:223,0
DA:228,0
DA:230,0
DA:236,0
DA:260,0
DA:261,0
DA:264,0
DA:443,0
DA:444,0
DA:446,0
DA:447,0
DA:449,0
DA:450,0
DA:451,0
DA:452,0
DA:456,0
DA:459,0
DA:461,0
DA:463,0
DA:475,0
LF:86
LH:0
BRDA:50,0,0,0
BRDA:50,0,1,0
BRDA:51,1,0,0
BRDA:51,1,1,0
BRDA:52,2,0,0
BRDA:52,2,1,0
BRDA:72,3,0,0
BRDA:72,3,1,0
BRDA:79,4,0,0
BRDA:79,4,1,0
BRDA:81,5,0,0
BRDA:81,5,1,0
BRDA:92,6,0,0
BRDA:92,6,1,0
BRDA:118,7,0,0
BRDA:118,7,1,0
BRDA:127,8,0,0
BRDA:127,8,1,0
BRDA:137,9,0,0
BRDA:137,9,1,0
BRDA:149,10,0,0
BRDA:149,10,1,0
BRDA:162,11,0,0
BRDA:162,11,1,0
BRDA:180,12,0,0
BRDA:180,12,1,0
BRDA:180,12,2,0
BRDA:180,12,3,0
BRDA:180,12,4,0
BRDA:182,13,0,0
BRDA:182,13,1,0
BRDA:183,14,0,0
BRDA:183,14,1,0
BRDA:186,15,0,0
BRDA:186,15,1,0
BRDA:187,16,0,0
BRDA:187,16,1,0
BRDA:190,17,0,0
BRDA:190,17,1,0
BRDA:191,18,0,0
BRDA:191,18,1,0
BRDA:194,19,0,0
BRDA:194,19,1,0
BRDA:195,20,0,0
BRDA:195,20,1,0
BRDA:230,21,0,0
BRDA:230,21,1,0
BRDA:231,22,0,0
BRDA:231,22,1,0
BRDA:232,23,0,0
BRDA:232,23,1,0
BRDA:233,24,0,0
BRDA:233,24,1,0
BRDA:234,25,0,0
BRDA:234,25,1,0
BRDA:260,26,0,0
BRDA:260,26,1,0
BRDA:292,27,0,0
BRDA:292,27,1,0
BRDA:294,28,0,0
BRDA:294,28,1,0
BRDA:337,29,0,0
BRDA:337,29,1,0
BRDA:348,30,0,0
BRDA:348,30,1,0
BRDA:355,31,0,0
BRDA:355,31,1,0
BRDA:367,32,0,0
BRDA:367,32,1,0
BRDA:380,33,0,0
BRDA:380,33,1,0
BRDA:393,34,0,0
BRDA:393,34,1,0
BRDA:393,34,2,0
BRDA:393,34,3,0
BRDA:447,35,0,0
BRDA:447,35,1,0
BRDA:451,36,0,0
BRDA:451,36,1,0
BRDA:459,37,0,0
BRDA:459,37,1,0
BRDA:461,38,0,0
BRDA:461,38,1,0
BRDA:461,39,0,0
BRDA:461,39,1,0
BRDA:487,40,0,0
BRDA:487,40,1,0
BRDA:627,41,0,0
BRDA:627,41,1,0
BRF:89
BRH:0
end_of_record
TN:
SF:src/components/RecentSearches.tsx
FN:26,(anonymous_0)
FN:45,(anonymous_1)
FN:46,(anonymous_2)
FN:49,(anonymous_3)
FN:62,(anonymous_4)
FNF:5
FNH:0
FNDA:0,(anonymous_0)
FNDA:0,(anonymous_1)
FNDA:0,(anonymous_2)
FNDA:0,(anonymous_3)
FNDA:0,(anonymous_4)
DA:26,0
DA:32,0
DA:34,0
DA:45,0
DA:47,0
DA:49,0
DA:62,0
DA:79,0
LF:8
LH:0
BRDA:32,0,0,0
BRDA:32,0,1,0
BRF:2
BRH:0
end_of_record
TN:
SF:src/components/RemoveCardModal.tsx
FN:15,(anonymous_0)
FNF:1
FNH:1
FNDA:4,(anonymous_0)
DA:15,1
DA:21,4
DA:73,1
LF:3
LH:3
BRDA:19,0,0,4
BRF:1
BRH:1
end_of_record
TN:
SF:src/components/ReportBlockBottomSheet.tsx
FN:29,(anonymous_0)
FN:40,(anonymous_1)
FN:55,(anonymous_2)
FN:59,(anonymous_3)
FN:64,(anonymous_4)
FN:69,(anonymous_5)
FN:82,(anonymous_6)
FN:202,(anonymous_7)
FN:220,(anonymous_8)
FN:235,(anonymous_9)
FN:251,(anonymous_10)
FN:266,(anonymous_11)
FNF:12
FNH:0
FNDA:0,(anonymous_0)
FNDA:0,(anonymous_1)
FNDA:0,(anonymous_2)
FNDA:0,(anonymous_3)
FNDA:0,(anonymous_4)
FNDA:0,(anonymous_5)
FNDA:0,(anonymous_6)
FNDA:0,(anonymous_7)
FNDA:0,(anonymous_8)
FNDA:0,(anonymous_9)
FNDA:0,(anonymous_10)
FNDA:0,(anonymous_11)
DA:25,0
DA:29,0
DA:35,0
DA:36,0
DA:37,0
DA:40,0
DA:41,0
DA:42,0
DA:43,0
DA:44,0
DA:48,0
DA:55,0
DA:56,0
DA:59,0
DA:60,0
DA:61,0
DA:64,0
DA:65,0
DA:66,0
DA:69,0
DA:71,0
DA:78,0
DA:79,0
DA:82,0
DA:83,0
DA:84,0
DA:85,0
DA:86,0
DA:89,0
DA:202,0
DA:220,0
DA:235,0
DA:251,0
DA:266,0
DA:319,0
LF:35
LH:0
BRDA:33,0,0,0
BRDA:41,1,0,0
BRDA:41,1,1,0
BRDA:71,2,0,0
BRDA:71,2,1,0
BRDA:73,3,0,0
BRDA:73,3,1,0
BRDA:75,4,0,0
BRDA:75,4,1,0
BRDA:120,5,0,0
BRDA:120,5,1,0
BRDA:172,6,0,0
BRDA:172,6,1,0
BRDA:198,7,0,0
BRDA:198,7,1,0
BRDA:218,8,0,0
BRDA:218,8,1,0
BRDA:224,9,0,0
BRDA:224,9,1,0
BRDA:233,10,0,0
BRDA:233,10,1,0
BRDA:239,11,0,0
BRDA:239,11,1,0
BRDA:248,12,0,0
BRDA:248,12,1,0
BRDA:255,13,0,0
BRDA:255,13,1,0
BRDA:264,14,0,0
BRDA:264,14,1,0
BRDA:270,15,0,0
BRDA:270,15,1,0
BRDA:292,16,0,0
BRDA:292,16,1,0
BRF:33
BRH:0
end_of_record
TN:
SF:src/components/ReportModal.tsx
FN:49,(anonymous_0)
FN:65,(anonymous_1)
FN:80,(anonymous_2)
FN:105,(anonymous_3)
FN:144,(anonymous_4)
FN:151,(anonymous_5)
FNF:6
FNH:0
FNDA:0,(anonymous_0)
FNDA:0,(anonymous_1)
FNDA:0,(anonymous_2)
FNDA:0,(anonymous_3)
FNDA:0,(anonymous_4)
FNDA:0,(anonymous_5)
DA:24,0
DA:49,0
DA:56,0
DA:57,0
DA:59,0
DA:62,0
DA:63,0
DA:65,0
DA:66,0
DA:68,0
DA:70,0
DA:72,0
DA:74,0
DA:76,0
DA:80,0
DA:81,0
DA:82,0
DA:83,0
DA:86,0
DA:87,0
DA:89,0
DA:96,0
DA:97,0
DA:99,0
DA:101,0
DA:105,0
DA:106,0
DA:107,0
DA:108,0
DA:111,0
DA:116,0
DA:145,0
DA:151,0
DA:230,0
LF:34
LH:0
BRDA:66,0,0,0
BRDA:66,0,1,0
BRDA:66,0,2,0
BRDA:66,0,3,0
BRDA:66,0,4,0
BRDA:68,1,0,0
BRDA:68,1,1,0
BRDA:81,2,0,0
BRDA:81,2,1,0
BRDA:93,3,0,0
BRDA:93,3,1,0
BRDA:125,4,0,0
BRDA:125,4,1,0
BRDA:128,5,0,0
BRDA:128,5,1,0
BRDA:149,6,0,0
BRDA:149,6,1,0
BRDA:159,7,0,0
BRDA:159,7,1,0
BRDA:162,8,0,0
BRDA:162,8,1,0
BRDA:208,9,0,0
BRDA:208,9,1,0
BRDA:212,10,0,0
BRDA:212,10,1,0
BRDA:215,11,0,0
BRDA:215,11,1,0
BRDA:218,12,0,0
BRDA:218,12,1,0
BRF:29
BRH:0
end_of_record
TN:
SF:src/components/RequestAdditionalProofBottomSheet.tsx
FN:26,(anonymous_0)
FN:30,(anonymous_1)
FNF:2
FNH:0
FNDA:0,(anonymous_0)
FNDA:0,(anonymous_1)
DA:26,0
DA:27,0
DA:28,0
DA:30,0
DA:31,0
DA:32,0
DA:33,0
DA:34,0
DA:38,0
DA:118,0
LF:10
LH:0
BRDA:31,0,0,0
BRDA:31,0,1,0
BRDA:46,1,0,0
BRDA:46,1,1,0
BRDA:103,2,0,0
BRDA:103,2,1,0
BRF:6
BRH:0
end_of_record
TN:
SF:src/components/RequestMoreProofBottomSheet.tsx
FN:25,RequestMoreProofBottomSheet
FN:35,(anonymous_1)
FN:75,(anonymous_2)
FN:84,(anonymous_3)
FN:111,(anonymous_4)
FNF:5
FNH:0
FNDA:0,RequestMoreProofBottomSheet
FNDA:0,(anonymous_1)
FNDA:0,(anonymous_2)
FNDA:0,(anonymous_3)
FNDA:0,(anonymous_4)
DA:19,0
DA:30,0
DA:31,0
DA:32,0
DA:33,0
DA:35,0
DA:36,0
DA:37,0
DA:38,0
DA:41,0
DA:76,0
DA:85,0
DA:86,0
DA:111,0
DA:165,0
LF:15
LH:0
BRDA:36,0,0,0
BRDA:36,0,1,0
BRDA:80,1,0,0
BRDA:80,1,1,0
BRDA:80,1,2,0
BRDA:92,2,0,0
BRDA:92,2,1,0
BRDA:92,2,2,0
BRDA:97,3,0,0
BRDA:97,3,1,0
BRDA:97,3,2,0
BRDA:109,4,0,0
BRDA:109,4,1,0
BRDA:113,5,0,0
BRDA:113,5,1,0
BRDA:114,6,0,0
BRDA:114,6,1,0
BRDA:119,7,0,0
BRDA:119,7,1,0
BRF:19
BRH:0
end_of_record
TN:
SF:src/components/RetakeProofBottomSheet.tsx
FN:21,(anonymous_0)
FNF:1
FNH:0
FNDA:0,(anonymous_0)
DA:21,0
DA:26,0
DA:83,0
LF:3
LH:0
BRF:0
BRH:0
end_of_record
TN:
SF:src/components/SetPriceBottomSheet.tsx
FN:26,(anonymous_0)
FN:41,(anonymous_1)
FN:46,(anonymous_2)
FN:87,(anonymous_3)
FN:94,(anonymous_4)
FN:124,(anonymous_5)
FNF:6
FNH:0
FNDA:0,(anonymous_0)
FNDA:0,(anonymous_1)
FNDA:0,(anonymous_2)
FNDA:0,(anonymous_3)
FNDA:0,(anonymous_4)
FNDA:0,(anonymous_5)
DA:24,0
DA:26,0
DA:32,0
DA:35,0
DA:41,0
DA:42,0
DA:43,0
DA:46,0
DA:48,0
DA:54,0
DA:55,0
DA:56,0
DA:60,0
DA:88,0
DA:94,0
DA:125,0
DA:126,0
DA:146,0
LF:18
LH:0
BRDA:30,0,0,0
BRDA:33,1,0,0
BRDA:33,1,1,0
BRDA:36,2,0,0
BRDA:36,2,1,0
BRDA:36,3,0,0
BRDA:36,3,1,0
BRDA:48,4,0,0
BRDA:48,4,1,0
BRDA:50,5,0,0
BRDA:50,5,1,0
BRDA:54,6,0,0
BRDA:54,6,1,0
BRDA:54,7,0,0
BRDA:54,7,1,0
BRDA:92,8,0,0
BRDA:92,8,1,0
BRDA:100,9,0,0
BRDA:100,9,1,0
BRDA:103,10,0,0
BRDA:103,10,1,0
BRF:21
BRH:0
end_of_record
TN:
SF:src/components/ShareMomentBottomSheet.tsx
FN:48,(anonymous_0)
FN:54,(anonymous_1)
FN:64,(anonymous_2)
FN:76,(anonymous_3)
FN:82,(anonymous_4)
FN:150,(anonymous_5)
FN:176,(anonymous_6)
FNF:7
FNH:0
FNDA:0,(anonymous_0)
FNDA:0,(anonymous_1)
FNDA:0,(anonymous_2)
FNDA:0,(anonymous_3)
FNDA:0,(anonymous_4)
FNDA:0,(anonymous_5)
FNDA:0,(anonymous_6)
DA:48,0
DA:54,0
DA:55,0
DA:56,0
DA:57,0
DA:58,0
DA:60,0
DA:64,0
DA:65,0
DA:66,0
DA:70,0
DA:72,0
DA:76,0
DA:78,0
DA:79,0
DA:82,0
DA:84,0
DA:85,0
DA:88,0
DA:107,0
DA:126,0
DA:151,0
DA:177,0
DA:207,0
DA:209,0
LF:25
LH:0
BRDA:51,0,0,0
BRDA:52,1,0,0
BRF:2
BRH:0
end_of_record
TN:
SF:src/components/ShareProofModal.tsx
FN:36,(anonymous_0)
FN:46,(anonymous_1)
FN:47,(anonymous_2)
FN:54,(anonymous_3)
FN:68,(anonymous_4)
FN:112,(anonymous_5)
FN:116,(anonymous_6)
FNF:7
FNH:0
FNDA:0,(anonymous_0)
FNDA:0,(anonymous_1)
FNDA:0,(anonymous_2)
FNDA:0,(anonymous_3)
FNDA:0,(anonymous_4)
FNDA:0,(anonymous_5)
FNDA:0,(anonymous_6)
DA:28,0
DA:36,0
DA:42,0
DA:43,0
DA:46,0
DA:47,0
DA:48,0
DA:49,0
DA:54,0
DA:55,0
DA:56,0
DA:57,0
DA:61,0
DA:63,0
DA:65,0
DA:66,0
DA:68,0
DA:70,0
DA:74,0
DA:113,0
DA:116,0
DA:140,0
LF:22
LH:0
BRDA:48,0,0,0
BRDA:48,0,1,0
BRDA:56,1,0,0
BRDA:56,1,1,0
BRDA:65,2,0,0
BRDA:65,2,1,0
BRDA:104,3,0,0
BRDA:104,3,1,0
BRDA:106,4,0,0
BRDA:106,4,1,0
BRF:10
BRH:0
end_of_record
TN:
SF:src/components/SkeletonLoader.tsx
FN:18,(anonymous_0)
FN:26,(anonymous_1)
FN:42,(anonymous_2)
FN:69,(anonymous_3)
FN:91,(anonymous_4)
FN:108,(anonymous_5)
FN:126,(anonymous_6)
FN:142,(anonymous_7)
FN:156,(anonymous_8)
FN:182,(anonymous_9)
FN:184,(anonymous_10)
FN:193,(anonymous_11)
FN:195,(anonymous_12)
FN:206,(anonymous_13)
FN:208,(anonymous_14)
FNF:15
FNH:5
FNDA:42,(anonymous_0)
FNDA:42,(anonymous_1)
FNDA:42,(anonymous_2)
FNDA:3,(anonymous_3)
FNDA:3,(anonymous_4)
FNDA:0,(anonymous_5)
FNDA:0,(anonymous_6)
FNDA:0,(anonymous_7)
FNDA:0,(anonymous_8)
FNDA:0,(anonymous_9)
FNDA:0,(anonymous_10)
FNDA:0,(anonymous_11)
FNDA:0,(anonymous_12)
FNDA:0,(anonymous_13)
FNDA:0,(anonymous_14)
DA:6,1
DA:18,1
DA:24,42
DA:26,42
DA:27,42
DA:41,42
DA:42,42
DA:45,42
DA:50,42
DA:69,1
DA:70,3
DA:91,1
DA:92,3
DA:108,1
DA:109,0
DA:126,1
DA:127,0
DA:142,1
DA:143,0
DA:156,1
DA:157,0
DA:182,1
DA:183,0
DA:185,0
DA:193,1
DA:194,0
DA:196,0
DA:206,1
DA:207,0
DA:209,0
DA:214,1
LF:31
LH:21
BRDA:19,0,0,10
BRDA:20,1,0,11
BRDA:21,2,0,32
BRDA:55,3,0,19
BRDA:55,3,1,23
BRF:5
BRH:5
end_of_record
TN:
SF:src/components/SmartImage.tsx
FN:28,(anonymous_0)
FN:47,(anonymous_1)
FN:52,(anonymous_2)
FN:57,(anonymous_3)
FN:133,(anonymous_4)
FN:145,(anonymous_5)
FN:150,(anonymous_6)
FN:214,(anonymous_7)
FNF:8
FNH:4
FNDA:39,(anonymous_0)
FNDA:0,(anonymous_1)
FNDA:0,(anonymous_2)
FNDA:0,(anonymous_3)
FNDA:16,(anonymous_4)
FNDA:20,(anonymous_5)
FNDA:0,(anonymous_6)
FNDA:14,(anonymous_7)
DA:28,1
DA:43,39
DA:44,39
DA:45,39
DA:47,39
DA:48,0
DA:49,0
DA:52,39
DA:53,0
DA:54,0
DA:57,39
DA:58,0
DA:61,0
DA:62,0
DA:63,0
DA:64,0
DA:67,0
DA:68,0
DA:72,39
DA:78,39
DA:80,39
DA:82,39
DA:92,39
DA:93,1
DA:104,38
DA:133,1
DA:140,16
DA:143,16
DA:145,20
DA:150,16
DA:151,0
DA:154,16
DA:163,16
DA:165,10
DA:172,10
DA:173,10
DA:175,10
DA:192,6
DA:214,1
DA:221,14
DA:223,14
DA:226,14
DA:227,8
DA:228,8
DA:229,2
DA:230,2
DA:233,6
DA:236,14
DA:247,1
LF:49
LH:37
BRDA:31,0,0,31
BRDA:32,1,0,32
BRDA:33,2,0,37
BRDA:36,3,0,38
BRDA:61,4,0,0
BRDA:61,4,1,0
BRDA:61,5,0,0
BRDA:61,5,1,0
BRDA:78,6,0,39
BRDA:78,6,1,16
BRDA:80,7,0,39
BRDA:80,7,1,22
BRDA:92,8,0,1
BRDA:92,8,1,38
BRDA:92,9,0,39
BRDA:92,9,1,39
BRDA:116,10,0,38
BRDA:116,10,1,38
BRDA:116,10,2,36
BRDA:134,11,0,7
BRDA:135,12,0,14
BRDA:163,13,0,10
BRDA:163,13,1,6
BRDA:163,14,0,16
BRDA:163,14,1,6
BRDA:215,15,0,10
BRDA:223,16,0,14
BRDA:223,16,1,7
BRDA:223,16,2,5
BRDA:226,17,0,8
BRDA:226,17,1,6
BRDA:228,18,0,2
BRDA:228,18,1,6
BRDA:228,19,0,8
BRDA:228,19,1,2
BRDA:240,20,0,8
BRDA:240,20,1,6
BRF:37
BRH:33
end_of_record
TN:
SF:src/components/SocialButton.tsx
FN:20,(anonymous_0)
FNF:1
FNH:0
FNDA:0,(anonymous_0)
DA:20,0
DA:27,0
DA:50,0
DA:51,0
DA:53,0
DA:54,0
DA:71,0
DA:89,0
LF:8
LH:0
BRDA:22,0,0,0
BRDA:51,1,0,0
BRDA:51,1,1,0
BRDA:53,2,0,0
BRDA:53,2,1,0
BRF:5
BRH:0
end_of_record
TN:
SF:src/components/ThankYouModal.tsx
FN:24,(anonymous_0)
FN:33,(anonymous_1)
FN:44,(anonymous_2)
FNF:3
FNH:0
FNDA:0,(anonymous_0)
FNDA:0,(anonymous_1)
FNDA:0,(anonymous_2)
DA:24,0
DA:30,0
DA:31,0
DA:33,0
DA:34,0
DA:35,0
DA:36,0
DA:38,0
DA:39,0
DA:44,0
DA:49,0
DA:99,0
LF:12
LH:0
BRDA:34,0,0,0
BRDA:34,0,1,0
BRDA:75,1,0,0
BRDA:75,1,1,0
BRF:4
BRH:0
end_of_record
TN:
SF:src/components/ThemeSelector.tsx
FN:21,(anonymous_0)
FN:25,(anonymous_1)
FN:38,(anonymous_2)
FN:52,(anonymous_3)
FNF:4
FNH:0
FNDA:0,(anonymous_0)
FNDA:0,(anonymous_1)
FNDA:0,(anonymous_2)
FNDA:0,(anonymous_3)
DA:15,0
DA:21,0
DA:22,0
DA:23,0
DA:25,0
DA:26,0
DA:28,0
DA:30,0
DA:32,0
DA:36,0
DA:39,0
DA:41,0
DA:52,0
DA:76,0
LF:14
LH:0
BRDA:26,0,0,0
BRDA:26,0,1,0
BRDA:26,0,2,0
BRDA:48,1,0,0
BRDA:48,1,1,0
BRDA:50,2,0,0
BRDA:50,2,1,0
BRDA:59,3,0,0
BRDA:59,3,1,0
BRDA:64,4,0,0
BRDA:64,4,1,0
BRF:11
BRH:0
end_of_record
TN:
SF:src/components/UnblockUserBottomSheet.tsx
FN:20,(anonymous_0)
FN:36,(anonymous_1)
FNF:2
FNH:0
FNDA:0,(anonymous_0)
FNDA:0,(anonymous_1)
DA:20,0
DA:26,0
DA:36,0
DA:74,0
LF:4
LH:0
BRF:0
BRH:0
end_of_record
TN:
SF:src/components/UnifiedEmptyState.tsx
FN:99,(anonymous_0)
FNF:1
FNH:0
FNDA:0,(anonymous_0)
DA:17,0
DA:99,0
DA:107,0
DA:109,0
DA:110,0
DA:113,0
DA:119,0
DA:152,0
DA:153,0
DA:156,0
DA:159,0
LF:11
LH:0
BRDA:103,0,0,0
BRDA:104,1,0,0
BRDA:107,2,0,0
BRDA:107,2,1,0
BRDA:109,3,0,0
BRDA:109,3,1,0
BRDA:119,4,0,0
BRDA:119,4,1,0
BRDA:121,5,0,0
BRDA:121,5,1,0
BRDA:125,6,0,0
BRDA:125,6,1,0
BRDA:130,7,0,0
BRDA:130,7,1,0
BRDA:134,8,0,0
BRDA:134,8,1,0
BRDA:135,9,0,0
BRDA:135,9,1,0
BRDA:140,10,0,0
BRDA:140,10,1,0
BRDA:140,10,2,0
BRDA:142,11,0,0
BRDA:142,11,1,0
BRDA:152,12,0,0
BRDA:152,12,1,0
BRF:25
BRH:0
end_of_record
TN:
SF:src/components/WithdrawConfirmationModal.tsx
FN:17,(anonymous_0)
FNF:1
FNH:0
FNDA:0,(anonymous_0)
DA:17,0
DA:18,0
DA:75,0
LF:3
LH:0
BRF:0
BRH:0
end_of_record
TN:
SF:src/components/index.ts
FNF:0
FNH:0
LF:0
LH:0
BRF:0
BRH:0
end_of_record
TN:
SF:src/components/createMoment/CategorySelector.tsx
FN:33,(anonymous_0)
FN:51,(anonymous_1)
FN:60,(anonymous_2)
FN:67,(anonymous_3)
FNF:4
FNH:0
FNDA:0,(anonymous_0)
FNDA:0,(anonymous_1)
FNDA:0,(anonymous_2)
FNDA:0,(anonymous_3)
DA:24,0
DA:33,0
DA:34,0
DA:42,0
DA:50,0
DA:52,0
DA:61,0
DA:67,0
DA:101,0
DA:103,0
LF:10
LH:0
BRDA:42,0,0,0
BRDA:42,0,1,0
BRDA:65,1,0,0
BRDA:65,1,1,0
BRDA:79,2,0,0
BRDA:79,2,1,0
BRDA:87,3,0,0
BRDA:87,3,1,0
BRF:8
BRH:0
end_of_record
TN:
SF:src/components/createMoment/DetailsSection.tsx
FN:47,(anonymous_0)
FN:56,(anonymous_1)
FN:84,(anonymous_2)
FN:85,(anonymous_3)
FN:116,(anonymous_4)
FN:124,(anonymous_5)
FN:130,(anonymous_6)
FNF:7
FNH:0
FNDA:0,(anonymous_0)
FNDA:0,(anonymous_1)
FNDA:0,(anonymous_2)
FNDA:0,(anonymous_3)
FNDA:0,(anonymous_4)
FNDA:0,(anonymous_5)
FNDA:0,(anonymous_6)
DA:46,0
DA:56,0
DA:57,0
DA:59,0
DA:60,0
DA:66,0
DA:67,0
DA:74,0
DA:84,0
DA:85,0
DA:86,0
DA:87,0
DA:88,0
DA:89,0
DA:90,0
DA:93,0
DA:94,0
DA:99,0
DA:100,0
DA:106,0
DA:110,0
DA:111,0
DA:117,0
DA:118,0
DA:122,0
DA:124,0
DA:130,0
DA:131,0
DA:145,0
DA:284,0
DA:286,0
LF:31
LH:0
BRDA:57,0,0,0
BRDA:57,0,1,0
BRDA:59,1,0,0
BRDA:59,1,1,0
BRDA:66,2,0,0
BRDA:66,2,1,0
BRDA:88,3,0,0
BRDA:88,3,1,0
BRDA:99,4,0,0
BRDA:99,4,1,0
BRDA:101,5,0,0
BRDA:101,5,1,0
BRDA:101,5,2,0
BRDA:102,6,0,0
BRDA:102,6,1,0
BRDA:102,7,0,0
BRDA:102,7,1,0
BRDA:110,8,0,0
BRDA:110,8,1,0
BRDA:117,9,0,0
BRDA:117,9,1,0
BRDA:118,10,0,0
BRDA:118,10,1,0
BRDA:165,11,0,0
BRDA:165,11,1,0
BRDA:247,12,0,0
BRDA:247,12,1,0
BRDA:247,12,2,0
BRF:28
BRH:0
end_of_record
TN:
SF:src/components/createMoment/MomentPreview.tsx
FN:24,(anonymous_0)
FNF:1
FNH:0
FNDA:0,(anonymous_0)
DA:23,0
DA:25,0
DA:27,0
DA:29,0
DA:116,0
DA:118,0
LF:6
LH:0
BRDA:25,0,0,0
BRDA:25,0,1,0
BRDA:25,0,2,0
BRDA:27,1,0,0
BRDA:27,1,1,0
BRDA:34,2,0,0
BRDA:34,2,1,0
BRDA:53,3,0,0
BRDA:53,3,1,0
BRDA:55,4,0,0
BRDA:55,4,1,0
BRDA:62,5,0,0
BRDA:62,5,1,0
BRDA:85,6,0,0
BRDA:85,6,1,0
BRDA:99,7,0,0
BRDA:99,7,1,0
BRF:17
BRH:0
end_of_record
TN:
SF:src/components/createMoment/PhotoSection.tsx
FN:29,(anonymous_0)
FN:30,(anonymous_1)
FN:31,(anonymous_2)
FN:83,(anonymous_3)
FN:90,(anonymous_4)
FN:91,(anonymous_5)
FNF:6
FNH:0
FNDA:0,(anonymous_0)
FNDA:0,(anonymous_1)
FNDA:0,(anonymous_2)
FNDA:0,(anonymous_3)
FNDA:0,(anonymous_4)
FNDA:0,(anonymous_5)
DA:28,0
DA:30,0
DA:31,0
DA:32,0
DA:33,0
DA:35,0
DA:36,0
DA:37,0
DA:41,0
DA:45,0
DA:46,0
DA:47,0
DA:51,0
DA:55,0
DA:69,0
DA:70,0
DA:73,0
DA:77,0
DA:78,0
DA:84,0
DA:85,0
DA:89,0
DA:90,0
DA:91,0
DA:97,0
DA:138,0
DA:140,0
LF:27
LH:0
BRDA:33,0,0,0
BRDA:33,0,1,0
BRDA:36,1,0,0
BRDA:36,1,1,0
BRDA:46,2,0,0
BRDA:46,2,1,0
BRDA:55,3,0,0
BRDA:55,3,1,0
BRDA:69,4,0,0
BRDA:69,4,1,0
BRDA:69,5,0,0
BRDA:69,5,1,0
BRDA:77,6,0,0
BRDA:77,6,1,0
BRDA:84,7,0,0
BRDA:84,7,1,0
BRDA:85,8,0,0
BRDA:85,8,1,0
BRDA:103,9,0,0
BRDA:103,9,1,0
BRDA:106,10,0,0
BRDA:106,10,1,0
BRF:22
BRH:0
end_of_record
TN:
SF:src/components/createMoment/StorySection.tsx
FN:18,(anonymous_0)
FNF:1
FNH:0
FNDA:0,(anonymous_0)
DA:17,0
DA:19,0
DA:45,0
DA:47,0
LF:4
LH:0
BRF:0
BRH:0
end_of_record
TN:
SF:src/components/createMoment/TitleInput.tsx
FN:17,(anonymous_0)
FNF:1
FNH:0
FNDA:0,(anonymous_0)
DA:16,0
DA:18,0
DA:39,0
DA:41,0
LF:4
LH:0
BRF:0
BRH:0
end_of_record
TN:
SF:src/components/createMoment/index.ts
FNF:0
FNH:0
LF:0
LH:0
BRF:0
BRH:0
end_of_record
TN:
SF:src/components/discover/DiscoverHeader.tsx
FN:22,(anonymous_0)
FNF:1
FNH:0
FNDA:0,(anonymous_0)
DA:21,0
DA:29,0
DA:96,0
DA:98,0
LF:4
LH:0
BRDA:67,0,0,0
BRDA:67,0,1,0
BRDA:71,1,0,0
BRDA:71,1,1,0
BRF:4
BRH:0
end_of_record
TN:
SF:src/components/discover/FilterModal.tsx
FN:40,(anonymous_0)
FN:59,(anonymous_1)
FN:68,(anonymous_2)
FN:107,(anonymous_3)
FN:115,(anonymous_4)
FN:140,(anonymous_5)
FN:147,(anonymous_6)
FN:185,(anonymous_7)
FN:193,(anonymous_8)
FN:219,(anonymous_9)
FN:227,(anonymous_10)
FN:228,(anonymous_11)
FNF:12
FNH:0
FNDA:0,(anonymous_0)
FNDA:0,(anonymous_1)
FNDA:0,(anonymous_2)
FNDA:0,(anonymous_3)
FNDA:0,(anonymous_4)
FNDA:0,(anonymous_5)
FNDA:0,(anonymous_6)
FNDA:0,(anonymous_7)
FNDA:0,(anonymous_8)
FNDA:0,(anonymous_9)
FNDA:0,(anonymous_10)
FNDA:0,(anonymous_11)
DA:39,0
DA:54,0
DA:55,0
DA:56,0
DA:57,0
DA:59,0
DA:60,0
DA:61,0
DA:62,0
DA:63,0
DA:64,0
DA:65,0
DA:68,0
DA:69,0
DA:70,0
DA:71,0
DA:72,0
DA:73,0
DA:76,0
DA:108,0
DA:115,0
DA:141,0
DA:147,0
DA:186,0
DA:193,0
DA:220,0
DA:228,0
DA:271,0
DA:273,0
LF:29
LH:0
BRDA:112,0,0,0
BRDA:112,0,1,0
BRDA:125,1,0,0
BRDA:125,1,1,0
BRDA:145,2,0,0
BRDA:145,2,1,0
BRDA:157,3,0,0
BRDA:157,3,1,0
BRDA:165,4,0,0
BRDA:165,4,1,0
BRDA:190,5,0,0
BRDA:190,5,1,0
BRDA:198,6,0,0
BRDA:198,6,1,0
BRDA:224,7,0,0
BRDA:224,7,1,0
BRDA:237,8,0,0
BRDA:237,8,1,0
BRF:18
BRH:0
end_of_record
TN:
SF:src/components/discover/LocationModal.tsx
FN:32,(anonymous_0)
FN:42,(anonymous_1)
FN:47,(anonymous_2)
FN:126,(anonymous_3)
FN:130,(anonymous_4)
FN:151,(anonymous_5)
FN:155,(anonymous_6)
FNF:7
FNH:0
FNDA:0,(anonymous_0)
FNDA:0,(anonymous_1)
FNDA:0,(anonymous_2)
FNDA:0,(anonymous_3)
FNDA:0,(anonymous_4)
FNDA:0,(anonymous_5)
FNDA:0,(anonymous_6)
DA:31,0
DA:40,0
DA:42,0
DA:43,0
DA:44,0
DA:47,0
DA:48,0
DA:49,0
DA:52,0
DA:127,0
DA:130,0
DA:152,0
DA:156,0
DA:178,0
DA:180,0
LF:15
LH:0
BRDA:123,0,0,0
BRDA:123,0,1,0
BRF:2
BRH:0
end_of_record
TN:
SF:src/components/discover/StoriesRow.tsx
FN:26,(anonymous_0)
FN:55,(anonymous_1)
FN:59,(anonymous_2)
FNF:3
FNH:0
FNDA:0,(anonymous_0)
FNDA:0,(anonymous_1)
FNDA:0,(anonymous_2)
DA:25,0
DA:27,0
DA:56,0
DA:59,0
DA:88,0
DA:90,0
LF:6
LH:0
BRDA:67,0,0,0
BRDA:67,0,1,0
BRDA:68,1,0,0
BRDA:68,1,1,0
BRDA:79,2,0,0
BRDA:79,2,1,0
BRF:6
BRH:0
end_of_record
TN:
SF:src/components/discover/constants.ts
FNF:0
FNH:0
DA:9,0
DA:25,0
DA:32,0
DA:62,0
DA:176,0
LF:5
LH:0
BRF:0
BRH:0
end_of_record
TN:
SF:src/components/discover/index.ts
FNF:0
FNH:0
LF:0
LH:0
BRF:0
BRH:0
end_of_record
TN:
SF:src/components/report/BaseReportScreen.tsx
FN:73,BaseReportScreen
FN:89,(anonymous_1)
FN:94,(anonymous_2)
FN:136,(anonymous_3)
FN:145,(anonymous_4)
FN:211,ReportSummaryCard
FNF:6
FNH:6
FNDA:26,BaseReportScreen
FNDA:1,(anonymous_1)
FNDA:104,(anonymous_2)
FNDA:104,(anonymous_3)
FNDA:5,(anonymous_4)
FNDA:2,ReportSummaryCard
DA:86,26
DA:87,26
DA:89,26
DA:90,1
DA:91,1
DA:94,26
DA:95,104
DA:100,26
DA:137,104
DA:138,104
DA:145,5
DA:215,2
DA:218,1
LF:13
LH:13
BRDA:79,0,0,25
BRDA:80,1,0,25
BRDA:81,2,0,25
BRDA:83,3,0,24
BRDA:90,4,0,0
BRDA:90,4,1,1
BRDA:95,5,0,104
BRDA:95,5,1,6
BRDA:96,6,0,104
BRDA:96,6,1,6
BRDA:143,7,0,104
BRDA:143,7,1,6
BRDA:151,8,0,104
BRDA:151,8,1,4
BRDA:153,9,0,104
BRDA:153,9,1,100
BRDA:191,10,0,26
BRDA:191,10,1,20
BRF:18
BRH:17
end_of_record
TN:
SF:src/components/report/index.ts
FNF:0
FNH:0
LF:0
LH:0
BRF:0
BRH:0
end_of_record
TN:
SF:src/components/ui/AdvancedFilterPanel.tsx
FN:54,(anonymous_0)
FN:69,(anonymous_1)
FN:75,(anonymous_2)
FN:80,(anonymous_3)
FN:81,(anonymous_4)
FN:87,(anonymous_5)
FN:88,(anonymous_6)
FN:94,(anonymous_7)
FN:95,(anonymous_8)
FN:123,(anonymous_9)
FN:137,(anonymous_10)
FN:167,(anonymous_11)
FN:183,(anonymous_12)
FN:205,(anonymous_13)
FN:219,(anonymous_14)
FNF:15
FNH:0
FNDA:0,(anonymous_0)
FNDA:0,(anonymous_1)
FNDA:0,(anonymous_2)
FNDA:0,(anonymous_3)
FNDA:0,(anonymous_4)
FNDA:0,(anonymous_5)
FNDA:0,(anonymous_6)
FNDA:0,(anonymous_7)
FNDA:0,(anonymous_8)
FNDA:0,(anonymous_9)
FNDA:0,(anonymous_10)
FNDA:0,(anonymous_11)
FNDA:0,(anonymous_12)
FNDA:0,(anonymous_13)
FNDA:0,(anonymous_14)
DA:29,0
DA:40,0
DA:47,0
DA:54,0
DA:58,0
DA:59,0
DA:65,0
DA:67,0
DA:69,0
DA:70,0
DA:71,0
DA:72,0
DA:75,0
DA:76,0
DA:77,0
DA:80,0
DA:81,0
DA:87,0
DA:88,0
DA:94,0
DA:95,0
DA:102,0
DA:104,0
DA:124,0
DA:125,0
DA:137,0
DA:169,0
DA:171,0
DA:183,0
DA:206,0
DA:207,0
DA:219,0
DA:255,0
LF:33
LH:0
BRDA:83,0,0,0
BRDA:83,0,1,0
BRDA:90,1,0,0
BRDA:90,1,1,0
BRDA:131,2,0,0
BRDA:131,2,1,0
BRDA:134,3,0,0
BRDA:134,3,1,0
BRDA:144,4,0,0
BRDA:144,4,1,0
BRDA:150,5,0,0
BRDA:150,5,1,0
BRDA:169,6,0,0
BRDA:169,6,1,0
BRDA:177,7,0,0
BRDA:177,7,1,0
BRDA:180,8,0,0
BRDA:180,8,1,0
BRDA:188,9,0,0
BRDA:188,9,1,0
BRDA:213,10,0,0
BRDA:213,10,1,0
BRDA:216,11,0,0
BRDA:216,11,1,0
BRDA:224,12,0,0
BRDA:224,12,1,0
BRDA:246,13,0,0
BRDA:246,13,1,0
BRF:28
BRH:0
end_of_record
TN:
SF:src/components/ui/Avatar.tsx
FN:66,Avatar
FN:79,(anonymous_1)
FN:82,(anonymous_2)
FNF:3
FNH:0
FNDA:0,Avatar
FNDA:0,(anonymous_1)
FNDA:0,(anonymous_2)
DA:33,0
DA:66,0
DA:75,0
DA:76,0
DA:77,0
DA:79,0
DA:80,0
DA:82,0
DA:88,0
DA:165,0
LF:10
LH:0
BRDA:69,0,0,0
BRDA:70,1,0,0
BRDA:71,2,0,0
BRDA:72,3,0,0
BRDA:91,4,0,0
BRDA:91,4,1,0
BRDA:93,5,0,0
BRDA:93,5,1,0
BRDA:123,6,0,0
BRDA:123,6,1,0
BRDA:128,7,0,0
BRDA:128,7,1,0
BRDA:143,8,0,0
BRDA:143,8,1,0
BRF:14
BRH:0
end_of_record
TN:
SF:src/components/ui/Badge.tsx
FN:25,Badge
FN:33,(anonymous_1)
FN:50,(anonymous_2)
FN:117,NotificationBadge
FNF:4
FNH:4
FNDA:14,Badge
FNDA:14,(anonymous_1)
FNDA:14,(anonymous_2)
FNDA:8,NotificationBadge
DA:25,1
DA:33,14
DA:34,14
DA:36,1
DA:38,1
DA:40,1
DA:42,1
DA:44,1
DA:46,9
DA:50,14
DA:56,14
DA:58,1
DA:60,12
DA:62,1
DA:64,0
DA:68,14
DA:69,14
DA:71,14
DA:116,1
DA:118,8
DA:120,6
DA:122,6
DA:130,1
LF:23
LH:22
BRDA:27,0,0,9
BRDA:28,1,0,11
BRDA:30,2,0,12
BRDA:34,3,0,1
BRDA:34,3,1,1
BRDA:34,3,2,1
BRDA:34,3,3,1
BRDA:34,3,4,1
BRDA:34,3,5,9
BRDA:56,4,0,1
BRDA:56,4,1,12
BRDA:56,4,2,1
BRDA:56,4,3,0
BRDA:83,5,0,14
BRDA:83,5,1,1
BRDA:86,6,0,14
BRDA:86,6,1,1
BRDA:117,7,0,5
BRDA:118,8,0,2
BRDA:118,8,1,6
BRDA:120,9,0,3
BRDA:120,9,1,3
BRF:22
BRH:21
end_of_record
TN:
SF:src/components/ui/Button.tsx
FN:33,(anonymous_0)
FN:48,(anonymous_1)
FN:88,(anonymous_2)
FN:101,(anonymous_3)
FN:118,(anonymous_4)
FN:131,(anonymous_5)
FNF:6
FNH:6
FNDA:22,(anonymous_0)
FNDA:22,(anonymous_1)
FNDA:22,(anonymous_2)
FNDA:22,(anonymous_3)
FNDA:20,(anonymous_4)
FNDA:2,(anonymous_5)
DA:33,1
DA:48,22
DA:49,22
DA:50,2
DA:56,20
DA:58,16
DA:63,1
DA:68,1
DA:74,1
DA:79,1
DA:84,0
DA:88,22
DA:89,22
DA:91,1
DA:93,20
DA:95,1
DA:97,0
DA:101,22
DA:102,22
DA:104,20
DA:106,16
DA:108,1
DA:112,3
DA:114,0
DA:118,22
DA:119,20
DA:121,1
DA:123,18
DA:125,1
DA:127,0
DA:131,22
DA:132,2
DA:134,0
DA:136,2
DA:138,0
DA:140,0
DA:144,22
DA:147,22
DA:153,22
DA:205,1
LF:40
LH:33
BRDA:36,0,0,17
BRDA:37,1,0,19
BRDA:38,2,0,20
BRDA:39,3,0,20
BRDA:40,4,0,21
BRDA:42,5,0,20
BRDA:49,6,0,2
BRDA:49,6,1,20
BRDA:56,7,0,16
BRDA:56,7,1,1
BRDA:56,7,2,1
BRDA:56,7,3,1
BRDA:56,7,4,1
BRDA:56,7,5,0
BRDA:89,8,0,1
BRDA:89,8,1,20
BRDA:89,8,2,1
BRDA:89,8,3,0
BRDA:102,9,0,2
BRDA:102,9,1,20
BRDA:104,10,0,16
BRDA:104,10,1,1
BRDA:104,10,2,1
BRDA:104,10,3,2
BRDA:104,10,4,3
BRDA:104,10,5,0
BRDA:119,11,0,1
BRDA:119,11,1,18
BRDA:119,11,2,1
BRDA:119,11,3,0
BRDA:132,12,0,0
BRDA:132,12,1,2
BRDA:132,12,2,0
BRDA:132,12,3,0
BRDA:148,13,0,22
BRDA:148,13,1,22
BRDA:149,14,0,22
BRDA:149,14,1,21
BRDA:149,15,0,2
BRDA:149,15,1,19
BRDA:150,16,0,22
BRDA:150,16,1,20
BRDA:156,17,0,22
BRDA:156,17,1,20
BRDA:161,18,0,22
BRDA:161,18,1,20
BRDA:166,19,0,22
BRDA:166,19,1,1
BRDA:170,20,0,2
BRDA:170,20,1,20
BRDA:174,21,0,20
BRDA:174,21,1,2
BRDA:174,21,2,1
BRDA:191,22,0,20
BRDA:191,22,1,2
BRDA:191,22,2,1
BRF:56
BRH:49
end_of_record
TN:
SF:src/components/ui/Card.tsx
FN:53,(anonymous_0)
FN:55,(anonymous_1)
FN:82,(anonymous_2)
FN:107,(anonymous_3)
FNF:4
FNH:4
FNDA:22,(anonymous_0)
FNDA:21,(anonymous_1)
FNDA:20,(anonymous_2)
FNDA:3,(anonymous_3)
DA:52,1
DA:55,22
DA:56,21
DA:58,16
DA:67,4
DA:73,1
DA:77,0
DA:82,22
DA:83,20
DA:85,1
DA:87,2
DA:89,15
DA:91,2
DA:93,0
DA:98,22
DA:103,22
DA:104,3
DA:107,3
DA:115,19
DA:119,1
DA:121,1
LF:21
LH:19
BRDA:53,0,0,14
BRDA:53,1,0,17
BRDA:56,2,0,16
BRDA:56,2,1,4
BRDA:56,2,2,1
BRDA:56,2,3,0
BRDA:83,3,0,1
BRDA:83,3,1,2
BRDA:83,3,2,15
BRDA:83,3,3,2
BRDA:83,3,4,0
BRDA:103,4,0,3
BRDA:103,4,1,19
BRDA:107,5,0,0
BRDA:107,5,1,3
BRF:15
BRH:12
end_of_record
TN:
SF:src/components/ui/ControlledInput.tsx
FN:59,InputWithValidation
FN:73,(anonymous_1)
FN:75,(anonymous_2)
FN:76,(anonymous_3)
FN:82,(anonymous_4)
FN:87,(anonymous_5)
FN:108,ControlledInput
FN:125,(anonymous_7)
FN:136,(anonymous_8)
FN:137,(anonymous_9)
FNF:10
FNH:0
FNDA:0,InputWithValidation
FNDA:0,(anonymous_1)
FNDA:0,(anonymous_2)
FNDA:0,(anonymous_3)
FNDA:0,(anonymous_4)
FNDA:0,(anonymous_5)
FNDA:0,ControlledInput
FNDA:0,(anonymous_7)
FNDA:0,(anonymous_8)
FNDA:0,(anonymous_9)
DA:69,0
DA:70,0
DA:73,0
DA:74,0
DA:75,0
DA:76,0
DA:78,0
DA:82,0
DA:83,0
DA:84,0
DA:87,0
DA:88,0
DA:89,0
DA:91,0
DA:94,0
DA:121,0
DA:129,0
DA:131,0
DA:136,0
DA:137,0
LF:20
LH:0
BRDA:69,0,0,0
BRDA:69,0,1,0
BRDA:74,1,0,0
BRDA:74,1,1,0
BRDA:74,2,0,0
BRDA:74,2,1,0
BRDA:88,3,0,0
BRDA:88,3,1,0
BRDA:95,4,0,0
BRDA:95,4,1,0
BRDA:100,5,0,0
BRDA:100,5,1,0
BRDA:101,6,0,0
BRDA:101,6,1,0
BRDA:101,6,2,0
BRDA:101,6,3,0
BRDA:129,7,0,0
BRDA:129,7,1,0
BRDA:135,8,0,0
BRDA:135,8,1,0
BRF:20
BRH:0
end_of_record
TN:
SF:src/components/ui/Divider.tsx
FN:36,Divider
FN:41,(anonymous_1)
FNF:2
FNH:0
FNDA:0,Divider
FNDA:0,(anonymous_1)
DA:36,0
DA:41,0
DA:42,0
DA:44,0
DA:46,0
DA:48,0
DA:50,0
DA:54,0
DA:56,0
DA:57,0
DA:72,0
DA:77,0
LF:12
LH:0
BRDA:38,0,0,0
BRDA:42,1,0,0
BRDA:42,1,1,0
BRDA:42,1,2,0
BRDA:42,1,3,0
BRDA:56,2,0,0
BRDA:56,2,1,0
BRF:7
BRH:0
end_of_record
TN:
SF:src/components/ui/EmptyState.tsx
FN:17,(anonymous_0)
FNF:1
FNH:1
FNDA:13,(anonymous_0)
DA:17,1
DA:25,13
DA:49,1
LF:3
LH:3
BRDA:18,0,0,11
BRDA:35,1,0,13
BRDA:35,1,1,3
BRDA:36,2,0,13
BRDA:36,2,1,4
BRDA:36,2,2,3
BRF:6
BRH:6
end_of_record
TN:
SF:src/components/ui/EnhancedLoginForm.tsx
FN:24,(anonymous_0)
FN:28,(anonymous_1)
FN:29,(anonymous_2)
FN:44,(anonymous_3)
FNF:4
FNH:0
FNDA:0,(anonymous_0)
FNDA:0,(anonymous_1)
FNDA:0,(anonymous_2)
FNDA:0,(anonymous_3)
DA:24,0
DA:27,0
DA:28,0
DA:29,0
DA:35,0
DA:44,0
DA:45,0
DA:46,0
DA:47,0
DA:48,0
DA:50,0
DA:54,0
DA:107,0
LF:13
LH:0
BRDA:50,0,0,0
BRDA:50,0,1,0
BRDA:84,1,0,0
BRDA:84,1,1,0
BRDA:84,1,2,0
BRDA:84,1,3,0
BRDA:87,2,0,0
BRDA:87,2,1,0
BRDA:87,2,2,0
BRDA:91,3,0,0
BRDA:91,3,1,0
BRDA:96,4,0,0
BRDA:96,4,1,0
BRDA:99,5,0,0
BRDA:99,5,1,0
BRDA:99,6,0,0
BRDA:99,6,1,0
BRF:17
BRH:0
end_of_record
TN:
SF:src/components/ui/EnhancedSearchBar.tsx
FN:37,(anonymous_0)
FN:60,(anonymous_1)
FN:66,(anonymous_2)
FN:76,(anonymous_3)
FN:81,(anonymous_4)
FN:115,(anonymous_5)
FN:116,(anonymous_6)
FN:116,(anonymous_7)
FN:117,(anonymous_8)
FN:156,(anonymous_9)
FN:157,(anonymous_10)
FN:161,(anonymous_11)
FN:175,(anonymous_12)
FNF:13
FNH:0
FNDA:0,(anonymous_0)
FNDA:0,(anonymous_1)
FNDA:0,(anonymous_2)
FNDA:0,(anonymous_3)
FNDA:0,(anonymous_4)
FNDA:0,(anonymous_5)
FNDA:0,(anonymous_6)
FNDA:0,(anonymous_7)
FNDA:0,(anonymous_8)
FNDA:0,(anonymous_9)
FNDA:0,(anonymous_10)
FNDA:0,(anonymous_11)
FNDA:0,(anonymous_12)
DA:37,0
DA:42,0
DA:43,0
DA:44,0
DA:53,0
DA:55,0
DA:56,0
DA:57,0
DA:60,0
DA:61,0
DA:62,0
DA:66,0
DA:67,0
DA:69,0
DA:70,0
DA:71,0
DA:72,0
DA:73,0
DA:76,0
DA:77,0
DA:78,0
DA:81,0
DA:82,0
DA:83,0
DA:84,0
DA:87,0
DA:89,0
DA:115,0
DA:116,0
DA:117,0
DA:156,0
DA:158,0
DA:161,0
DA:175,0
DA:199,0
LF:35
LH:0
BRDA:40,0,0,0
BRDA:61,1,0,0
BRDA:61,1,1,0
BRDA:61,2,0,0
BRDA:61,2,1,0
BRDA:66,3,0,0
BRDA:67,4,0,0
BRDA:67,4,1,0
BRDA:87,5,0,0
BRDA:87,5,1,0
BRDA:87,5,2,0
BRDA:97,6,0,0
BRDA:97,6,1,0
BRDA:111,7,0,0
BRDA:111,7,1,0
BRDA:124,8,0,0
BRDA:124,8,1,0
BRDA:136,9,0,0
BRDA:136,9,1,0
BRF:19
BRH:0
end_of_record
TN:
SF:src/components/ui/GenericBottomSheet.tsx
FN:97,(anonymous_0)
FN:133,(anonymous_1)
FN:134,(anonymous_2)
FN:136,(anonymous_3)
FN:141,(anonymous_4)
FN:156,(anonymous_5)
FN:172,(anonymous_6)
FN:185,(anonymous_7)
FN:191,(anonymous_8)
FN:194,(anonymous_9)
FN:200,(anonymous_10)
FN:208,(anonymous_11)
FN:214,(anonymous_12)
FN:345,(anonymous_13)
FN:425,SelectionBottomSheet
FN:442,(anonymous_15)
FN:450,(anonymous_16)
FNF:17
FNH:0
FNDA:0,(anonymous_0)
FNDA:0,(anonymous_1)
FNDA:0,(anonymous_2)
FNDA:0,(anonymous_3)
FNDA:0,(anonymous_4)
FNDA:0,(anonymous_5)
FNDA:0,(anonymous_6)
FNDA:0,(anonymous_7)
FNDA:0,(anonymous_8)
FNDA:0,(anonymous_9)
FNDA:0,(anonymous_10)
FNDA:0,(anonymous_11)
FNDA:0,(anonymous_12)
FNDA:0,(anonymous_13)
FNDA:0,SelectionBottomSheet
FNDA:0,(anonymous_15)
FNDA:0,(anonymous_16)
DA:33,0
DA:44,0
DA:93,0
DA:118,0
DA:119,0
DA:120,0
DA:124,0
DA:131,0
DA:133,0
DA:135,0
DA:137,0
DA:138,0
DA:142,0
DA:143,0
DA:145,0
DA:156,0
DA:157,0
DA:172,0
DA:173,0
DA:186,0
DA:191,0
DA:195,0
DA:201,0
DA:208,0
DA:209,0
DA:210,0
DA:214,0
DA:215,0
DA:216,0
DA:220,0
DA:223,0
DA:279,0
DA:325,0
DA:345,0
DA:356,0
DA:433,0
DA:443,0
DA:451,0
DA:452,0
DA:453,0
DA:502,0
DA:567,0
DA:613,0
LF:43
LH:0
BRDA:103,0,0,0
BRDA:105,1,0,0
BRDA:106,2,0,0
BRDA:107,3,0,0
BRDA:108,4,0,0
BRDA:111,5,0,0
BRDA:112,6,0,0
BRDA:124,7,0,0
BRDA:124,7,1,0
BRDA:126,8,0,0
BRDA:126,8,1,0
BRDA:128,9,0,0
BRDA:128,9,1,0
BRDA:135,10,0,0
BRDA:135,10,1,0
BRDA:137,11,0,0
BRDA:137,11,1,0
BRDA:142,12,0,0
BRDA:142,12,1,0
BRDA:142,13,0,0
BRDA:142,13,1,0
BRDA:175,14,0,0
BRDA:175,14,1,0
BRDA:209,15,0,0
BRDA:209,15,1,0
BRDA:215,16,0,0
BRDA:215,16,1,0
BRDA:220,17,0,0
BRDA:220,17,1,0
BRDA:225,18,0,0
BRDA:225,18,1,0
BRDA:232,19,0,0
BRDA:232,19,1,0
BRDA:234,20,0,0
BRDA:234,20,1,0
BRDA:234,20,2,0
BRDA:237,21,0,0
BRDA:237,21,1,0
BRDA:242,22,0,0
BRDA:242,22,1,0
BRDA:244,23,0,0
BRDA:244,23,1,0
BRDA:271,24,0,0
BRDA:271,24,1,0
BRDA:272,25,0,0
BRDA:272,25,1,0
BRDA:298,26,0,0
BRDA:298,26,1,0
BRDA:303,27,0,0
BRDA:303,27,1,0
BRDA:308,28,0,0
BRDA:308,28,1,0
BRDA:310,29,0,0
BRDA:310,29,1,0
BRDA:351,30,0,0
BRDA:352,31,0,0
BRDA:353,32,0,0
BRDA:354,33,0,0
BRDA:382,34,0,0
BRDA:382,34,1,0
BRDA:391,35,0,0
BRDA:391,35,1,0
BRDA:394,36,0,0
BRDA:394,36,1,0
BRDA:447,37,0,0
BRDA:447,37,1,0
BRDA:448,38,0,0
BRDA:448,38,1,0
BRDA:451,39,0,0
BRDA:451,39,1,0
BRDA:463,40,0,0
BRDA:463,40,1,0
BRDA:469,41,0,0
BRDA:469,41,1,0
BRDA:477,42,0,0
BRDA:477,42,1,0
BRDA:482,43,0,0
BRDA:482,43,1,0
BRDA:488,44,0,0
BRDA:488,44,1,0
BRF:80
BRH:0
end_of_record
TN:
SF:src/components/ui/ImagePicker.tsx
FN:44,(anonymous_0)
FN:54,(anonymous_1)
FN:69,(anonymous_2)
FN:79,(anonymous_3)
FN:101,(anonymous_4)
FN:111,(anonymous_5)
FN:127,(anonymous_6)
FN:128,(anonymous_7)
FN:128,(anonymous_8)
FN:155,(anonymous_9)
FN:162,(anonymous_10)
FNF:11
FNH:0
FNDA:0,(anonymous_0)
FNDA:0,(anonymous_1)
FNDA:0,(anonymous_2)
FNDA:0,(anonymous_3)
FNDA:0,(anonymous_4)
FNDA:0,(anonymous_5)
FNDA:0,(anonymous_6)
FNDA:0,(anonymous_7)
FNDA:0,(anonymous_8)
FNDA:0,(anonymous_9)
FNDA:0,(anonymous_10)
DA:44,0
DA:51,0
DA:52,0
DA:54,0
DA:55,0
DA:56,0
DA:61,0
DA:62,0
DA:63,0
DA:64,0
DA:65,0
DA:68,0
DA:69,0
DA:71,0
DA:75,0
DA:79,0
DA:80,0
DA:81,0
DA:88,0
DA:90,0
DA:91,0
DA:92,0
DA:93,0
DA:94,0
DA:96,0
DA:100,0
DA:101,0
DA:103,0
DA:107,0
DA:111,0
DA:112,0
DA:114,0
DA:115,0
DA:116,0
DA:117,0
DA:121,0
DA:127,0
DA:128,0
DA:131,0
DA:156,0
DA:162,0
DA:215,0
LF:42
LH:0
BRDA:46,0,0,0
BRDA:47,1,0,0
BRDA:48,2,0,0
BRDA:49,3,0,0
BRDA:61,4,0,0
BRDA:61,4,1,0
BRDA:63,5,0,0
BRDA:63,5,1,0
BRDA:68,6,0,0
BRDA:68,6,1,0
BRDA:85,7,0,0
BRDA:85,7,1,0
BRDA:88,8,0,0
BRDA:88,8,1,0
BRDA:93,9,0,0
BRDA:93,9,1,0
BRDA:100,10,0,0
BRDA:100,10,1,0
BRDA:112,11,0,0
BRDA:112,11,1,0
BRDA:153,12,0,0
BRDA:153,12,1,0
BRDA:153,12,2,0
BRDA:173,13,0,0
BRDA:173,13,1,0
BRDA:185,14,0,0
BRDA:185,14,1,0
BRDA:203,15,0,0
BRDA:203,15,1,0
BRDA:203,15,2,0
BRDA:207,16,0,0
BRDA:207,16,1,0
BRF:32
BRH:0
end_of_record
TN:
SF:src/components/ui/Input.tsx
FN:72,(anonymous_0)
FN:91,(anonymous_1)
FN:99,(anonymous_2)
FN:106,(anonymous_3)
FN:113,(anonymous_4)
FN:113,(anonymous_5)
FNF:6
FNH:6
FNDA:24,(anonymous_0)
FNDA:22,(anonymous_1)
FNDA:2,(anonymous_2)
FNDA:1,(anonymous_3)
FNDA:2,(anonymous_4)
FNDA:2,(anonymous_5)
DA:71,1
DA:85,24
DA:86,24
DA:88,24
DA:91,24
DA:92,22
DA:93,18
DA:94,16
DA:98,24
DA:100,2
DA:101,2
DA:105,24
DA:107,1
DA:108,1
DA:112,24
DA:113,2
DA:117,24
DA:191,1
DA:193,1
LF:19
LH:19
BRDA:92,0,0,4
BRDA:92,0,1,18
BRDA:93,1,0,2
BRDA:93,1,1,16
BRDA:119,2,0,24
BRDA:119,2,1,2
BRDA:125,3,0,24
BRDA:125,3,1,2
BRDA:126,4,0,24
BRDA:126,4,1,4
BRDA:129,5,0,24
BRDA:129,5,1,1
BRDA:133,6,0,0
BRDA:133,6,1,1
BRDA:142,7,0,24
BRDA:142,7,1,1
BRDA:143,8,0,24
BRDA:143,8,1,22
BRDA:143,8,2,6
BRDA:148,9,0,24
BRDA:148,9,1,4
BRDA:153,10,0,24
BRDA:153,10,1,4
BRDA:158,11,0,1
BRDA:158,11,1,3
BRDA:162,12,0,1
BRDA:162,12,1,3
BRDA:169,13,0,24
BRDA:169,13,1,2
BRDA:169,13,2,2
BRDA:184,14,0,24
BRDA:184,14,1,4
BRDA:185,15,0,24
BRDA:185,15,1,3
BRDA:185,15,2,2
BRF:35
BRH:34
end_of_record
TN:
SF:src/components/ui/LazyImage.tsx
FN:46,LazyImage
FN:66,(anonymous_1)
FN:74,(anonymous_2)
FNF:3
FNH:0
FNDA:0,LazyImage
FNDA:0,(anonymous_1)
FNDA:0,(anonymous_2)
DA:46,0
DA:56,0
DA:57,0
DA:61,0
DA:66,0
DA:67,0
DA:69,0
DA:70,0
DA:74,0
DA:75,0
DA:79,0
DA:80,0
DA:81,0
DA:85,0
DA:93,0
DA:94,0
DA:95,0
DA:101,0
DA:102,0
DA:112,0
DA:131,0
LF:21
LH:0
BRDA:51,0,0,0
BRDA:52,1,0,0
BRDA:57,2,0,0
BRDA:57,2,1,0
BRDA:61,3,0,0
BRDA:61,3,1,0
BRDA:61,3,2,0
BRDA:61,3,3,0
BRDA:69,4,0,0
BRDA:69,4,1,0
BRDA:69,5,0,0
BRDA:69,5,1,0
BRDA:69,5,2,0
BRDA:79,6,0,0
BRDA:79,6,1,0
BRDA:80,7,0,0
BRDA:80,7,1,0
BRDA:93,8,0,0
BRDA:93,8,1,0
BRDA:93,9,0,0
BRDA:93,9,1,0
BRDA:94,10,0,0
BRDA:94,10,1,0
BRDA:101,11,0,0
BRDA:101,11,1,0
BRDA:117,12,0,0
BRDA:117,12,1,0
BRDA:120,13,0,0
BRDA:120,13,1,0
BRDA:122,14,0,0
BRDA:122,14,1,0
BRDA:122,14,2,0
BRF:32
BRH:0
end_of_record
TN:
SF:src/components/ui/LoadingSpinner.tsx
FN:15,LoadingSpinner
FNF:1
FNH:0
FNDA:0,LoadingSpinner
DA:14,0
DA:23,0
DA:29,0
DA:30,0
DA:33,0
DA:37,0
LF:6
LH:0
BRDA:16,0,0,0
BRDA:17,1,0,0
BRDA:19,2,0,0
BRDA:25,3,0,0
BRDA:25,3,1,0
BRDA:29,4,0,0
BRDA:29,4,1,0
BRF:7
BRH:0
end_of_record
TN:
SF:src/components/ui/LoginForm.tsx
FN:24,(anonymous_0)
FN:34,(anonymous_1)
FN:35,(anonymous_2)
FN:40,(anonymous_3)
FN:64,(anonymous_4)
FN:79,(anonymous_5)
FNF:6
FNH:0
FNDA:0,(anonymous_0)
FNDA:0,(anonymous_1)
FNDA:0,(anonymous_2)
FNDA:0,(anonymous_3)
FNDA:0,(anonymous_4)
FNDA:0,(anonymous_5)
DA:24,0
DA:25,0
DA:29,0
DA:31,0
DA:32,0
DA:34,0
DA:35,0
DA:37,0
DA:40,0
DA:42,0
DA:43,0
DA:44,0
DA:47,0
DA:48,0
DA:49,0
DA:50,0
DA:52,0
DA:54,0
DA:58,0
DA:64,0
DA:79,0
DA:103,0
LF:22
LH:0
BRDA:42,0,0,0
BRDA:42,0,1,0
BRDA:52,1,0,0
BRDA:52,1,1,0
BRDA:89,2,0,0
BRDA:89,2,1,0
BRDA:96,3,0,0
BRDA:96,3,1,0
BRF:8
BRH:0
end_of_record
TN:
SF:src/components/ui/MemoizedMomentCard.tsx
FN:39,(anonymous_0)
FN:40,(anonymous_1)
FN:44,(anonymous_2)
FN:186,(anonymous_3)
FN:215,(anonymous_4)
FN:225,(anonymous_5)
FN:279,(anonymous_6)
FNF:7
FNH:0
FNDA:0,(anonymous_0)
FNDA:0,(anonymous_1)
FNDA:0,(anonymous_2)
FNDA:0,(anonymous_3)
FNDA:0,(anonymous_4)
FNDA:0,(anonymous_5)
FNDA:0,(anonymous_6)
DA:22,0
DA:23,0
DA:24,0
DA:38,0
DA:40,0
DA:41,0
DA:44,0
DA:45,0
DA:48,0
DA:49,0
DA:50,0
DA:53,0
DA:54,0
DA:55,0
DA:56,0
DA:60,0
DA:64,0
DA:187,0
DA:198,0
DA:214,0
DA:225,0
DA:226,0
DA:229,0
DA:280,0
DA:290,0
DA:292,0
LF:26
LH:0
BRDA:39,0,0,0
BRDA:39,1,0,0
BRDA:49,2,0,0
BRDA:49,2,1,0
BRDA:50,3,0,0
BRDA:50,3,1,0
BRDA:53,4,0,0
BRDA:53,4,1,0
BRDA:54,5,0,0
BRDA:54,5,1,0
BRDA:60,6,0,0
BRDA:60,6,1,0
BRDA:76,7,0,0
BRDA:76,7,1,0
BRDA:82,8,0,0
BRDA:82,8,1,0
BRDA:90,9,0,0
BRDA:90,9,1,0
BRDA:94,10,0,0
BRDA:94,10,1,0
BRDA:95,11,0,0
BRDA:95,11,1,0
BRDA:96,12,0,0
BRDA:96,12,1,0
BRDA:102,13,0,0
BRDA:102,13,1,0
BRDA:112,14,0,0
BRDA:112,14,1,0
BRDA:113,15,0,0
BRDA:113,15,1,0
BRDA:119,16,0,0
BRDA:119,16,1,0
BRDA:119,16,2,0
BRDA:121,17,0,0
BRDA:121,17,1,0
BRDA:127,18,0,0
BRDA:127,18,1,0
BRDA:138,19,0,0
BRDA:138,19,1,0
BRDA:142,20,0,0
BRDA:142,20,1,0
BRDA:146,21,0,0
BRDA:146,21,1,0
BRDA:149,22,0,0
BRDA:149,22,1,0
BRDA:151,23,0,0
BRDA:151,23,1,0
BRDA:158,24,0,0
BRDA:158,24,1,0
BRDA:162,25,0,0
BRDA:162,25,1,0
BRDA:168,26,0,0
BRDA:168,26,1,0
BRDA:176,27,0,0
BRDA:176,27,1,0
BRDA:188,28,0,0
BRDA:188,28,1,0
BRDA:188,28,2,0
BRDA:188,28,3,0
BRDA:188,28,4,0
BRDA:188,28,5,0
BRDA:221,29,0,0
BRDA:239,30,0,0
BRDA:239,30,1,0
BRDA:248,31,0,0
BRDA:248,31,1,0
BRDA:261,32,0,0
BRDA:261,32,1,0
BRDA:269,33,0,0
BRDA:269,33,1,0
BRDA:272,34,0,0
BRDA:272,34,1,0
BRDA:281,35,0,0
BRDA:281,35,1,0
BRDA:281,35,2,0
BRDA:281,35,3,0
BRDA:281,35,4,0
BRF:77
BRH:0
end_of_record
TN:
SF:src/components/ui/OptimizedFlatList.tsx
FN:18,(anonymous_0)
FN:26,(anonymous_1)
FN:27,(anonymous_2)
FN:59,OptimizedFlatListInner
FN:77,(anonymous_4)
FN:92,(anonymous_5)
FN:103,(anonymous_6)
FN:153,useOptimizedRenderItem
FN:158,(anonymous_8)
FN:169,useInfiniteScroll
FN:182,(anonymous_10)
FN:187,(anonymous_11)
FNF:12
FNH:0
FNDA:0,(anonymous_0)
FNDA:0,(anonymous_1)
FNDA:0,(anonymous_2)
FNDA:0,OptimizedFlatListInner
FNDA:0,(anonymous_4)
FNDA:0,(anonymous_5)
FNDA:0,(anonymous_6)
FNDA:0,useOptimizedRenderItem
FNDA:0,(anonymous_8)
FNDA:0,useInfiniteScroll
FNDA:0,(anonymous_10)
FNDA:0,(anonymous_11)
DA:18,0
DA:22,0
DA:26,0
DA:27,0
DA:77,0
DA:78,0
DA:79,0
DA:81,0
DA:85,0
DA:91,0
DA:93,0
DA:102,0
DA:104,0
DA:112,0
DA:143,0
DA:157,0
DA:159,0
DA:180,0
DA:182,0
DA:183,0
DA:184,0
DA:185,0
DA:187,0
DA:188,0
DA:193,0
DA:199,0
LF:26
LH:0
BRDA:22,0,0,0
BRDA:22,0,1,0
BRDA:26,1,0,0
BRDA:64,2,0,0
BRDA:65,3,0,0
BRDA:67,4,0,0
BRDA:68,5,0,0
BRDA:69,6,0,0
BRDA:70,7,0,0
BRDA:78,8,0,0
BRDA:78,8,1,0
BRDA:104,9,0,0
BRDA:104,9,1,0
BRDA:155,10,0,0
BRDA:173,11,0,0
BRDA:183,12,0,0
BRDA:183,12,1,0
BRDA:183,13,0,0
BRDA:183,13,1,0
BRDA:183,13,2,0
BRF:20
BRH:0
end_of_record
TN:
SF:src/components/ui/OptimizedListItem.tsx
FN:26,(anonymous_0)
FN:27,(anonymous_1)
FN:58,(anonymous_2)
FNF:3
FNH:0
FNDA:0,(anonymous_0)
FNDA:0,(anonymous_1)
FNDA:0,(anonymous_2)
DA:25,0
DA:27,0
DA:28,0
DA:31,0
DA:59,0
DA:68,0
DA:70,0
LF:7
LH:0
BRDA:37,0,0,0
BRDA:37,0,1,0
BRDA:48,1,0,0
BRDA:48,1,1,0
BRDA:60,2,0,0
BRDA:60,2,1,0
BRDA:60,2,2,0
BRDA:60,2,3,0
BRF:8
BRH:0
end_of_record
TN:
SF:src/components/ui/PasswordInput.tsx
FN:18,(anonymous_0)
FN:21,(anonymous_1)
FN:22,(anonymous_2)
FNF:3
FNH:0
FNDA:0,(anonymous_0)
FNDA:0,(anonymous_1)
FNDA:0,(anonymous_2)
DA:18,0
DA:19,0
DA:21,0
DA:22,0
DA:25,0
LF:5
LH:0
BRDA:29,0,0,0
BRDA:29,0,1,0
BRF:2
BRH:0
end_of_record
TN:
SF:src/components/ui/Skeleton.tsx
FN:44,(anonymous_0)
FN:52,(anonymous_1)
FN:70,(anonymous_2)
FNF:3
FNH:0
FNDA:0,(anonymous_0)
FNDA:0,(anonymous_1)
FNDA:0,(anonymous_2)
DA:44,0
DA:50,0
DA:52,0
DA:53,0
DA:68,0
DA:70,0
DA:73,0
DA:78,0
DA:94,0
LF:9
LH:0
BRDA:45,0,0,0
BRDA:46,1,0,0
BRDA:47,2,0,0
BRF:3
BRH:0
end_of_record
TN:
SF:src/components/ui/SkeletonLoader.tsx
FN:14,SkeletonLoader
FN:22,(anonymous_1)
FN:39,(anonymous_2)
FN:65,(anonymous_3)
FN:76,(anonymous_4)
FNF:5
FNH:0
FNDA:0,SkeletonLoader
FNDA:0,(anonymous_1)
FNDA:0,(anonymous_2)
FNDA:0,(anonymous_3)
FNDA:0,(anonymous_4)
DA:13,0
DA:20,0
DA:22,0
DA:23,0
DA:37,0
DA:39,0
DA:42,0
DA:47,0
DA:65,0
DA:66,0
DA:76,0
DA:79,0
DA:88,0
LF:13
LH:0
BRDA:15,0,0,0
BRDA:16,1,0,0
BRDA:17,2,0,0
BRF:3
BRH:0
end_of_record
TN:
SF:src/components/ui/SkeletonLoaders.tsx
FN:15,(anonymous_0)
FN:34,(anonymous_1)
FN:49,(anonymous_2)
FN:71,(anonymous_3)
FN:97,(anonymous_4)
FN:100,(anonymous_5)
FNF:6
FNH:0
FNDA:0,(anonymous_0)
FNDA:0,(anonymous_1)
FNDA:0,(anonymous_2)
FNDA:0,(anonymous_3)
FNDA:0,(anonymous_4)
FNDA:0,(anonymous_5)
DA:15,0
DA:16,0
DA:34,0
DA:35,0
DA:49,0
DA:50,0
DA:71,0
DA:72,0
DA:97,0
DA:98,0
DA:101,0
DA:109,0
LF:12
LH:0
BRDA:97,0,0,0
BRF:1
BRH:0
end_of_record
TN:
SF:src/components/ui/SortSelector.tsx
FN:39,(anonymous_0)
FN:48,(anonymous_1)
FN:74,(anonymous_2)
FN:80,(anonymous_3)
FNF:4
FNH:0
FNDA:0,(anonymous_0)
FNDA:0,(anonymous_1)
FNDA:0,(anonymous_2)
FNDA:0,(anonymous_3)
DA:31,0
DA:39,0
DA:44,0
DA:45,0
DA:46,0
DA:48,0
DA:49,0
DA:50,0
DA:51,0
DA:54,0
DA:75,0
DA:76,0
DA:80,0
DA:115,0
LF:14
LH:0
BRDA:79,0,0,0
BRDA:79,0,1,0
BRDA:85,1,0,0
BRDA:85,1,1,0
BRDA:92,2,0,0
BRDA:92,2,1,0
BRDA:94,3,0,0
BRDA:94,3,1,0
BRDA:99,4,0,0
BRDA:99,4,1,0
BRF:10
BRH:0
end_of_record
TN:
SF:src/components/ui/Spinner.tsx
FN:21,(anonymous_0)
FNF:1
FNH:1
FNDA:15,(anonymous_0)
DA:21,1
DA:28,15
DA:32,15
DA:40,1
LF:4
LH:4
BRDA:22,0,0,12
BRDA:23,1,0,13
BRDA:25,2,0,11
BRDA:28,3,0,3
BRDA:28,3,1,12
BRDA:35,4,0,15
BRDA:35,4,1,5
BRF:7
BRH:7
end_of_record
TN:
SF:src/components/ui/index.ts
FNF:0
FNH:0
LF:0
LH:0
BRF:0
BRH:0
end_of_record
TN:
SF:src/config/deepLinking.ts
FN:64,(anonymous_0)
FN:70,(anonymous_1)
FN:76,(anonymous_2)
FN:91,(anonymous_3)
FN:101,(anonymous_4)
FN:102,(anonymous_5)
FN:106,(anonymous_6)
FN:115,(anonymous_7)
FN:136,(anonymous_8)
FN:153,(anonymous_9)
FN:170,(anonymous_10)
FN:191,(anonymous_11)
FN:198,(anonymous_12)
FN:212,(anonymous_13)
FNF:14
FNH:0
FNDA:0,(anonymous_0)
FNDA:0,(anonymous_1)
FNDA:0,(anonymous_2)
FNDA:0,(anonymous_3)
FNDA:0,(anonymous_4)
FNDA:0,(anonymous_5)
FNDA:0,(anonymous_6)
FNDA:0,(anonymous_7)
FNDA:0,(anonymous_8)
FNDA:0,(anonymous_9)
FNDA:0,(anonymous_10)
FNDA:0,(anonymous_11)
FNDA:0,(anonymous_12)
FNDA:0,(anonymous_13)
DA:10,0
DA:11,0
DA:14,0
DA:43,0
DA:64,0
DA:70,0
DA:76,0
DA:93,0
DA:94,0
DA:95,0
DA:97,0
DA:102,0
DA:103,0
DA:106,0
DA:107,0
DA:115,0
DA:119,0
DA:121,0
DA:123,0
DA:125,0
DA:127,0
DA:129,0
DA:136,0
DA:140,0
DA:142,0
DA:144,0
DA:146,0
DA:153,0
DA:154,0
DA:155,0
DA:156,0
DA:157,0
DA:158,0
DA:160,0
DA:162,0
DA:163,0
DA:170,0
DA:175,0
DA:177,0
DA:178,0
DA:179,0
DA:181,0
DA:182,0
DA:185,0
DA:191,0
DA:192,0
DA:198,0
DA:202,0
DA:203,0
DA:204,0
DA:206,0
DA:212,0
DA:217,0
DA:220,0
DA:221,0
DA:222,0
DA:225,0
DA:226,0
DA:228,0
DA:229,0
DA:231,0
LF:61
LH:0
BRDA:94,0,0,0
BRDA:94,0,1,0
BRDA:119,1,0,0
BRDA:119,1,1,0
BRDA:119,1,2,0
BRDA:119,1,3,0
BRDA:119,1,4,0
BRDA:140,2,0,0
BRDA:140,2,1,0
BRDA:140,2,2,0
BRDA:156,3,0,0
BRDA:156,3,1,0
BRDA:178,4,0,0
BRDA:178,4,1,0
BRDA:179,5,0,0
BRDA:179,5,1,0
BRDA:181,6,0,0
BRDA:181,6,1,0
BRDA:203,7,0,0
BRDA:203,7,1,0
BRDA:217,8,0,0
BRDA:217,8,1,0
BRDA:226,9,0,0
BRDA:226,9,1,0
BRDA:229,10,0,0
BRDA:229,10,1,0
BRF:26
BRH:0
end_of_record
TN:
SF:src/config/env.ts
FN:30,getEnvVars
FN:54,(anonymous_1)
FNF:2
FNH:0
FNDA:0,getEnvVars
FNDA:0,(anonymous_1)
DA:12,0
DA:36,0
DA:49,0
DA:50,0
DA:52,0
DA:53,0
DA:54,0
DA:55,0
DA:57,0
DA:59,0
DA:66,0
DA:76,0
DA:77,0
DA:78,0
DA:83,0
DA:93,0
DA:102,0
DA:113,0
DA:115,0
LF:19
LH:0
BRDA:52,0,0,0
BRDA:52,0,1,0
BRDA:113,1,0,0
BRDA:113,1,1,0
BRF:4
BRH:0
end_of_record
TN:
SF:src/config/featureFlags.ts
FN:13,(anonymous_0)
FN:30,(anonymous_1)
FNF:2
FNH:0
FNDA:0,(anonymous_0)
FNDA:0,(anonymous_1)
DA:11,0
DA:13,0
DA:14,0
DA:15,0
DA:19,0
DA:22,0
DA:23,0
DA:24,0
DA:27,0
DA:30,0
DA:31,0
LF:11
LH:0
BRDA:14,0,0,0
BRDA:14,0,1,0
BRDA:22,1,0,0
BRDA:22,1,1,0
BRDA:22,2,0,0
BRDA:22,2,1,0
BRF:6
BRH:0
end_of_record
TN:
SF:src/config/i18n.ts
FNF:0
FNH:0
DA:15,0
DA:18,0
DA:26,0
LF:3
LH:0
BRDA:15,0,0,0
BRDA:15,0,1,0
BRF:2
BRH:0
end_of_record
TN:
SF:src/config/index.ts
FNF:0
FNH:0
DA:1,0
DA:3,0
LF:2
LH:0
BRDA:1,0,0,0
BRDA:1,0,1,0
BRF:2
BRH:0
end_of_record
TN:
SF:src/config/remoteConfig.ts
FN:12,(anonymous_0)
FN:41,(anonymous_1)
FN:54,(anonymous_2)
FN:91,(anonymous_3)
FN:106,(anonymous_4)
FN:117,(anonymous_5)
FN:129,(anonymous_6)
FN:142,(anonymous_7)
FN:159,(anonymous_8)
FN:172,(anonymous_9)
FNF:10
FNH:0
FNDA:0,(anonymous_0)
FNDA:0,(anonymous_1)
FNDA:0,(anonymous_2)
FNDA:0,(anonymous_3)
FNDA:0,(anonymous_4)
FNDA:0,(anonymous_5)
FNDA:0,(anonymous_6)
FNDA:0,(anonymous_7)
FNDA:0,(anonymous_8)
FNDA:0,(anonymous_9)
DA:12,0
DA:14,0
DA:15,0
DA:18,0
DA:19,0
DA:20,0
DA:24,0
DA:27,0
DA:28,0
DA:29,0
DA:30,0
DA:41,0
DA:42,0
DA:44,0
DA:45,0
DA:46,0
DA:47,0
DA:51,0
DA:53,0
DA:54,0
DA:56,0
DA:65,0
DA:67,0
DA:68,0
DA:71,0
DA:74,0
DA:76,0
DA:81,0
DA:83,0
DA:84,0
DA:91,0
DA:92,0
DA:93,0
DA:94,0
DA:96,0
DA:98,0
DA:99,0
DA:106,0
DA:107,0
DA:108,0
DA:110,0
DA:117,0
DA:118,0
DA:119,0
DA:120,0
DA:122,0
DA:129,0
DA:132,0
DA:135,0
DA:138,0
DA:141,0
DA:142,0
DA:143,0
DA:144,0
DA:150,0
DA:153,0
DA:159,0
DA:162,0
DA:165,0
DA:168,0
DA:171,0
DA:172,0
DA:173,0
DA:174,0
DA:179,0
LF:65
LH:0
BRDA:14,0,0,0
BRDA:14,0,1,0
BRDA:19,1,0,0
BRDA:19,1,1,0
BRDA:45,2,0,0
BRDA:45,2,1,0
BRDA:45,3,0,0
BRDA:45,3,1,0
BRDA:67,4,0,0
BRDA:67,4,1,0
BRDA:94,5,0,0
BRDA:94,5,1,0
BRDA:141,6,0,0
BRDA:141,6,1,0
BRDA:143,7,0,0
BRDA:143,7,1,0
BRDA:171,8,0,0
BRDA:171,8,1,0
BRDA:173,9,0,0
BRDA:173,9,1,0
BRF:20
BRH:0
end_of_record
TN:
SF:src/config/sentry.ts
FN:21,initSentry
FN:40,(anonymous_1)
FN:68,(anonymous_2)
FN:91,setSentryUser
FN:102,clearSentryUser
FN:109,addBreadcrumb
FN:137,captureException
FN:158,captureMessage
FN:180,setTag
FN:187,setTags
FN:195,startTransaction
FNF:11
FNH:0
FNDA:0,initSentry
FNDA:0,(anonymous_1)
FNDA:0,(anonymous_2)
FNDA:0,setSentryUser
FNDA:0,clearSentryUser
FNDA:0,addBreadcrumb
FNDA:0,captureException
FNDA:0,captureMessage
FNDA:0,setTag
FNDA:0,setTags
FNDA:0,startTransaction
DA:14,1
DA:22,0
DA:23,0
DA:24,0
DA:27,0
DA:42,0
DA:43,0
DA:44,0
DA:46,0
DA:52,0
DA:53,0
DA:54,0
DA:58,0
DA:59,0
DA:60,0
DA:61,0
DA:62,0
DA:63,0
DA:67,0
DA:68,0
DA:69,0
DA:70,0
DA:71,0
DA:72,0
DA:73,0
DA:74,0
DA:76,0
DA:80,0
DA:92,0
DA:103,0
DA:116,0
DA:117,0
DA:118,0
DA:119,0
DA:120,0
DA:121,0
DA:122,0
DA:125,0
DA:141,0
DA:143,0
DA:144,0
DA:145,0
DA:146,0
DA:147,0
DA:148,0
DA:150,0
DA:152,0
DA:163,0
DA:165,0
DA:166,0
DA:167,0
DA:168,0
DA:169,0
DA:170,0
DA:172,0
DA:174,0
DA:181,0
DA:188,0
DA:199,0
LF:59
LH:1
BRDA:14,0,0,1
BRDA:14,0,1,0
BRDA:22,1,0,0
BRDA:22,1,1,0
BRDA:30,2,0,0
BRDA:30,2,1,0
BRDA:33,3,0,0
BRDA:33,3,1,0
BRDA:42,4,0,0
BRDA:42,4,1,0
BRDA:47,5,0,0
BRDA:47,5,1,0
BRDA:47,5,2,0
BRDA:52,6,0,0
BRDA:52,6,1,0
BRDA:58,7,0,0
BRDA:58,7,1,0
BRDA:67,8,0,0
BRDA:67,8,1,0
BRDA:69,9,0,0
BRDA:69,9,1,0
BRDA:94,10,0,0
BRDA:94,10,1,0
BRDA:112,11,0,0
BRDA:116,12,0,0
BRDA:116,12,1,0
BRDA:117,13,0,0
BRDA:117,13,1,0
BRDA:141,14,0,0
BRDA:141,14,1,0
BRDA:160,15,0,0
BRDA:163,16,0,0
BRDA:163,16,1,0
BRF:33
BRH:1
end_of_record
TN:
SF:src/config/theme.ts
FNF:0
FNH:0
DA:3,0
DA:42,0
DA:51,0
DA:69,0
LF:4
LH:0
BRF:0
BRH:0
end_of_record
TN:
SF:src/constants/colors.ts
FNF:0
FNH:0
DA:6,24
DA:216,24
DA:228,24
DA:235,24
DA:299,24
LF:5
LH:5
BRF:0
BRH:0
end_of_record
TN:
SF:src/constants/index.ts
FNF:0
FNH:0
LF:0
LH:0
BRF:0
BRH:0
end_of_record
TN:
SF:src/constants/layout.ts
FNF:0
FNH:0
DA:4,1
DA:91,1
LF:2
LH:2
BRF:0
BRH:0
end_of_record
TN:
SF:src/constants/radii.ts
FNF:0
FNH:0
DA:1,7
DA:10,7
LF:2
LH:2
BRF:0
BRH:0
end_of_record
TN:
SF:src/constants/shadows.ts
FNF:0
FNH:0
DA:12,3
LF:1
LH:1
BRF:0
BRH:0
end_of_record
TN:
SF:src/constants/spacing.ts
FNF:0
FNH:0
DA:1,11
DA:11,11
LF:2
LH:2
BRF:0
BRH:0
end_of_record
TN:
SF:src/constants/strings.ts
FNF:0
FNH:0
DA:1,0
LF:1
LH:0
BRF:0
BRH:0
end_of_record
TN:
SF:src/constants/typography.ts
FNF:0
FNH:0
DA:3,10
LF:1
LH:1
BRF:0
BRH:0
end_of_record
TN:
SF:src/constants/values.ts
FNF:0
FNH:0
DA:3,0
LF:1
LH:0
BRF:0
BRH:0
end_of_record
TN:
SF:src/context/AuthContext.tsx
FN:159,(anonymous_0)
FN:173,(anonymous_1)
FN:198,(anonymous_2)
FN:210,(anonymous_3)
FN:234,(anonymous_4)
FN:271,(anonymous_5)
FN:272,(anonymous_6)
FN:323,(anonymous_7)
FN:362,(anonymous_8)
FN:402,(anonymous_9)
FN:446,(anonymous_10)
FN:465,(anonymous_11)
FN:477,(anonymous_12)
FN:488,(anonymous_13)
FN:503,(anonymous_14)
FN:519,(anonymous_15)
FN:566,(anonymous_16)
FNF:17
FNH:10
FNDA:37,(anonymous_0)
FNDA:4,(anonymous_1)
FNDA:4,(anonymous_2)
FNDA:3,(anonymous_3)
FNDA:0,(anonymous_4)
FNDA:15,(anonymous_5)
FNDA:15,(anonymous_6)
FNDA:5,(anonymous_7)
FNDA:1,(anonymous_8)
FNDA:0,(anonymous_9)
FNDA:3,(anonymous_10)
FNDA:0,(anonymous_11)
FNDA:0,(anonymous_12)
FNDA:0,(anonymous_13)
FNDA:0,(anonymous_14)
FNDA:0,(anonymous_15)
FNDA:37,(anonymous_16)
DA:146,1
DA:149,1
DA:159,1
DA:162,37
DA:163,37
DA:164,37
DA:167,37
DA:168,37
DA:173,37
DA:174,4
DA:175,4
DA:189,4
DA:198,37
DA:199,4
DA:200,4
DA:201,4
DA:210,37
DA:211,3
DA:212,3
DA:220,3
DA:221,3
DA:222,3
DA:225,0
DA:226,0
DA:227,0
DA:234,37
DA:235,0
DA:238,0
DA:239,0
DA:241,0
DA:242,0
DA:246,0
DA:247,0
DA:254,0
DA:260,0
DA:261,0
DA:263,0
DA:264,0
DA:271,37
DA:272,15
DA:273,15
DA:276,15
DA:283,14
DA:284,3
DA:285,3
DA:288,3
DA:289,3
DA:295,3
DA:296,3
DA:297,3
DA:300,3
DA:307,0
DA:310,11
DA:313,1
DA:317,15
DA:323,37
DA:326,5
DA:327,5
DA:334,3
DA:340,3
DA:341,3
DA:342,3
DA:345,3
DA:346,3
DA:352,3
DA:354,2
DA:355,2
DA:362,37
DA:365,1
DA:366,1
DA:373,1
DA:379,1
DA:380,1
DA:381,1
DA:384,1
DA:385,1
DA:391,1
DA:394,0
DA:395,0
DA:402,37
DA:405,0
DA:406,0
DA:414,0
DA:420,0
DA:421,0
DA:422,0
DA:425,0
DA:426,0
DA:429,0
DA:435,0
DA:438,0
DA:439,0
DA:446,37
DA:447,3
DA:449,3
DA:450,2
DA:456,3
DA:457,3
DA:458,3
DA:465,37
DA:466,0
DA:467,0
DA:468,0
DA:477,37
DA:478,0
DA:479,0
DA:480,0
DA:481,0
DA:488,37
DA:491,0
DA:492,0
DA:493,0
DA:495,0
DA:496,0
DA:503,37
DA:507,0
DA:508,0
DA:509,0
DA:511,0
DA:512,0
DA:519,37
DA:523,0
DA:524,0
DA:528,0
DA:530,0
DA:531,0
DA:535,37
DA:566,1
DA:567,37
DA:568,36
DA:569,2
DA:571,34
LF:132
LH:80
BRDA:167,0,0,37
BRDA:167,0,1,7
BRDA:235,1,0,0
BRDA:235,1,1,0
BRDA:241,2,0,0
BRDA:241,2,1,0
BRDA:283,3,0,3
BRDA:283,3,1,11
BRDA:283,4,0,14
BRDA:283,4,1,3
BRDA:283,4,2,3
BRDA:283,4,3,3
BRDA:288,5,0,3
BRDA:288,5,1,0
BRDA:354,6,0,1
BRDA:354,6,1,1
BRDA:394,7,0,0
BRDA:394,7,1,0
BRDA:425,8,0,0
BRDA:425,8,1,0
BRDA:438,9,0,0
BRDA:438,9,1,0
BRDA:449,10,0,2
BRDA:449,10,1,1
BRDA:478,11,0,0
BRDA:478,11,1,0
BRDA:495,12,0,0
BRDA:495,12,1,0
BRDA:511,13,0,0
BRDA:511,13,1,0
BRDA:530,14,0,0
BRDA:530,14,1,0
BRDA:568,15,0,2
BRDA:568,15,1,34
BRF:34
BRH:15
end_of_record
TN:
SF:src/context/ConfirmationContext.tsx
FN:50,(anonymous_0)
FN:62,(anonymous_1)
FN:72,(anonymous_2)
FN:92,(anonymous_3)
FN:104,(anonymous_4)
FN:111,(anonymous_5)
FN:125,(anonymous_6)
FN:132,(anonymous_7)
FNF:8
FNH:8
FNDA:45,(anonymous_0)
FNDA:43,(anonymous_1)
FNDA:18,(anonymous_2)
FNDA:4,(anonymous_3)
FNDA:4,(anonymous_4)
FNDA:3,(anonymous_5)
FNDA:1,(anonymous_6)
FNDA:88,(anonymous_7)
DA:46,1
DA:50,1
DA:51,45
DA:52,44
DA:53,2
DA:55,42
DA:62,1
DA:65,43
DA:66,43
DA:67,43
DA:68,43
DA:69,43
DA:71,43
DA:73,18
DA:74,18
DA:75,18
DA:92,43
DA:93,4
DA:105,4
DA:106,4
DA:107,4
DA:111,43
DA:112,3
DA:114,3
DA:115,3
DA:116,3
DA:117,2
DA:119,1
DA:121,1
DA:125,43
DA:126,1
DA:127,1
DA:129,1
DA:132,43
DA:133,88
DA:135,8
DA:141,8
DA:147,8
DA:154,64
DA:162,43
DA:260,1
DA:262,1
LF:42
LH:42
BRDA:52,0,0,2
BRDA:52,0,1,42
BRDA:112,1,0,0
BRDA:112,1,1,3
BRDA:126,2,0,1
BRDA:126,2,1,0
BRDA:132,3,0,8
BRDA:133,4,0,8
BRDA:133,4,1,8
BRDA:133,4,2,8
BRDA:133,4,3,64
BRDA:133,4,4,64
BRDA:180,5,0,43
BRDA:180,5,1,22
BRDA:197,6,0,22
BRDA:197,6,1,22
BRDA:200,7,0,22
BRDA:200,7,1,22
BRDA:219,8,0,22
BRDA:219,8,1,20
BRDA:223,9,0,22
BRDA:223,9,1,20
BRDA:232,10,0,22
BRDA:232,10,1,22
BRDA:235,11,0,22
BRDA:235,11,1,3
BRDA:240,12,0,22
BRDA:240,12,1,14
BRDA:243,13,0,3
BRDA:243,13,1,19
BRDA:247,14,0,19
BRDA:247,14,1,14
BRF:32
BRH:30
end_of_record
TN:
SF:src/context/I18nContext.tsx
FN:56,(anonymous_0)
FN:78,(anonymous_1)
FN:83,(anonymous_2)
FN:84,(anonymous_3)
FN:112,(anonymous_4)
FN:124,(anonymous_5)
FN:143,(anonymous_6)
FN:149,(anonymous_7)
FN:173,(anonymous_8)
FN:184,(anonymous_9)
FNF:10
FNH:9
FNDA:108,(anonymous_0)
FNDA:53,(anonymous_1)
FNDA:24,(anonymous_2)
FNDA:24,(anonymous_3)
FNDA:5,(anonymous_4)
FNDA:65,(anonymous_5)
FNDA:22,(anonymous_6)
FNDA:0,(anonymous_7)
FNDA:31,(anonymous_8)
FNDA:1,(anonymous_9)
DA:38,1
DA:44,1
DA:50,1
DA:53,1
DA:56,1
DA:60,108
DA:61,108
DA:63,108
DA:64,216
DA:65,6
DA:67,210
DA:70,102
DA:78,1
DA:79,53
DA:80,53
DA:83,53
DA:84,24
DA:85,24
DA:86,24
DA:88,23
DA:92,2
DA:95,21
DA:96,21
DA:97,21
DA:98,1
DA:104,24
DA:108,24
DA:112,53
DA:113,5
DA:114,5
DA:115,4
DA:118,1
DA:123,53
DA:125,65
DA:127,65
DA:129,43
DA:130,43
DA:132,43
DA:134,0
DA:137,22
DA:143,53
DA:147,22
DA:149,0
DA:150,0
DA:155,53
DA:157,53
DA:165,53
DA:166,24
DA:169,29
DA:173,1
DA:174,31
DA:176,30
DA:177,2
DA:180,28
DA:184,1
DA:185,1
DA:186,1
LF:57
LH:54
BRDA:64,0,0,6
BRDA:64,0,1,210
BRDA:64,1,0,216
BRDA:64,1,1,216
BRDA:70,2,0,22
BRDA:70,2,1,80
BRDA:88,3,0,2
BRDA:88,3,1,21
BRDA:89,4,0,23
BRDA:89,4,1,3
BRDA:89,4,2,3
BRDA:96,5,0,21
BRDA:96,5,1,1
BRDA:97,6,0,1
BRDA:97,6,1,20
BRDA:127,7,0,43
BRDA:127,7,1,22
BRDA:130,8,0,43
BRDA:130,8,1,0
BRDA:147,9,0,22
BRDA:147,9,1,0
BRDA:150,10,0,0
BRDA:150,10,1,0
BRDA:165,11,0,24
BRDA:165,11,1,29
BRDA:176,12,0,2
BRDA:176,12,1,28
BRF:27
BRH:23
end_of_record
TN:
SF:src/context/NetworkContext.tsx
FN:40,(anonymous_0)
FN:52,(anonymous_1)
FN:59,(anonymous_2)
FN:60,(anonymous_3)
FN:76,(anonymous_4)
FN:80,(anonymous_5)
FN:83,(anonymous_6)
FNF:7
FNH:6
FNDA:17,(anonymous_0)
FNDA:15,(anonymous_1)
FNDA:11,(anonymous_2)
FNDA:5,(anonymous_3)
FNDA:0,(anonymous_4)
FNDA:11,(anonymous_5)
FNDA:1,(anonymous_6)
DA:36,1
DA:40,1
DA:41,17
DA:42,16
DA:43,2
DA:45,14
DA:52,1
DA:55,15
DA:56,15
DA:57,15
DA:59,15
DA:60,11
DA:61,5
DA:64,5
DA:65,2
DA:66,2
DA:71,3
DA:72,0
DA:76,0
DA:80,11
DA:83,15
DA:84,1
DA:85,1
DA:88,15
DA:95,15
DA:133,1
LF:26
LH:24
BRDA:42,0,0,2
BRDA:42,0,1,14
BRDA:64,1,0,2
BRDA:64,1,1,3
BRDA:71,2,0,0
BRDA:71,2,1,3
BRDA:89,3,0,15
BRDA:89,3,1,9
BRDA:90,4,0,15
BRDA:90,4,1,9
BRDA:91,5,0,15
BRDA:91,5,1,9
BRDA:98,6,0,15
BRDA:98,6,1,3
BRF:14
BRH:13
end_of_record
TN:
SF:src/context/RealtimeContext.tsx
FN:126,(anonymous_0)
FN:151,(anonymous_1)
FN:169,(anonymous_2)
FN:172,(anonymous_3)
FN:185,(anonymous_4)
FN:194,(anonymous_5)
FN:195,(anonymous_6)
FN:200,(anonymous_7)
FN:211,(anonymous_8)
FN:227,(anonymous_9)
FN:234,(anonymous_10)
FN:260,(anonymous_11)
FN:267,(anonymous_12)
FN:283,(anonymous_13)
FN:287,(anonymous_14)
FN:295,(anonymous_15)
FN:316,(anonymous_16)
FN:328,(anonymous_17)
FN:338,(anonymous_18)
FN:345,(anonymous_19)
FN:349,(anonymous_20)
FN:363,(anonymous_21)
FN:373,(anonymous_22)
FN:383,(anonymous_23)
FN:390,(anonymous_24)
FN:397,(anonymous_25)
FN:404,(anonymous_26)
FN:405,(anonymous_27)
FN:425,(anonymous_28)
FN:459,(anonymous_29)
FN:470,(anonymous_30)
FN:477,(anonymous_31)
FN:487,(anonymous_32)
FN:495,(anonymous_33)
FN:496,(anonymous_34)
FN:507,(anonymous_35)
FN:510,(anonymous_36)
FN:511,(anonymous_37)
FN:522,(anonymous_38)
FN:537,(anonymous_39)
[...]
DA:184,0
DA:185,0
DA:190,0
DA:192,0
DA:204,0
DA:210,0
DA:212,0
DA:213,0
DA:215,0
DA:216,0
DA:217,0
DA:220,0
DA:221,0
DA:222,0
DA:225,0
DA:234,0
DA:245,0
DA:255,0
DA:260,0
DA:266,0
DA:271,0
DA:272,0
LF:76
LH:0
BRDA:17,0,0,0
BRDA:17,0,1,0
BRDA:21,1,0,0
BRDA:21,1,1,0
BRDA:21,2,0,0
BRDA:21,2,1,0
BRDA:21,2,2,0
BRDA:71,3,0,0
BRDA:73,4,0,0
BRDA:73,4,1,0
BRDA:78,5,0,0
BRDA:78,5,1,0
BRDA:90,6,0,0
BRDA:90,6,1,0
BRDA:96,7,0,0
BRDA:96,7,1,0
BRDA:149,8,0,0
BRDA:152,9,0,0
BRDA:153,10,0,0
BRDA:154,11,0,0
BRDA:155,12,0,0
BRDA:164,13,0,0
BRDA:164,13,1,0
BRDA:173,14,0,0
BRDA:173,14,1,0
BRDA:173,15,0,0
BRDA:173,15,1,0
BRDA:173,15,2,0
BRDA:178,16,0,0
BRDA:178,16,1,0
BRDA:178,17,0,0
BRDA:178,17,1,0
BRDA:207,18,0,0
BRDA:208,19,0,0
BRDA:215,20,0,0
BRDA:215,20,1,0
BRDA:220,21,0,0
BRDA:220,21,1,0
BRDA:258,22,0,0
BRDA:269,23,0,0
BRF:40
BRH:0
end_of_record
TN:
SF:src/utils/index.ts
FNF:0
FNH:0
LF:0
LH:0
BRF:0
BRH:0
end_of_record
TN:
SF:src/utils/lazyLoad.tsx
FN:14,(anonymous_0)
FN:25,lazyLoad
FN:40,(anonymous_2)
FN:48,preloadComponent
FN:62,withLazy
FN:68,(anonymous_5)
FN:83,lazyLoadMultiple
FNF:7
FNH:0
FNDA:0,(anonymous_0)
FNDA:0,lazyLoad
FNDA:0,(anonymous_2)
FNDA:0,preloadComponent
FNDA:0,withLazy
FNDA:0,(anonymous_5)
FNDA:0,lazyLoadMultiple
DA:14,0
DA:15,0
DA:28,0
DA:31,0
DA:40,0
DA:41,0
DA:52,0
DA:54,0
DA:66,0
DA:68,0
DA:69,0
DA:74,0
DA:76,0
DA:93,0
DA:97,0
DA:98,0
DA:101,0
DA:104,0
LF:18
LH:0
BRDA:40,0,0,0
BRDA:52,1,0,0
BRDA:52,1,1,0
BRDA:69,2,0,0
BRDA:69,2,1,0
BRF:5
BRH:0
end_of_record
TN:
SF:src/utils/listOptimization.ts
FN:83,(anonymous_0)
FN:84,(anonymous_1)
FN:94,(anonymous_2)
FNF:3
FNH:0
FNDA:0,(anonymous_0)
FNDA:0,(anonymous_1)
FNDA:0,(anonymous_2)
DA:9,0
DA:33,0
DA:45,0
DA:58,0
DA:70,0
DA:83,0
DA:84,0
DA:94,0
DA:98,0
LF:9
LH:0
BRDA:98,0,0,0
BRDA:98,0,1,0
BRF:2
BRH:0
end_of_record
TN:
SF:src/utils/logger.ts
FN:62,(anonymous_0)
FN:70,(anonymous_1)
FN:74,(anonymous_2)
FN:84,(anonymous_3)
FN:91,(anonymous_4)
FN:98,(anonymous_5)
FN:103,(anonymous_6)
FN:111,(anonymous_7)
FN:124,(anonymous_8)
FN:136,(anonymous_9)
FN:143,(anonymous_10)
FNF:11
FNH:11
FNDA:23,(anonymous_0)
FNDA:25,(anonymous_1)
FNDA:76,(anonymous_2)
FNDA:10,(anonymous_3)
FNDA:11,(anonymous_4)
FNDA:11,(anonymous_5)
FNDA:40,(anonymous_6)
FNDA:1,(anonymous_7)
FNDA:1,(anonymous_8)
FNDA:1,(anonymous_9)
FNDA:1,(anonymous_10)
DA:63,23
DA:71,25
DA:79,76
DA:80,76
DA:81,76
DA:85,10
DA:87,10
DA:92,11
DA:94,11
DA:100,11
DA:105,40
DA:112,1
DA:114,1
DA:115,1
DA:117,1
DA:125,1
DA:127,1
DA:129,1
DA:137,1
DA:139,1
DA:144,1
DA:146,1
DA:152,13
LF:23
LH:23
BRDA:62,0,0,20
BRDA:71,1,0,25
BRDA:71,1,1,0
BRDA:71,1,2,0
BRDA:85,2,0,10
BRDA:85,2,1,0
BRDA:92,3,0,11
BRDA:92,3,1,0
BRDA:112,4,0,1
BRDA:112,4,1,0
BRDA:125,5,0,1
BRDA:125,5,1,0
BRDA:137,6,0,1
BRDA:137,6,1,0
BRDA:144,7,0,1
BRDA:144,7,1,0
BRF:16
BRH:8
end_of_record
TN:
SF:src/utils/memoryLeakDetector.ts
FN:29,(anonymous_0)
FN:36,(anonymous_1)
FN:47,(anonymous_2)
FN:106,(anonymous_3)
FN:109,(anonymous_4)
FN:110,(anonymous_5)
FN:113,(anonymous_6)
FN:120,(anonymous_7)
FN:122,(anonymous_8)
FN:123,(anonymous_9)
FN:140,(anonymous_10)
FN:143,(anonymous_11)
FN:149,(anonymous_12)
FN:151,(anonymous_13)
FN:152,(anonymous_14)
FN:165,(anonymous_15)
FN:166,(anonymous_16)
FNF:17
FNH:0
FNDA:0,(anonymous_0)
FNDA:0,(anonymous_1)
FNDA:0,(anonymous_2)
FNDA:0,(anonymous_3)
FNDA:0,(anonymous_4)
FNDA:0,(anonymous_5)
FNDA:0,(anonymous_6)
FNDA:0,(anonymous_7)
FNDA:0,(anonymous_8)
FNDA:0,(anonymous_9)
FNDA:0,(anonymous_10)
FNDA:0,(anonymous_11)
FNDA:0,(anonymous_12)
FNDA:0,(anonymous_13)
FNDA:0,(anonymous_14)
FNDA:0,(anonymous_15)
FNDA:0,(anonymous_16)
DA:29,0
DA:30,0
DA:31,0
DA:32,0
DA:33,0
DA:34,0
DA:36,0
DA:37,0
DA:38,0
DA:41,0
DA:42,0
DA:43,0
DA:44,0
DA:45,0
DA:47,0
DA:48,0
DA:51,0
DA:52,0
DA:59,0
DA:60,0
DA:67,0
DA:68,0
DA:75,0
DA:76,0
DA:82,0
DA:83,0
DA:90,0
DA:106,0
DA:107,0
DA:109,0
DA:110,0
DA:111,0
DA:113,0
DA:116,0
DA:117,0
DA:120,0
DA:121,0
DA:122,0
DA:123,0
DA:124,0
DA:129,0
DA:140,0
DA:141,0
DA:143,0
DA:144,0
DA:145,0
DA:146,0
DA:149,0
DA:150,0
DA:151,0
DA:152,0
DA:153,0
DA:158,0
DA:165,0
DA:166,0
DA:167,0
DA:170,0
DA:172,0
DA:173,0
DA:175,0
LF:60
LH:0
BRDA:37,0,0,0
BRDA:37,0,1,0
BRDA:51,1,0,0
BRDA:51,1,1,0
BRDA:59,2,0,0
BRDA:59,2,1,0
BRDA:67,3,0,0
BRDA:67,3,1,0
BRDA:75,4,0,0
BRDA:75,4,1,0
BRDA:82,5,0,0
BRDA:82,5,1,0
BRDA:167,6,0,0
BRDA:167,6,1,0
BRDA:170,7,0,0
BRDA:170,7,1,0
BRDA:170,8,0,0
BRDA:170,8,1,0
BRF:18
BRH:0
end_of_record
TN:
SF:src/utils/notifications.ts
FN:15,(anonymous_0)
FN:28,registerForPushNotifications
FN:83,scheduleLocalNotification
FN:109,cancelNotification
FN:120,cancelAllNotifications
FN:131,getBadgeCount
FN:143,setBadgeCount
FN:154,clearAllNotifications
FN:166,addNotificationReceivedListener
FN:175,addNotificationResponseListener
FN:184,removeNotificationSubscription
FNF:11
FNH:0
FNDA:0,(anonymous_0)
FNDA:0,registerForPushNotifications
FNDA:0,scheduleLocalNotification
FNDA:0,cancelNotification
FNDA:0,cancelAllNotifications
FNDA:0,getBadgeCount
FNDA:0,setBadgeCount
FNDA:0,clearAllNotifications
FNDA:0,addNotificationReceivedListener
FNDA:0,addNotificationResponseListener
FNDA:0,removeNotificationSubscription
DA:14,0
DA:15,0
DA:29,0
DA:30,0
DA:31,0
DA:34,0
DA:37,0
DA:38,0
DA:41,0
DA:42,0
DA:43,0
DA:46,0
DA:47,0
DA:48,0
DA:52,0
DA:54,0
DA:55,0
DA:56,0
DA:59,0
DA:64,0
DA:65,0
DA:73,0
DA:75,0
DA:76,0
DA:89,0
DA:90,0
DA:99,0
DA:101,0
DA:102,0
DA:110,0
DA:111,0
DA:113,0
DA:121,0
DA:122,0
DA:124,0
DA:132,0
DA:133,0
DA:135,0
DA:136,0
DA:144,0
DA:145,0
DA:147,0
DA:155,0
DA:156,0
DA:157,0
DA:159,0
DA:169,0
DA:178,0
DA:187,0
LF:49
LH:0
BRDA:29,0,0,0
BRDA:29,0,1,0
BRDA:41,1,0,0
BRDA:41,1,1,0
BRDA:46,2,0,0
BRDA:46,2,1,0
BRDA:54,3,0,0
BRDA:54,3,1,0
BRDA:64,4,0,0
BRDA:64,4,1,0
BRDA:97,5,0,0
BRDA:97,5,1,0
BRF:12
BRH:0
end_of_record
TN:
SF:src/utils/offline.ts
FN:13,(anonymous_0)
FN:19,(anonymous_1)
FN:20,(anonymous_2)
FN:25,(anonymous_3)
FN:39,(anonymous_4)
FN:56,(anonymous_5)
FN:68,(anonymous_6)
FN:86,(anonymous_7)
FN:93,(anonymous_8)
FN:100,(anonymous_9)
FN:107,(anonymous_10)
FN:117,(anonymous_11)
FN:133,(anonymous_12)
FN:161,(anonymous_13)
FN:176,(anonymous_14)
FN:183,(anonymous_15)
FN:184,(anonymous_16)
FN:190,(anonymous_17)
FN:197,(anonymous_18)
FNF:19
FNH:19
FNDA:5,(anonymous_0)
FNDA:3,(anonymous_1)
FNDA:2,(anonymous_2)
FNDA:3,(anonymous_3)
FNDA:3,(anonymous_4)
FNDA:8,(anonymous_5)
FNDA:8,(anonymous_6)
FNDA:4,(anonymous_7)
FNDA:1,(anonymous_8)
FNDA:23,(anonymous_9)
FNDA:4,(anonymous_10)
FNDA:3,(anonymous_11)
FNDA:3,(anonymous_12)
FNDA:10,(anonymous_13)
FNDA:7,(anonymous_14)
FNDA:4,(anonymous_15)
FNDA:6,(anonymous_16)
FNDA:23,(anonymous_17)
FNDA:2,(anonymous_18)
DA:13,1
DA:14,5
DA:15,5
DA:19,5
DA:20,3
DA:21,2
DA:22,2
DA:25,3
DA:28,5
DA:39,1
DA:40,3
DA:41,3
DA:51,1
DA:58,8
DA:69,8
DA:71,8
DA:73,5
DA:75,5
DA:76,1
DA:77,1
DA:80,4
DA:87,4
DA:94,1
DA:101,23
DA:108,4
DA:112,1
DA:117,1
DA:124,3
DA:125,6
DA:126,6
DA:128,4
DA:130,4
DA:132,3
DA:133,3
DA:138,1
DA:139,1
DA:141,0
DA:156,1
DA:162,10
DA:163,10
DA:170,10
DA:177,7
DA:184,6
DA:191,23
DA:200,2
DA:202,2
DA:203,4
DA:204,4
DA:205,3
DA:207,1
DA:214,1
LF:51
LH:50
BRDA:31,0,0,5
BRDA:31,0,1,1
BRDA:41,1,0,3
BRDA:41,1,1,2
BRDA:56,2,0,7
BRDA:71,3,0,3
BRDA:71,3,1,5
BRDA:75,4,0,1
BRDA:75,4,1,4
BRDA:119,5,0,0
BRDA:120,6,0,0
BRDA:130,7,0,3
BRDA:130,7,1,1
BRDA:138,8,0,1
BRDA:138,8,1,0
BRF:15
BRH:12
end_of_record
TN:
SF:src/utils/performance.ts
FN:13,(anonymous_0)
FN:16,(anonymous_1)
FN:17,(anonymous_2)
FN:21,(anonymous_3)
FN:33,(anonymous_4)
FN:40,(anonymous_5)
FN:55,(anonymous_6)
FN:58,(anonymous_7)
FN:69,(anonymous_8)
FN:72,(anonymous_9)
FN:74,(anonymous_10)
FN:79,(anonymous_11)
FN:86,(anonymous_12)
FN:91,(anonymous_13)
FN:96,(anonymous_14)
FN:108,(anonymous_15)
FN:108,(anonymous_16)
FN:117,(anonymous_17)
FN:141,(anonymous_18)
FN:145,(anonymous_19)
FN:161,(anonymous_20)
FN:172,(anonymous_21)
FN:220,(anonymous_22)
FN:224,(anonymous_23)
FN:262,(anonymous_24)
FN:273,(anonymous_25)
FN:310,(anonymous_26)
FN:339,(anonymous_27)
FN:350,(anonymous_28)
FN:378,(anonymous_29)
FN:385,(anonymous_30)
FN:386,(anonymous_31)
FN:389,(anonymous_32)
FN:396,(anonymous_33)
FN:406,(anonymous_34)
FN:409,(anonymous_35)
FNF:36
FNH:22
FNDA:16,(anonymous_0)
FNDA:12,(anonymous_1)
FNDA:4,(anonymous_2)
FNDA:12,(anonymous_3)
FNDA:2,(anonymous_4)
FNDA:5,(anonymous_5)
FNDA:4,(anonymous_6)
FNDA:4,(anonymous_7)
FNDA:2,(anonymous_8)
FNDA:2,(anonymous_9)
FNDA:2,(anonymous_10)
FNDA:3,(anonymous_11)
FNDA:4,(anonymous_12)
FNDA:4,(anonymous_13)
FNDA:1,(anonymous_14)
FNDA:1,(anonymous_15)
FNDA:2,(anonymous_16)
FNDA:3,(anonymous_17)
FNDA:3,(anonymous_18)
FNDA:7,(anonymous_19)
FNDA:4,(anonymous_20)
FNDA:3,(anonymous_21)
FNDA:0,(anonymous_22)
FNDA:0,(anonymous_23)
FNDA:0,(anonymous_24)
FNDA:0,(anonymous_25)
FNDA:0,(anonymous_26)
FNDA:0,(anonymous_27)
FNDA:0,(anonymous_28)
FNDA:0,(anonymous_29)
FNDA:0,(anonymous_30)
FNDA:0,(anonymous_31)
FNDA:0,(anonymous_32)
FNDA:0,(anonymous_33)
FNDA:0,(anonymous_34)
FNDA:0,(anonymous_35)
DA:13,2
DA:14,16
DA:16,16
DA:17,12
DA:18,4
DA:21,12
DA:22,12
DA:26,16
DA:33,2
DA:37,2
DA:39,2
DA:41,5
DA:42,5
DA:43,3
DA:44,3
DA:55,2
DA:56,4
DA:58,4
DA:59,4
DA:62,4
DA:69,2
DA:70,2
DA:72,2
DA:73,2
DA:74,2
DA:75,2
DA:79,3
DA:86,2
DA:89,4
DA:91,4
DA:92,4
DA:95,4
DA:96,1
DA:104,2
DA:108,2
DA:121,3
DA:139,2
DA:141,2
DA:145,3
DA:146,7
DA:148,7
DA:149,2
DA:152,5
DA:153,5
DA:154,5
DA:161,2
DA:162,4
DA:168,2
DA:178,3
DA:183,3
DA:211,2
DA:212,2
DA:213,2
DA:214,2
DA:220,2
DA:221,0
DA:222,0
DA:224,0
DA:225,0
DA:226,0
DA:228,0
DA:229,0
DA:231,0
DA:234,0
DA:235,0
DA:238,0
DA:241,0
DA:252,0
DA:253,0
DA:256,0
DA:259,0
DA:262,0
DA:263,0
DA:264,0
DA:273,2
DA:275,0
DA:277,0
DA:278,0
DA:280,0
DA:286,0
DA:287,0
DA:289,0
DA:290,0
DA:310,2
DA:315,0
DA:317,0
DA:320,0
DA:321,0
DA:323,0
DA:324,0
DA:339,2
DA:340,0
DA:342,0
DA:343,0
DA:350,2
DA:355,0
DA:362,0
DA:365,0
DA:366,0
DA:370,0
DA:371,0
DA:378,2
DA:379,0
DA:385,2
DA:386,0
DA:387,0
DA:389,0
DA:390,0
DA:396,2
DA:397,0
DA:401,2
DA:406,2
DA:407,0
DA:409,0
DA:410,0
DA:411,0
LF:116
LH:64
BRDA:13,0,0,0
BRDA:35,1,0,0
BRDA:42,2,0,3
BRDA:42,2,1,2
BRDA:121,3,0,3
BRDA:121,3,1,1
BRDA:148,4,0,2
BRDA:148,4,1,5
BRDA:175,5,0,0
BRDA:176,6,0,0
BRDA:228,7,0,0
BRDA:228,7,1,0
BRDA:234,8,0,0
BRDA:234,8,1,0
BRDA:238,9,0,0
BRDA:238,9,1,0
BRDA:263,10,0,0
BRDA:263,10,1,0
BRDA:275,11,0,0
BRDA:275,11,1,0
BRDA:286,12,0,0
BRDA:286,12,1,0
BRDA:289,13,0,0
BRDA:289,13,1,0
BRDA:320,14,0,0
BRDA:320,14,1,0
BRDA:323,15,0,0
BRDA:323,15,1,0
BRDA:342,16,0,0
BRDA:342,16,1,0
BRDA:365,17,0,0
BRDA:365,17,1,0
BRDA:370,18,0,0
BRDA:370,18,1,0
BRDA:387,19,0,0
BRDA:387,19,1,0
BRF:36
BRH:6
end_of_record
TN:
SF:src/utils/performanceBenchmark.ts
FN:53,(anonymous_0)
FN:57,(anonymous_1)
FN:67,(anonymous_2)
FN:104,(anonymous_3)
FN:141,(anonymous_4)
FN:159,(anonymous_5)
FN:162,(anonymous_6)
FN:170,(anonymous_7)
FN:172,(anonymous_8)
FN:174,(anonymous_9)
FN:179,(anonymous_10)
FN:183,(anonymous_11)
FN:189,(anonymous_12)
FN:190,(anonymous_13)
FN:214,(anonymous_14)
FN:221,(anonymous_15)
FN:238,(anonymous_16)
FN:278,(anonymous_17)
FN:287,(anonymous_18)
FN:302,(anonymous_19)
FN:319,(anonymous_20)
FN:323,(anonymous_21)
FN:327,(anonymous_22)
FN:341,(anonymous_23)
FN:346,(anonymous_24)
FN:351,(anonymous_25)
FN:357,(anonymous_26)
FN:372,(anonymous_27)
FN:375,(anonymous_28)
FNF:29
FNH:0
FNDA:0,(anonymous_0)
FNDA:0,(anonymous_1)
FNDA:0,(anonymous_2)
FNDA:0,(anonymous_3)
FNDA:0,(anonymous_4)
FNDA:0,(anonymous_5)
FNDA:0,(anonymous_6)
FNDA:0,(anonymous_7)
FNDA:0,(anonymous_8)
FNDA:0,(anonymous_9)
FNDA:0,(anonymous_10)
FNDA:0,(anonymous_11)
FNDA:0,(anonymous_12)
FNDA:0,(anonymous_13)
FNDA:0,(anonymous_14)
FNDA:0,(anonymous_15)
FNDA:0,(anonymous_16)
FNDA:0,(anonymous_17)
FNDA:0,(anonymous_18)
FNDA:0,(anonymous_19)
FNDA:0,(anonymous_20)
FNDA:0,(anonymous_21)
FNDA:0,(anonymous_22)
FNDA:0,(anonymous_23)
FNDA:0,(anonymous_24)
FNDA:0,(anonymous_25)
FNDA:0,(anonymous_26)
FNDA:0,(anonymous_27)
FNDA:0,(anonymous_28)
DA:46,0
DA:47,0
DA:48,0
DA:49,0
DA:50,0
DA:51,0
DA:54,0
DA:58,0
DA:59,0
DA:61,0
DA:73,0
DA:82,0
DA:85,0
DA:86,0
DA:89,0
DA:92,0
DA:93,0
DA:105,0
DA:107,0
DA:108,0
DA:110,0
DA:113,0
DA:121,0
DA:131,0
DA:132,0
DA:142,0
DA:143,0
DA:146,0
DA:147,0
DA:150,0
DA:152,0
DA:161,0
DA:162,0
DA:163,0
DA:164,0
DA:165,0
DA:166,0
DA:169,0
DA:170,0
DA:172,0
DA:174,0
DA:178,0
DA:179,0
DA:183,0
DA:187,0
DA:188,0
DA:189,0
DA:190,0
DA:196,0
DA:201,0
DA:218,0
DA:221,0
DA:222,0
DA:223,0
DA:228,0
DA:229,0
DA:238,0
DA:239,0
DA:240,0
DA:247,0
DA:248,0
DA:259,0
DA:260,0
DA:262,0
DA:272,0
DA:279,0
DA:280,0
DA:281,0
DA:288,0
DA:289,0
DA:293,0
DA:295,0
DA:303,0
DA:304,0
DA:305,0
DA:306,0
DA:307,0
DA:308,0
DA:311,0
DA:319,0
DA:320,0
DA:321,0
DA:323,0
DA:324,0
DA:327,0
DA:328,0
DA:329,0
DA:331,0
DA:338,0
DA:341,0
DA:342,0
DA:346,0
DA:347,0
DA:348,0
DA:351,0
DA:352,0
DA:353,0
DA:356,0
DA:358,0
DA:359,0
DA:366,0
DA:372,0
DA:373,0
DA:375,0
DA:376,0
DA:377,0
DA:378,0
DA:386,0
DA:392,0
LF:109
LH:0
BRDA:58,0,0,0
BRDA:58,0,1,0
BRDA:85,1,0,0
BRDA:85,1,1,0
BRDA:92,2,0,0
BRDA:92,2,1,0
BRDA:107,3,0,0
BRDA:107,3,1,0
BRDA:131,4,0,0
BRDA:131,4,1,0
BRDA:146,5,0,0
BRDA:146,5,1,0
BRDA:146,6,0,0
BRDA:146,6,1,0
BRDA:164,7,0,0
BRDA:164,7,1,0
BRDA:189,8,0,0
BRDA:189,8,1,0
BRDA:192,9,0,0
BRDA:192,9,1,0
BRDA:222,10,0,0
BRDA:222,10,1,0
BRDA:228,11,0,0
BRDA:228,11,1,0
BRDA:239,12,0,0
BRDA:239,12,1,0
BRDA:247,13,0,0
BRDA:247,13,1,0
BRDA:259,14,0,0
BRDA:259,14,1,0
BRDA:305,15,0,0
BRDA:305,15,1,0
BRDA:307,16,0,0
BRDA:307,16,1,0
BRDA:308,17,0,0
BRDA:308,17,1,0
BRDA:377,18,0,0
BRDA:377,18,1,0
BRF:38
BRH:0
end_of_record
TN:
SF:src/utils/rateLimiter.ts
FN:64,(anonymous_0)
FN:133,(anonymous_1)
FN:144,withRateLimit
FN:147,(anonymous_3)
FN:161,(anonymous_4)
FN:168,(anonymous_5)
FN:175,(anonymous_6)
FN:211,(anonymous_7)
FN:220,(anonymous_8)
FN:221,(anonymous_9)
FN:228,(anonymous_10)
FN:249,(anonymous_11)
FNF:12
FNH:12
FNDA:35,(anonymous_0)
FNDA:2,(anonymous_1)
FNDA:2,withRateLimit
FNDA:3,(anonymous_3)
FNDA:1,(anonymous_4)
FNDA:14,(anonymous_5)
FNDA:2,(anonymous_6)
FNDA:2,(anonymous_7)
FNDA:4,(anonymous_8)
FNDA:4,(anonymous_9)
FNDA:1,(anonymous_10)
FNDA:1,(anonymous_11)
DA:32,2
DA:37,2
DA:64,2
DA:68,35
DA:69,35
DA:72,35
DA:73,13
DA:77,13
DA:85,22
DA:86,15
DA:87,15
DA:95,7
DA:99,7
DA:101,7
DA:134,2
DA:135,2
DA:136,2
DA:137,2
DA:147,2
DA:148,3
DA:150,3
DA:151,1
DA:154,2
DA:161,2
DA:162,1
DA:168,2
DA:169,14
DA:175,2
DA:183,2
DA:184,2
DA:186,2
DA:187,1
DA:194,1
DA:206,2
DA:212,2
DA:213,2
DA:214,2
DA:221,4
DA:223,4
DA:224,2
DA:228,4
DA:229,1
DA:231,1
DA:232,0
DA:233,0
DA:236,1
DA:237,1
DA:238,1
DA:240,0
DA:250,1
DA:251,1
DA:252,1
LF:52
LH:49
BRDA:72,0,0,13
BRDA:72,0,1,22
BRDA:72,1,0,35
BRDA:72,1,1,23
BRDA:85,2,0,15
BRDA:85,2,1,7
BRDA:150,3,0,1
BRDA:150,3,1,2
BRDA:186,4,0,1
BRDA:186,4,1,1
BRDA:186,5,0,2
BRDA:186,5,1,1
BRDA:211,6,0,0
BRDA:223,7,0,2
BRDA:223,7,1,2
BRDA:231,8,0,0
BRDA:231,8,1,1
BRDA:250,9,0,1
BRDA:250,9,1,0
BRF:19
BRH:16
end_of_record
TN:
SF:src/utils/responsive.ts
FN:11,(anonymous_0)
FN:34,(anonymous_1)
FN:42,(anonymous_2)
FN:53,(anonymous_3)
FN:65,(anonymous_4)
FN:70,(anonymous_5)
FN:75,(anonymous_6)
FN:86,(anonymous_7)
FN:104,(anonymous_8)
FN:118,(anonymous_9)
FN:123,(anonymous_10)
FN:131,(anonymous_11)
FN:147,(anonymous_12)
FN:165,(anonymous_13)
FN:175,(anonymous_14)
FNF:15
FNH:7
FNDA:1,(anonymous_0)
FNDA:3,(anonymous_1)
FNDA:3,(anonymous_2)
FNDA:2,(anonymous_3)
FNDA:3,(anonymous_4)
FNDA:2,(anonymous_5)
FNDA:2,(anonymous_6)
FNDA:0,(anonymous_7)
FNDA:0,(anonymous_8)
FNDA:0,(anonymous_9)
FNDA:0,(anonymous_10)
FNDA:0,(anonymous_11)
FNDA:0,(anonymous_12)
FNDA:0,(anonymous_13)
FNDA:0,(anonymous_14)
DA:11,1
DA:12,1
DA:13,1
DA:14,1
DA:16,1
DA:25,1
DA:34,1
DA:35,3
DA:37,3
DA:38,2
DA:39,1
DA:42,1
DA:43,3
DA:44,3
DA:47,3
DA:53,1
DA:54,2
DA:55,2
DA:62,1
DA:63,1
DA:65,1
DA:66,3
DA:67,3
DA:70,1
DA:71,2
DA:72,2
DA:75,1
DA:76,2
DA:77,2
DA:78,2
DA:80,2
DA:86,1
DA:87,0
DA:89,0
DA:91,0
DA:104,1
DA:105,0
DA:107,0
DA:118,1
DA:119,0
DA:120,0
DA:123,1
DA:124,0
DA:125,0
DA:131,1
DA:137,0
DA:138,0
DA:139,0
DA:140,0
DA:141,0
DA:147,1
DA:148,0
DA:150,0
DA:152,0
DA:154,0
DA:156,0
DA:158,0
DA:165,1
DA:175,1
DA:180,0
LF:60
LH:39
BRDA:37,0,0,1
BRDA:37,0,1,2
BRDA:38,1,0,1
BRDA:38,1,1,1
BRDA:48,2,0,3
BRDA:48,2,1,2
BRDA:48,2,2,2
BRDA:48,2,3,1
BRDA:48,2,4,1
BRDA:89,3,0,0
BRDA:89,3,1,0
BRDA:89,4,0,0
BRDA:89,4,1,0
BRDA:109,5,0,0
BRDA:109,5,1,0
BRDA:137,6,0,0
BRDA:137,6,1,0
BRDA:137,7,0,0
BRDA:137,7,1,0
BRDA:138,8,0,0
BRDA:138,8,1,0
BRDA:138,9,0,0
BRDA:138,9,1,0
BRDA:140,10,0,0
BRDA:140,10,1,0
BRDA:140,11,0,0
BRDA:140,11,1,0
BRDA:150,12,0,0
BRDA:150,12,1,0
BRDA:150,12,2,0
BRDA:150,12,3,0
BRDA:165,13,0,0
BRDA:177,14,0,0
BRDA:178,15,0,0
BRF:34
BRH:9
end_of_record
TN:
SF:src/utils/secureStorage.ts
FN:12,(anonymous_0)
FN:29,(anonymous_1)
FN:47,(anonymous_2)
FN:64,(anonymous_3)
FN:81,(anonymous_4)
FN:82,(anonymous_5)
FNF:6
FNH:6
FNDA:11,(anonymous_0)
FNDA:3,(anonymous_1)
FNDA:3,(anonymous_2)
FNDA:5,(anonymous_3)
FNDA:2,(anonymous_4)
FNDA:3,(anonymous_5)
DA:12,1
DA:13,11
DA:14,11
DA:15,11
DA:17,1
DA:25,1
DA:30,3
DA:31,3
DA:32,3
DA:33,1
DA:36,2
DA:40,0
DA:48,3
DA:49,3
DA:50,3
DA:51,2
DA:53,1
DA:57,0
DA:65,5
DA:66,5
DA:67,5
DA:68,4
DA:70,1
DA:74,0
DA:82,3
DA:89,1
LF:26
LH:23
BRDA:13,0,0,0
BRDA:13,0,1,11
BRDA:32,1,0,1
BRDA:32,1,1,2
BRDA:50,2,0,2
BRDA:50,2,1,1
BRDA:67,3,0,4
BRDA:67,3,1,1
BRF:8
BRH:7
end_of_record
TN:
SF:src/utils/security.ts
FN:14,(anonymous_0)
FN:23,(anonymous_1)
FN:32,(anonymous_2)
FN:45,(anonymous_3)
FN:59,(anonymous_4)
FN:67,(anonymous_5)
FN:81,(anonymous_6)
FN:122,(anonymous_7)
FN:131,(anonymous_8)
FN:143,(anonymous_9)
FN:157,(anonymous_10)
FN:169,(anonymous_11)
FN:178,(anonymous_12)
FN:192,(anonymous_13)
FN:199,(anonymous_14)
FNF:15
FNH:11
FNDA:0,(anonymous_0)
FNDA:0,(anonymous_1)
FNDA:0,(anonymous_2)
FNDA:11,(anonymous_3)
FNDA:8,(anonymous_4)
FNDA:8,(anonymous_5)
FNDA:9,(anonymous_6)
FNDA:7,(anonymous_7)
FNDA:6,(anonymous_8)
FNDA:4,(anonymous_9)
FNDA:3,(anonymous_10)
FNDA:9,(anonymous_11)
FNDA:8,(anonymous_12)
FNDA:3,(anonymous_13)
FNDA:0,(anonymous_14)
DA:7,2
DA:13,2
DA:15,0
DA:16,0
DA:18,0
DA:19,0
DA:24,0
DA:25,0
DA:27,0
DA:28,0
DA:33,0
DA:34,0
DA:36,0
DA:37,0
DA:45,2
DA:46,11
DA:48,10
DA:59,2
DA:60,8
DA:61,8
DA:67,2
DA:68,8
DA:69,8
DA:81,2
DA:84,9
DA:86,9
DA:87,2
DA:89,9
DA:90,2
DA:92,9
DA:93,1
DA:95,9
DA:96,2
DA:98,9
DA:99,3
DA:103,9
DA:104,9
DA:106,9
DA:107,2
DA:108,7
DA:109,6
DA:112,9
DA:122,2
DA:124,7
DA:125,7
DA:131,2
DA:132,6
DA:133,6
DA:134,3
DA:136,3
DA:143,2
DA:144,4
DA:145,4
DA:148,3
DA:154,3
DA:157,2
DA:158,3
DA:159,3
DA:161,2
DA:167,2
DA:169,2
DA:174,9
DA:175,9
DA:178,9
DA:180,9
DA:181,2
DA:184,7
DA:185,7
DA:186,7
DA:192,2
DA:193,3
DA:199,2
DA:200,0
DA:201,0
DA:204,0
DA:205,0
DA:206,0
DA:208,0
LF:78
LH:60
BRDA:25,0,0,0
BRDA:25,0,1,0
BRDA:46,1,0,1
BRDA:46,1,1,10
BRDA:86,2,0,2
BRDA:86,2,1,7
BRDA:89,3,0,2
BRDA:89,3,1,7
BRDA:92,4,0,1
BRDA:92,4,1,8
BRDA:95,5,0,2
BRDA:95,5,1,7
BRDA:98,6,0,3
BRDA:98,6,1,6
BRDA:106,7,0,2
BRDA:106,7,1,7
BRDA:106,8,0,9
BRDA:106,8,1,2
BRDA:108,9,0,6
BRDA:108,9,1,1
BRDA:145,10,0,1
BRDA:145,10,1,3
BRDA:145,11,0,4
BRDA:145,11,1,4
BRDA:148,12,0,2
BRDA:148,12,1,1
BRDA:159,13,0,1
BRDA:159,13,1,2
BRDA:171,14,0,0
BRDA:172,15,0,0
BRDA:175,16,0,9
BRDA:175,16,1,3
BRDA:180,17,0,2
BRDA:180,17,1,7
BRDA:200,18,0,0
BRDA:200,18,1,0
BRF:36
BRH:30
end_of_record
TN:
SF:src/utils/validation.ts
FN:38,(anonymous_0)
FN:57,(anonymous_1)
FN:188,(anonymous_2)
FN:200,(anonymous_3)
FN:338,(anonymous_4)
FN:395,(anonymous_5)
FN:409,(anonymous_6)
FN:414,(anonymous_7)
FNF:8
FNH:6
FNDA:8,(anonymous_0)
FNDA:3,(anonymous_1)
FNDA:9,(anonymous_2)
FNDA:9,(anonymous_3)
FNDA:0,(anonymous_4)
FNDA:0,(anonymous_5)
FNDA:3,(anonymous_6)
FNDA:4,(anonymous_7)
DA:11,2
DA:19,2
DA:38,8
DA:43,2
DA:47,2
DA:57,3
DA:65,2
DA:89,2
DA:116,2
DA:121,2
DA:136,2
DA:147,2
DA:159,2
DA:174,2
DA:189,9
DA:190,2
DA:192,7
DA:201,9
DA:202,2
DA:204,7
DA:229,2
DA:252,2
DA:270,2
DA:283,2
DA:301,2
DA:323,2
DA:333,2
DA:338,0
DA:348,2
DA:360,2
DA:371,2
DA:395,2
DA:399,0
DA:400,0
DA:401,0
DA:403,0
DA:409,2
DA:412,3
DA:414,3
DA:415,4
DA:416,4
DA:417,4
DA:419,4
DA:422,3
LF:44
LH:39
BRDA:189,0,0,2
BRDA:189,0,1,7
BRDA:189,1,0,9
BRDA:189,1,1,3
BRDA:201,2,0,2
BRDA:201,2,1,7
BRDA:201,3,0,9
BRDA:201,3,1,2
BRDA:400,4,0,0
BRDA:400,4,1,0
BRDA:416,5,0,4
BRDA:416,5,1,0
BRF:12
BRH:9
end_of_record
