TN:
SF:src/components/ActiveFilters.tsx
FN:31,(anonymous_0)
FN:45,(anonymous_1)
FN:51,(anonymous_2)
FNF:3
FNH:0
FNDA:0,(anonymous_0)
FNDA:0,(anonymous_1)
FNDA:0,(anonymous_2)
DA:31,0
DA:36,0
DA:38,0
DA:46,0
DA:51,0
DA:73,0
LF:6
LH:0
BRDA:36,0,0,0
BRDA:36,0,1,0
BRDA:63,1,0,0
BRDA:63,1,1,0
BRF:4
BRH:0
end_of_record
TN:
SF:src/components/BottomNav.tsx
FN:21,BottomNav
FN:27,(anonymous_1)
FN:36,(anonymous_2)
FN:56,(anonymous_3)
FN:76,(anonymous_4)
FN:92,(anonymous_5)
FN:116,(anonymous_6)
FNF:7
FNH:0
FNDA:0,BottomNav
FNDA:0,(anonymous_1)
FNDA:0,(anonymous_2)
FNDA:0,(anonymous_3)
FNDA:0,(anonymous_4)
FNDA:0,(anonymous_5)
FNDA:0,(anonymous_6)
DA:21,0
DA:24,0
DA:25,0
DA:27,0
DA:28,0
DA:29,0
DA:32,0
DA:36,0
DA:56,0
DA:76,0
DA:92,0
DA:116,0
DA:141,0
DA:146,0
LF:14
LH:0
BRDA:45,0,0,0
BRDA:45,0,1,0
BRDA:48,1,0,0
BRDA:48,1,1,0
BRDA:65,2,0,0
BRDA:65,2,1,0
BRDA:68,3,0,0
BRDA:68,3,1,0
BRDA:102,4,0,0
BRDA:102,4,1,0
BRDA:107,5,0,0
BRDA:107,5,1,0
BRDA:126,6,0,0
BRDA:126,6,1,0
BRDA:131,7,0,0
BRDA:131,7,1,0
BRDA:156,8,0,0
BRDA:156,8,1,0
BRF:18
BRH:0
end_of_record
TN:
SF:src/components/Button.tsx
FN:18,(anonymous_0)
FN:26,(anonymous_1)
FNF:2
FNH:0
FNDA:0,(anonymous_0)
FNDA:0,(anonymous_1)
DA:17,0
DA:26,0
DA:27,0
DA:28,0
DA:29,0
DA:31,0
DA:34,0
DA:37,0
DA:66,0
DA:105,0
LF:10
LH:0
BRDA:21,0,0,0
BRDA:22,1,0,0
BRDA:24,2,0,0
BRDA:27,3,0,0
BRDA:27,3,1,0
BRDA:27,4,0,0
BRDA:27,4,1,0
BRDA:28,5,0,0
BRDA:28,5,1,0
BRDA:41,6,0,0
BRDA:41,6,1,0
BRDA:42,7,0,0
BRDA:42,7,1,0
BRDA:43,8,0,0
BRDA:43,8,1,0
BRDA:54,9,0,0
BRDA:54,9,1,0
BRDA:55,10,0,0
BRDA:55,10,1,0
BRDA:56,11,0,0
BRDA:56,11,1,0
BRF:21
BRH:0
end_of_record
TN:
SF:src/components/ChatAttachmentBottomSheet.tsx
FN:29,(anonymous_0)
FN:94,(anonymous_1)
FN:98,(anonymous_2)
FNF:3
FNH:0
FNDA:0,(anonymous_0)
FNDA:0,(anonymous_1)
FNDA:0,(anonymous_2)
DA:29,0
DA:38,0
DA:71,0
DA:95,0
DA:99,0
DA:100,0
DA:134,0
DA:136,0
LF:8
LH:0
BRDA:119,0,0,0
BRDA:119,0,1,0
BRF:2
BRH:0
end_of_record
TN:
SF:src/components/ClearCacheDialog.tsx
FN:15,(anonymous_0)
FN:55,(anonymous_1)
FNF:2
FNH:0
FNDA:0,(anonymous_0)
FNDA:0,(anonymous_1)
DA:15,0
DA:20,0
DA:56,0
DA:57,0
DA:69,0
LF:5
LH:0
BRF:0
BRH:0
end_of_record
TN:
SF:src/components/CompleteGiftBottomSheet.tsx
FN:26,(anonymous_0)
FN:38,(anonymous_1)
FN:42,(anonymous_2)
FN:46,(anonymous_3)
FN:144,(anonymous_4)
FNF:5
FNH:0
FNDA:0,(anonymous_0)
FNDA:0,(anonymous_1)
FNDA:0,(anonymous_2)
FNDA:0,(anonymous_3)
FNDA:0,(anonymous_4)
DA:22,0
DA:26,0
DA:27,0
DA:28,0
DA:29,0
DA:30,0
DA:31,0
DA:33,0
DA:38,0
DA:39,0
DA:42,0
DA:43,0
DA:46,0
DA:47,0
DA:48,0
DA:50,0
DA:54,0
DA:144,0
DA:199,0
LF:19
LH:0
BRDA:47,0,0,0
BRDA:47,0,1,0
BRDA:156,1,0,0
BRDA:156,1,1,0
BRDA:159,2,0,0
BRDA:159,2,1,0
BRF:6
BRH:0
end_of_record
TN:
SF:src/components/ConfirmGiftModal.tsx
FN:25,(anonymous_0)
FNF:1
FNH:0
FNDA:0,(anonymous_0)
DA:25,0
DA:32,0
DA:79,0
LF:3
LH:0
BRF:0
BRH:0
end_of_record
TN:
SF:src/components/CurrencySelectionBottomSheet.tsx
FN:32,(anonymous_0)
FN:46,(anonymous_1)
FN:51,(anonymous_2)
FN:98,(anonymous_3)
FN:106,(anonymous_4)
FNF:5
FNH:0
FNDA:0,(anonymous_0)
FNDA:0,(anonymous_1)
FNDA:0,(anonymous_2)
FNDA:0,(anonymous_3)
FNDA:0,(anonymous_4)
DA:32,0
DA:33,0
DA:34,0
DA:36,0
DA:45,0
DA:47,0
DA:51,0
DA:52,0
DA:53,0
DA:56,0
DA:99,0
DA:106,0
DA:141,0
DA:143,0
LF:14
LH:0
BRDA:32,0,0,0
BRDA:47,1,0,0
BRDA:47,1,1,0
BRDA:103,2,0,0
BRDA:103,2,1,0
BRDA:115,3,0,0
BRDA:115,3,1,0
BRDA:118,4,0,0
BRDA:118,4,1,0
BRF:9
BRH:0
end_of_record
TN:
SF:src/components/DeleteMomentModal.tsx
FN:16,(anonymous_0)
FNF:1
FNH:0
FNDA:0,(anonymous_0)
DA:16,0
DA:22,0
DA:77,0
LF:3
LH:0
BRF:0
BRH:0
end_of_record
TN:
SF:src/components/EmptyInboxState.tsx
FN:8,(anonymous_0)
FN:11,(anonymous_1)
FN:15,(anonymous_2)
FNF:3
FNH:0
FNDA:0,(anonymous_0)
FNDA:0,(anonymous_1)
FNDA:0,(anonymous_2)
DA:8,0
DA:9,0
DA:11,0
DA:12,0
DA:15,0
DA:16,0
DA:19,0
DA:60,0
LF:8
LH:0
BRF:0
BRH:0
end_of_record
TN:
SF:src/components/EmptyState.tsx
FN:21,(anonymous_0)
FNF:1
FNH:0
FNDA:0,(anonymous_0)
DA:21,0
DA:30,0
DA:61,0
LF:3
LH:0
BRDA:32,0,0,0
BRDA:32,0,1,0
BRDA:34,1,0,0
BRDA:34,1,1,0
BRDA:48,2,0,0
BRDA:48,2,1,0
BRDA:48,2,2,0
BRF:7
BRH:0
end_of_record
TN:
SF:src/components/EmptyStateIllustration.tsx
FN:32,(anonymous_0)
FN:36,(anonymous_1)
FNF:2
FNH:0
FNDA:0,(anonymous_0)
FNDA:0,(anonymous_1)
DA:32,0
DA:36,0
DA:37,0
DA:39,0
DA:102,0
DA:179,0
DA:229,0
DA:271,0
DA:336,0
DA:404,0
DA:408,0
DA:411,0
LF:12
LH:0
BRDA:34,0,0,0
BRDA:37,1,0,0
BRDA:37,1,1,0
BRDA:37,1,2,0
BRDA:37,1,3,0
BRDA:37,1,4,0
BRDA:37,1,5,0
BRDA:37,1,6,0
BRF:8
BRH:0
end_of_record
TN:
SF:src/components/EmptyStates.tsx
FN:16,(anonymous_0)
FN:31,(anonymous_1)
FN:42,(anonymous_2)
FN:58,(anonymous_3)
FN:78,(anonymous_4)
FN:93,(anonymous_5)
FN:108,(anonymous_6)
FN:123,(anonymous_7)
FN:134,(anonymous_8)
FN:149,(anonymous_9)
FN:164,(anonymous_10)
FN:175,(anonymous_11)
FN:186,(anonymous_12)
FNF:13
FNH:0
FNDA:0,(anonymous_0)
FNDA:0,(anonymous_1)
FNDA:0,(anonymous_2)
FNDA:0,(anonymous_3)
FNDA:0,(anonymous_4)
FNDA:0,(anonymous_5)
FNDA:0,(anonymous_6)
FNDA:0,(anonymous_7)
FNDA:0,(anonymous_8)
FNDA:0,(anonymous_9)
FNDA:0,(anonymous_10)
FNDA:0,(anonymous_11)
FNDA:0,(anonymous_12)
DA:16,0
DA:19,0
DA:31,0
DA:32,0
DA:42,0
DA:43,0
DA:58,0
DA:62,0
DA:78,0
DA:81,0
DA:93,0
DA:96,0
DA:108,0
DA:111,0
DA:123,0
DA:124,0
DA:134,0
DA:137,0
DA:149,0
DA:152,0
DA:164,0
DA:165,0
DA:175,0
DA:176,0
DA:186,0
DA:189,0
LF:26
LH:0
BRDA:23,0,0,0
BRDA:23,0,1,0
BRDA:66,1,0,0
BRDA:66,1,1,0
BRDA:70,2,0,0
BRDA:70,2,1,0
BRDA:85,3,0,0
BRDA:85,3,1,0
BRDA:100,4,0,0
BRDA:100,4,1,0
BRDA:115,5,0,0
BRDA:115,5,1,0
BRDA:141,6,0,0
BRDA:141,6,1,0
BRDA:156,7,0,0
BRDA:156,7,1,0
BRDA:193,8,0,0
BRDA:193,8,1,0
BRF:18
BRH:0
end_of_record
TN:
SF:src/components/ErrorBoundary.tsx
FN:28,(anonymous_0)
FN:33,(anonymous_1)
FN:37,(anonymous_2)
FN:76,(anonymous_3)
FN:80,(anonymous_4)
FN:178,(anonymous_5)
FN:182,(anonymous_6)
FN:186,(anonymous_7)
FN:190,(anonymous_8)
FNF:9
FNH:0
FNDA:0,(anonymous_0)
FNDA:0,(anonymous_1)
FNDA:0,(anonymous_2)
FNDA:0,(anonymous_3)
FNDA:0,(anonymous_4)
FNDA:0,(anonymous_5)
FNDA:0,(anonymous_6)
FNDA:0,(anonymous_7)
FNDA:0,(anonymous_8)
DA:29,0
DA:30,0
DA:34,0
DA:38,0
DA:41,0
DA:43,0
DA:44,0
DA:45,0
DA:51,0
DA:53,0
DA:54,0
DA:58,0
DA:67,0
DA:71,0
DA:72,0
DA:76,0
DA:77,0
DA:81,0
DA:82,0
DA:84,0
DA:86,0
DA:87,0
DA:91,0
DA:124,0
DA:128,0
DA:178,0
DA:180,0
DA:182,0
DA:184,0
DA:186,0
DA:188,0
DA:190,0
DA:192,0
LF:33
LH:0
BRDA:38,0,0,0
BRDA:43,1,0,0
BRDA:43,1,1,0
BRDA:71,2,0,0
BRDA:71,2,1,0
BRDA:82,3,0,0
BRDA:84,4,0,0
BRDA:84,4,1,0
BRDA:84,5,0,0
BRDA:84,5,1,0
BRDA:86,6,0,0
BRDA:86,6,1,0
BRDA:100,7,0,0
BRDA:100,7,1,0
BRDA:105,8,0,0
BRDA:105,8,1,0
BRDA:109,9,0,0
BRDA:109,9,1,0
BRDA:109,9,2,0
BRF:19
BRH:0
end_of_record
TN:
SF:src/components/ErrorRecoveryComponents.tsx
FN:44,(anonymous_0)
FN:104,(anonymous_1)
FN:162,(anonymous_2)
FN:168,(anonymous_3)
FN:199,(anonymous_4)
FN:221,(anonymous_5)
FNF:6
FNH:0
FNDA:0,(anonymous_0)
FNDA:0,(anonymous_1)
FNDA:0,(anonymous_2)
FNDA:0,(anonymous_3)
FNDA:0,(anonymous_4)
FNDA:0,(anonymous_5)
DA:44,0
DA:53,0
DA:57,0
DA:59,0
DA:104,0
DA:108,0
DA:162,0
DA:166,0
DA:168,0
DA:169,0
DA:176,0
DA:178,0
DA:199,0
DA:200,0
DA:202,0
DA:221,0
DA:227,0
DA:246,0
LF:18
LH:0
BRDA:50,0,0,0
BRDA:53,1,0,0
BRDA:53,1,1,0
BRDA:53,1,2,0
BRDA:54,2,0,0
BRDA:54,2,1,0
BRDA:57,3,0,0
BRDA:57,3,1,0
BRDA:73,4,0,0
BRDA:73,4,1,0
BRDA:82,5,0,0
BRDA:82,5,1,0
BRDA:82,5,2,0
BRDA:124,6,0,0
BRDA:124,6,1,0
BRDA:133,7,0,0
BRDA:133,7,1,0
BRDA:170,8,0,0
BRDA:170,8,1,0
BRDA:176,9,0,0
BRDA:176,9,1,0
BRDA:182,10,0,0
BRDA:182,10,1,0
BRDA:200,11,0,0
BRDA:200,11,1,0
BRDA:222,12,0,0
BRDA:224,13,0,0
BRDA:225,14,0,0
BRDA:231,15,0,0
BRDA:231,15,1,0
BRDA:237,16,0,0
BRDA:237,16,1,0
BRF:32
BRH:0
end_of_record
TN:
SF:src/components/FeedbackModal.tsx
FN:47,(anonymous_0)
FN:64,(anonymous_1)
FN:69,(anonymous_2)
FN:74,(anonymous_3)
FN:101,(anonymous_4)
FN:149,(anonymous_5)
FN:152,(anonymous_6)
FN:170,(anonymous_7)
FN:173,(anonymous_8)
FNF:9
FNH:0
FNDA:0,(anonymous_0)
FNDA:0,(anonymous_1)
FNDA:0,(anonymous_2)
FNDA:0,(anonymous_3)
FNDA:0,(anonymous_4)
FNDA:0,(anonymous_5)
FNDA:0,(anonymous_6)
FNDA:0,(anonymous_7)
FNDA:0,(anonymous_8)
DA:39,0
DA:47,0
DA:55,0
DA:56,0
DA:57,0
DA:58,0
DA:60,0
DA:61,0
DA:62,0
DA:64,0
DA:65,0
DA:66,0
DA:69,0
DA:70,0
DA:71,0
DA:74,0
DA:75,0
DA:76,0
DA:77,0
DA:80,0
DA:81,0
DA:84,0
DA:92,0
DA:93,0
DA:101,0
DA:102,0
DA:103,0
DA:104,0
DA:105,0
DA:106,0
DA:110,0
DA:112,0
DA:150,0
DA:152,0
DA:171,0
DA:173,0
DA:228,0
LF:37
LH:0
BRDA:51,0,0,0
BRDA:52,1,0,0
BRDA:53,2,0,0
BRDA:75,3,0,0
BRDA:75,3,1,0
BRDA:92,4,0,0
BRDA:92,4,1,0
BRDA:110,5,0,0
BRDA:110,5,1,0
BRDA:121,6,0,0
BRDA:121,6,1,0
BRDA:157,7,0,0
BRDA:157,7,1,0
BRDA:159,8,0,0
BRDA:159,8,1,0
BRDA:176,9,0,0
BRDA:176,9,1,0
BRDA:182,10,0,0
BRDA:182,10,1,0
BRDA:213,11,0,0
BRDA:213,11,1,0
BRDA:219,12,0,0
BRDA:219,12,1,0
BRF:23
BRH:0
end_of_record
TN:
SF:src/components/FilterPill.tsx
FN:25,(anonymous_0)
FN:28,(anonymous_1)
FNF:2
FNH:0
FNDA:0,(anonymous_0)
FNDA:0,(anonymous_1)
DA:24,0
DA:26,0
DA:28,0
DA:29,0
DA:30,0
DA:33,0
DA:58,0
DA:68,0
DA:70,0
LF:9
LH:0
BRDA:35,0,0,0
BRDA:35,0,1,0
BRDA:41,1,0,0
BRDA:41,1,1,0
BRDA:45,2,0,0
BRDA:45,2,1,0
BRDA:49,3,0,0
BRDA:49,3,1,0
BRF:8
BRH:0
end_of_record
TN:
SF:src/components/GiftMomentBottomSheet.tsx
FN:33,(anonymous_0)
FN:47,(anonymous_1)
FN:62,(anonymous_2)
FN:63,(anonymous_3)
FN:66,(anonymous_4)
FN:71,(anonymous_5)
FN:86,(anonymous_6)
FN:102,(anonymous_7)
FN:115,(anonymous_8)
FN:121,(anonymous_9)
FN:131,(anonymous_10)
FN:135,(anonymous_11)
FN:139,(anonymous_12)
FN:143,(anonymous_13)
FN:288,(anonymous_14)
FN:318,(anonymous_15)
FN:347,(anonymous_16)
FN:393,(anonymous_17)
FNF:18
FNH:0
FNDA:0,(anonymous_0)
FNDA:0,(anonymous_1)
FNDA:0,(anonymous_2)
FNDA:0,(anonymous_3)
FNDA:0,(anonymous_4)
FNDA:0,(anonymous_5)
FNDA:0,(anonymous_6)
FNDA:0,(anonymous_7)
FNDA:0,(anonymous_8)
FNDA:0,(anonymous_9)
FNDA:0,(anonymous_10)
FNDA:0,(anonymous_11)
FNDA:0,(anonymous_12)
FNDA:0,(anonymous_13)
FNDA:0,(anonymous_14)
FNDA:0,(anonymous_15)
FNDA:0,(anonymous_16)
FNDA:0,(anonymous_17)
DA:21,0
DA:22,0
DA:33,0
DA:34,0
DA:35,0
DA:41,0
DA:47,0
DA:54,0
DA:55,0
DA:56,0
DA:57,0
DA:60,0
DA:62,0
DA:64,0
DA:67,0
DA:68,0
DA:72,0
DA:73,0
DA:75,0
DA:86,0
DA:87,0
DA:102,0
DA:103,0
DA:116,0
DA:117,0
DA:121,0
DA:122,0
DA:123,0
DA:124,0
DA:125,0
DA:129,0
DA:131,0
DA:132,0
DA:135,0
DA:136,0
DA:137,0
DA:139,0
DA:140,0
DA:143,0
DA:146,0
DA:288,0
DA:318,0
DA:347,0
DA:393,0
DA:401,0
LF:45
LH:0
BRDA:34,0,0,0
BRDA:34,0,1,0
BRDA:34,1,0,0
BRDA:34,1,1,0
BRDA:67,2,0,0
BRDA:67,2,1,0
BRDA:72,3,0,0
BRDA:72,3,1,0
BRDA:72,4,0,0
BRDA:72,4,1,0
BRDA:122,5,0,0
BRDA:122,5,1,0
BRDA:122,6,0,0
BRDA:122,6,1,0
BRDA:124,7,0,0
BRDA:124,7,1,0
BRDA:129,8,0,0
BRDA:129,8,1,0
BRDA:177,9,0,0
BRDA:177,9,1,0
BRDA:183,10,0,0
BRDA:183,10,1,0
BRDA:212,11,0,0
BRDA:212,11,1,0
BRDA:224,12,0,0
BRDA:224,12,1,0
BRDA:251,13,0,0
BRDA:251,13,1,0
BRDA:286,14,0,0
BRDA:286,14,1,0
BRDA:295,15,0,0
BRDA:295,15,1,0
BRDA:303,16,0,0
BRDA:303,16,1,0
BRDA:311,17,0,0
BRDA:311,17,1,0
BRDA:315,18,0,0
BRDA:315,18,1,0
BRDA:325,19,0,0
BRDA:325,19,1,0
BRDA:333,20,0,0
BRDA:333,20,1,0
BRDA:345,21,0,0
BRDA:345,21,1,0
BRDA:354,22,0,0
BRDA:354,22,1,0
BRDA:362,23,0,0
BRDA:362,23,1,0
BRDA:388,24,0,0
BRDA:388,24,1,0
BRF:50
BRH:0
end_of_record
TN:
SF:src/components/GiftSuccessModal.tsx
FN:26,(anonymous_0)
FN:36,(anonymous_1)
FN:44,(anonymous_2)
FN:69,(anonymous_3)
FN:100,(anonymous_4)
FN:128,(anonymous_5)
FNF:6
FNH:0
FNDA:0,(anonymous_0)
FNDA:0,(anonymous_1)
FNDA:0,(anonymous_2)
FNDA:0,(anonymous_3)
FNDA:0,(anonymous_4)
FNDA:0,(anonymous_5)
DA:26,0
DA:33,0
DA:34,0
DA:35,0
DA:36,0
DA:44,0
DA:45,0
DA:47,0
DA:48,0
DA:50,0
DA:54,0
DA:69,0
DA:70,0
DA:71,0
DA:73,0
DA:98,0
DA:99,0
DA:100,0
DA:101,0
DA:102,0
DA:103,0
DA:104,0
DA:109,0
DA:117,0
DA:129,0
DA:237,0
LF:26
LH:0
BRDA:45,0,0,0
BRDA:45,0,1,0
BRDA:47,1,0,0
BRDA:47,1,1,0
BRDA:175,2,0,0
BRDA:175,2,1,0
BRDA:188,3,0,0
BRDA:188,3,1,0
BRDA:202,4,0,0
BRDA:202,4,1,0
BRDA:202,4,2,0
BRDA:219,5,0,0
BRDA:219,5,1,0
BRDA:225,6,0,0
BRDA:225,6,1,0
BRF:15
BRH:0
end_of_record
TN:
SF:src/components/LanguageSelectionBottomSheet.tsx
FN:25,(anonymous_0)
FN:31,(anonymous_1)
FN:59,(anonymous_2)
FN:66,(anonymous_3)
FNF:4
FNH:0
FNDA:0,(anonymous_0)
FNDA:0,(anonymous_1)
FNDA:0,(anonymous_2)
FNDA:0,(anonymous_3)
DA:25,0
DA:27,0
DA:29,0
DA:31,0
DA:32,0
DA:33,0
DA:36,0
DA:60,0
DA:66,0
DA:95,0
DA:97,0
LF:11
LH:0
BRDA:25,0,0,0
BRDA:64,1,0,0
BRDA:64,1,1,0
BRDA:72,2,0,0
BRDA:72,2,1,0
BRDA:75,3,0,0
BRDA:75,3,1,0
BRF:7
BRH:0
end_of_record
TN:
SF:src/components/LanguageSelector.tsx
FN:21,(anonymous_0)
FN:25,(anonymous_1)
FN:27,(anonymous_2)
FN:35,(anonymous_3)
FN:42,(anonymous_4)
FNF:5
FNH:0
FNDA:0,(anonymous_0)
FNDA:0,(anonymous_1)
FNDA:0,(anonymous_2)
FNDA:0,(anonymous_3)
FNDA:0,(anonymous_4)
DA:21,0
DA:24,0
DA:25,0
DA:27,0
DA:28,0
DA:29,0
DA:30,0
DA:33,0
DA:36,0
DA:38,0
DA:42,0
DA:56,0
LF:12
LH:0
BRDA:41,0,0,0
BRDA:41,0,1,0
BRDA:45,1,0,0
BRDA:45,1,1,0
BRDA:48,2,0,0
BRDA:48,2,1,0
BRF:6
BRH:0
end_of_record
TN:
SF:src/components/Loading.tsx
FN:16,(anonymous_0)
FNF:1
FNH:0
FNDA:0,(anonymous_0)
DA:16,0
DA:23,0
DA:25,0
DA:35,0
LF:4
LH:0
BRDA:17,0,0,0
BRDA:18,1,0,0
BRDA:20,2,0,0
BRDA:23,3,0,0
BRDA:23,3,1,0
BRDA:29,4,0,0
BRDA:29,4,1,0
BRF:7
BRH:0
end_of_record
TN:
SF:src/components/LoadingState.tsx
FN:31,(anonymous_0)
FN:53,(anonymous_1)
FN:64,(anonymous_2)
FNF:3
FNH:0
FNDA:0,(anonymous_0)
FNDA:0,(anonymous_1)
FNDA:0,(anonymous_2)
DA:31,0
DA:32,0
DA:53,0
DA:60,0
DA:62,0
DA:65,0
DA:71,0
DA:78,0
DA:90,0
DA:94,0
LF:10
LH:0
BRDA:55,0,0,0
BRDA:57,1,0,0
BRDA:58,2,0,0
BRDA:60,3,0,0
BRDA:60,3,1,0
BRDA:60,3,2,0
BRDA:60,3,3,0
BRDA:83,4,0,0
BRDA:83,4,1,0
BRF:9
BRH:0
end_of_record
TN:
SF:src/components/LocationPickerBottomSheet.tsx
FN:32,(anonymous_0)
FN:43,(anonymous_1)
FN:48,(anonymous_2)
FN:52,(anonymous_3)
FNF:4
FNH:0
FNDA:0,(anonymous_0)
FNDA:0,(anonymous_1)
FNDA:0,(anonymous_2)
FNDA:0,(anonymous_3)
DA:32,0
DA:33,0
DA:34,0
DA:43,0
DA:44,0
DA:45,0
DA:48,0
DA:49,0
DA:52,0
DA:53,0
DA:56,0
DA:157,0
LF:12
LH:0
BRDA:35,0,0,0
BRDA:35,0,1,0
BRDA:103,1,0,0
BRDA:103,1,1,0
BRF:4
BRH:0
end_of_record
TN:
SF:src/components/MomentCard.tsx
FN:21,(anonymous_0)
FN:31,(anonymous_1)
FN:42,(anonymous_2)
FN:51,(anonymous_3)
FNF:4
FNH:0
FNDA:0,(anonymous_0)
FNDA:0,(anonymous_1)
FNDA:0,(anonymous_2)
FNDA:0,(anonymous_3)
DA:20,0
DA:22,0
DA:27,0
DA:30,0
DA:32,0
DA:33,0
DA:35,0
DA:36,0
DA:41,0
DA:43,0
DA:44,0
DA:46,0
DA:51,0
DA:52,0
DA:53,0
DA:56,0
DA:150,0
DA:267,0
LF:18
LH:0
BRDA:32,0,0,0
BRDA:32,0,1,0
BRDA:32,1,0,0
BRDA:32,1,1,0
BRDA:32,1,2,0
BRDA:43,2,0,0
BRDA:43,2,1,0
BRDA:43,3,0,0
BRDA:43,3,1,0
BRDA:43,3,2,0
BRDA:81,4,0,0
BRDA:81,4,1,0
BRF:12
BRH:0
end_of_record
TN:
SF:src/components/NotificationPermissionModal.tsx
FN:27,(anonymous_0)
FN:28,(anonymous_1)
FNF:2
FNH:0
FNDA:0,(anonymous_0)
FNDA:0,(anonymous_1)
DA:27,0
DA:28,0
DA:30,0
DA:32,0
DA:35,0
DA:37,0
DA:40,0
DA:111,0
LF:8
LH:0
BRDA:30,0,0,0
BRDA:30,0,1,0
BRF:2
BRH:0
end_of_record
TN:
SF:src/components/OnboardingContainer.tsx
FN:16,(anonymous_0)
FN:22,(anonymous_1)
FN:25,(anonymous_2)
FN:27,(anonymous_3)
FN:28,(anonymous_4)
FN:40,(anonymous_5)
FNF:6
FNH:0
FNDA:0,(anonymous_0)
FNDA:0,(anonymous_1)
FNDA:0,(anonymous_2)
FNDA:0,(anonymous_3)
FNDA:0,(anonymous_4)
FNDA:0,(anonymous_5)
DA:16,0
DA:19,0
DA:20,0
DA:21,0
DA:22,0
DA:25,0
DA:27,0
DA:28,0
DA:31,0
DA:32,0
DA:39,0
DA:40,0
DA:43,0
DA:46,0
LF:14
LH:0
BRDA:31,0,0,0
BRDA:31,0,1,0
BRDA:39,1,0,0
BRDA:39,1,1,0
BRF:4
BRH:0
end_of_record
TN:
SF:src/components/RecentSearches.tsx
FN:26,(anonymous_0)
FN:45,(anonymous_1)
FN:46,(anonymous_2)
FN:49,(anonymous_3)
FN:62,(anonymous_4)
FNF:5
FNH:0
FNDA:0,(anonymous_0)
FNDA:0,(anonymous_1)
FNDA:0,(anonymous_2)
FNDA:0,(anonymous_3)
FNDA:0,(anonymous_4)
DA:26,0
DA:32,0
DA:34,0
DA:45,0
DA:47,0
DA:49,0
DA:62,0
DA:79,0
LF:8
LH:0
BRDA:32,0,0,0
BRDA:32,0,1,0
BRF:2
BRH:0
end_of_record
TN:
SF:src/components/RemoveCardModal.tsx
FN:16,(anonymous_0)
FNF:1
FNH:0
FNDA:0,(anonymous_0)
DA:16,0
DA:22,0
DA:74,0
LF:3
LH:0
BRDA:20,0,0,0
BRF:1
BRH:0
end_of_record
TN:
SF:src/components/ReportBlockBottomSheet.tsx
FN:26,(anonymous_0)
FN:38,(anonymous_1)
FN:42,(anonymous_2)
FN:47,(anonymous_3)
FN:52,(anonymous_4)
FN:65,(anonymous_5)
FN:170,(anonymous_6)
FN:194,(anonymous_7)
FN:209,(anonymous_8)
FN:225,(anonymous_9)
FN:240,(anonymous_10)
FNF:11
FNH:0
FNDA:0,(anonymous_0)
FNDA:0,(anonymous_1)
FNDA:0,(anonymous_2)
FNDA:0,(anonymous_3)
FNDA:0,(anonymous_4)
FNDA:0,(anonymous_5)
FNDA:0,(anonymous_6)
FNDA:0,(anonymous_7)
FNDA:0,(anonymous_8)
FNDA:0,(anonymous_9)
FNDA:0,(anonymous_10)
DA:22,0
DA:26,0
DA:32,0
DA:35,0
DA:36,0
DA:38,0
DA:39,0
DA:42,0
DA:43,0
DA:44,0
DA:47,0
DA:48,0
DA:49,0
DA:52,0
DA:54,0
DA:61,0
DA:62,0
DA:65,0
DA:66,0
DA:67,0
DA:68,0
DA:69,0
DA:72,0
DA:171,0
DA:194,0
DA:209,0
DA:225,0
DA:240,0
DA:286,0
LF:29
LH:0
BRDA:30,0,0,0
BRDA:54,1,0,0
BRDA:54,1,1,0
BRDA:56,2,0,0
BRDA:56,2,1,0
BRDA:58,3,0,0
BRDA:58,3,1,0
BRDA:144,4,0,0
BRDA:144,4,1,0
BRDA:172,5,0,0
BRDA:172,5,1,0
BRDA:179,6,0,0
BRDA:179,6,1,0
BRDA:186,7,0,0
BRDA:186,7,1,0
BRDA:192,8,0,0
BRDA:192,8,1,0
BRDA:198,9,0,0
BRDA:198,9,1,0
BRDA:207,10,0,0
BRDA:207,10,1,0
BRDA:213,11,0,0
BRDA:213,11,1,0
BRDA:222,12,0,0
BRDA:222,12,1,0
BRDA:229,13,0,0
BRDA:229,13,1,0
BRDA:238,14,0,0
BRDA:238,14,1,0
BRDA:244,15,0,0
BRDA:244,15,1,0
BRF:31
BRH:0
end_of_record
TN:
SF:src/components/RequestMoreProofBottomSheet.tsx
FN:26,RequestMoreProofBottomSheet
FN:36,(anonymous_1)
FN:76,(anonymous_2)
FN:85,(anonymous_3)
FN:112,(anonymous_4)
FNF:5
FNH:0
FNDA:0,RequestMoreProofBottomSheet
FNDA:0,(anonymous_1)
FNDA:0,(anonymous_2)
FNDA:0,(anonymous_3)
FNDA:0,(anonymous_4)
DA:20,0
DA:31,0
DA:32,0
DA:33,0
DA:34,0
DA:36,0
DA:37,0
DA:38,0
DA:39,0
DA:42,0
DA:77,0
DA:86,0
DA:87,0
DA:112,0
DA:166,0
LF:15
LH:0
BRDA:37,0,0,0
BRDA:37,0,1,0
BRDA:81,1,0,0
BRDA:81,1,1,0
BRDA:81,1,2,0
BRDA:93,2,0,0
BRDA:93,2,1,0
BRDA:93,2,2,0
BRDA:98,3,0,0
BRDA:98,3,1,0
BRDA:98,3,2,0
BRDA:110,4,0,0
BRDA:110,4,1,0
BRDA:114,5,0,0
BRDA:114,5,1,0
BRDA:115,6,0,0
BRDA:115,6,1,0
BRDA:120,7,0,0
BRDA:120,7,1,0
BRF:19
BRH:0
end_of_record
TN:
SF:src/components/SetPriceBottomSheet.tsx
FN:27,(anonymous_0)
FN:42,(anonymous_1)
FN:47,(anonymous_2)
FN:88,(anonymous_3)
FN:95,(anonymous_4)
FN:125,(anonymous_5)
FNF:6
FNH:0
FNDA:0,(anonymous_0)
FNDA:0,(anonymous_1)
FNDA:0,(anonymous_2)
FNDA:0,(anonymous_3)
FNDA:0,(anonymous_4)
FNDA:0,(anonymous_5)
DA:25,0
DA:27,0
DA:33,0
DA:36,0
DA:42,0
DA:43,0
DA:44,0
DA:47,0
DA:49,0
DA:55,0
DA:56,0
DA:57,0
DA:61,0
DA:89,0
DA:95,0
DA:126,0
DA:127,0
DA:147,0
LF:18
LH:0
BRDA:31,0,0,0
BRDA:34,1,0,0
BRDA:34,1,1,0
BRDA:37,2,0,0
BRDA:37,2,1,0
BRDA:37,3,0,0
BRDA:37,3,1,0
BRDA:49,4,0,0
BRDA:49,4,1,0
BRDA:51,5,0,0
BRDA:51,5,1,0
BRDA:55,6,0,0
BRDA:55,6,1,0
BRDA:55,7,0,0
BRDA:55,7,1,0
BRDA:93,8,0,0
BRDA:93,8,1,0
BRDA:101,9,0,0
BRDA:101,9,1,0
BRDA:104,10,0,0
BRDA:104,10,1,0
BRF:21
BRH:0
end_of_record
TN:
SF:src/components/ShareMomentBottomSheet.tsx
FN:27,(anonymous_0)
FN:33,(anonymous_1)
FN:43,(anonymous_2)
FN:55,(anonymous_3)
FN:61,(anonymous_4)
FN:129,(anonymous_5)
FN:155,(anonymous_6)
FNF:7
FNH:0
FNDA:0,(anonymous_0)
FNDA:0,(anonymous_1)
FNDA:0,(anonymous_2)
FNDA:0,(anonymous_3)
FNDA:0,(anonymous_4)
FNDA:0,(anonymous_5)
FNDA:0,(anonymous_6)
DA:27,0
DA:33,0
DA:34,0
DA:35,0
DA:36,0
DA:37,0
DA:39,0
DA:43,0
DA:44,0
DA:45,0
DA:49,0
DA:51,0
DA:55,0
DA:57,0
DA:58,0
DA:61,0
DA:63,0
DA:64,0
DA:67,0
DA:86,0
DA:105,0
DA:130,0
DA:156,0
DA:186,0
DA:188,0
LF:25
LH:0
BRDA:30,0,0,0
BRDA:31,1,0,0
BRF:2
BRH:0
end_of_record
TN:
SF:src/components/ShareProofModal.tsx
FN:35,(anonymous_0)
FN:43,(anonymous_1)
FN:48,(anonymous_2)
FN:89,(anonymous_3)
FN:93,(anonymous_4)
FNF:5
FNH:0
FNDA:0,(anonymous_0)
FNDA:0,(anonymous_1)
FNDA:0,(anonymous_2)
FNDA:0,(anonymous_3)
FNDA:0,(anonymous_4)
DA:27,0
DA:35,0
DA:41,0
DA:43,0
DA:46,0
DA:47,0
DA:48,0
DA:51,0
DA:90,0
DA:93,0
DA:117,0
LF:11
LH:0
BRDA:81,0,0,0
BRDA:81,0,1,0
BRDA:83,1,0,0
BRDA:83,1,1,0
BRF:4
BRH:0
end_of_record
TN:
SF:src/components/SocialButton.tsx
FN:20,(anonymous_0)
FNF:1
FNH:0
FNDA:0,(anonymous_0)
DA:20,0
DA:27,0
DA:50,0
DA:51,0
DA:53,0
DA:54,0
DA:71,0
DA:89,0
LF:8
LH:0
BRDA:22,0,0,0
BRDA:51,1,0,0
BRDA:51,1,1,0
BRDA:53,2,0,0
BRDA:53,2,1,0
BRF:5
BRH:0
end_of_record
TN:
SF:src/components/ThankYouModal.tsx
FN:18,(anonymous_0)
FNF:1
FNH:0
FNDA:0,(anonymous_0)
DA:18,0
DA:24,0
DA:74,0
LF:3
LH:0
BRDA:50,0,0,0
BRDA:50,0,1,0
BRF:2
BRH:0
end_of_record
TN:
SF:src/components/ThemeSelector.tsx
FN:21,(anonymous_0)
FN:25,(anonymous_1)
FN:38,(anonymous_2)
FN:52,(anonymous_3)
FNF:4
FNH:0
FNDA:0,(anonymous_0)
FNDA:0,(anonymous_1)
FNDA:0,(anonymous_2)
FNDA:0,(anonymous_3)
DA:15,0
DA:21,0
DA:22,0
DA:23,0
DA:25,0
DA:26,0
DA:28,0
DA:30,0
DA:32,0
DA:36,0
DA:39,0
DA:41,0
DA:52,0
DA:76,0
LF:14
LH:0
BRDA:26,0,0,0
BRDA:26,0,1,0
BRDA:26,0,2,0
BRDA:48,1,0,0
BRDA:48,1,1,0
BRDA:50,2,0,0
BRDA:50,2,1,0
BRDA:59,3,0,0
BRDA:59,3,1,0
BRDA:64,4,0,0
BRDA:64,4,1,0
BRF:11
BRH:0
end_of_record
TN:
SF:src/components/WithdrawConfirmationModal.tsx
FN:18,(anonymous_0)
FNF:1
FNH:0
FNDA:0,(anonymous_0)
DA:18,0
DA:19,0
DA:76,0
LF:3
LH:0
BRF:0
BRH:0
end_of_record
TN:
SF:src/components/index.ts
FNF:0
FNH:0
LF:0
LH:0
BRF:0
BRH:0
end_of_record
TN:
SF:src/components/ui/AdvancedFilterPanel.tsx
FN:54,(anonymous_0)
FN:69,(anonymous_1)
FN:75,(anonymous_2)
FN:80,(anonymous_3)
FN:81,(anonymous_4)
FN:87,(anonymous_5)
FN:88,(anonymous_6)
FN:94,(anonymous_7)
FN:95,(anonymous_8)
FN:123,(anonymous_9)
FN:137,(anonymous_10)
FN:167,(anonymous_11)
FN:183,(anonymous_12)
FN:205,(anonymous_13)
FN:219,(anonymous_14)
FNF:15
FNH:0
FNDA:0,(anonymous_0)
FNDA:0,(anonymous_1)
FNDA:0,(anonymous_2)
FNDA:0,(anonymous_3)
FNDA:0,(anonymous_4)
FNDA:0,(anonymous_5)
FNDA:0,(anonymous_6)
FNDA:0,(anonymous_7)
FNDA:0,(anonymous_8)
FNDA:0,(anonymous_9)
FNDA:0,(anonymous_10)
FNDA:0,(anonymous_11)
FNDA:0,(anonymous_12)
FNDA:0,(anonymous_13)
FNDA:0,(anonymous_14)
DA:29,0
DA:40,0
DA:47,0
DA:54,0
DA:58,0
DA:59,0
DA:65,0
DA:67,0
DA:69,0
DA:70,0
DA:71,0
DA:72,0
DA:75,0
DA:76,0
DA:77,0
DA:80,0
DA:81,0
DA:87,0
DA:88,0
DA:94,0
DA:95,0
DA:102,0
DA:104,0
DA:124,0
DA:125,0
DA:137,0
DA:169,0
DA:171,0
DA:183,0
DA:206,0
DA:207,0
DA:219,0
DA:255,0
LF:33
LH:0
BRDA:83,0,0,0
BRDA:83,0,1,0
BRDA:90,1,0,0
BRDA:90,1,1,0
BRDA:131,2,0,0
BRDA:131,2,1,0
BRDA:134,3,0,0
BRDA:134,3,1,0
BRDA:144,4,0,0
BRDA:144,4,1,0
BRDA:150,5,0,0
BRDA:150,5,1,0
BRDA:169,6,0,0
BRDA:169,6,1,0
BRDA:177,7,0,0
BRDA:177,7,1,0
BRDA:180,8,0,0
BRDA:180,8,1,0
BRDA:188,9,0,0
BRDA:188,9,1,0
BRDA:213,10,0,0
BRDA:213,10,1,0
BRDA:216,11,0,0
BRDA:216,11,1,0
BRDA:224,12,0,0
BRDA:224,12,1,0
BRDA:246,13,0,0
BRDA:246,13,1,0
BRF:28
BRH:0
end_of_record
TN:
SF:src/components/ui/Avatar.tsx
FN:27,(anonymous_0)
FN:40,(anonymous_1)
FN:43,(anonymous_2)
FNF:3
FNH:0
FNDA:0,(anonymous_0)
FNDA:0,(anonymous_1)
FNDA:0,(anonymous_2)
DA:19,0
DA:27,0
DA:36,0
DA:37,0
DA:38,0
DA:40,0
DA:41,0
DA:43,0
DA:49,0
DA:127,0
LF:10
LH:0
BRDA:30,0,0,0
BRDA:31,1,0,0
BRDA:32,2,0,0
BRDA:33,3,0,0
BRDA:52,4,0,0
BRDA:52,4,1,0
BRDA:54,5,0,0
BRDA:54,5,1,0
BRDA:84,6,0,0
BRDA:84,6,1,0
BRDA:89,7,0,0
BRDA:89,7,1,0
BRDA:105,8,0,0
BRDA:105,8,1,0
BRF:14
BRH:0
end_of_record
TN:
SF:src/components/ui/Badge.tsx
FN:25,(anonymous_0)
FN:33,(anonymous_1)
FN:50,(anonymous_2)
FN:116,(anonymous_3)
FNF:4
FNH:0
FNDA:0,(anonymous_0)
FNDA:0,(anonymous_1)
FNDA:0,(anonymous_2)
FNDA:0,(anonymous_3)
DA:25,0
DA:33,0
DA:34,0
DA:36,0
DA:38,0
DA:40,0
DA:42,0
DA:44,0
DA:46,0
DA:50,0
DA:56,0
DA:58,0
DA:60,0
DA:62,0
DA:64,0
DA:68,0
DA:69,0
DA:71,0
DA:116,0
DA:121,0
DA:123,0
DA:125,0
DA:132,0
LF:23
LH:0
BRDA:27,0,0,0
BRDA:28,1,0,0
BRDA:30,2,0,0
BRDA:34,3,0,0
BRDA:34,3,1,0
BRDA:34,3,2,0
BRDA:34,3,3,0
BRDA:34,3,4,0
BRDA:34,3,5,0
BRDA:56,4,0,0
BRDA:56,4,1,0
BRDA:56,4,2,0
BRDA:56,4,3,0
BRDA:83,5,0,0
BRDA:83,5,1,0
BRDA:86,6,0,0
BRDA:86,6,1,0
BRDA:118,7,0,0
BRDA:121,8,0,0
BRDA:121,8,1,0
BRDA:123,9,0,0
BRDA:123,9,1,0
BRF:22
BRH:0
end_of_record
TN:
SF:src/components/ui/Button.tsx
FN:33,(anonymous_0)
FN:48,(anonymous_1)
FN:88,(anonymous_2)
FN:101,(anonymous_3)
FN:118,(anonymous_4)
FN:131,(anonymous_5)
FNF:6
FNH:0
FNDA:0,(anonymous_0)
FNDA:0,(anonymous_1)
FNDA:0,(anonymous_2)
FNDA:0,(anonymous_3)
FNDA:0,(anonymous_4)
FNDA:0,(anonymous_5)
DA:33,0
DA:48,0
DA:49,0
DA:50,0
DA:56,0
DA:58,0
DA:63,0
DA:68,0
DA:74,0
DA:79,0
DA:84,0
DA:88,0
DA:89,0
DA:91,0
DA:93,0
DA:95,0
DA:97,0
DA:101,0
DA:102,0
DA:104,0
DA:106,0
DA:108,0
DA:112,0
DA:114,0
DA:118,0
DA:119,0
DA:121,0
DA:123,0
DA:125,0
DA:127,0
DA:131,0
DA:132,0
DA:134,0
DA:136,0
DA:138,0
DA:140,0
DA:144,0
DA:147,0
DA:153,0
DA:205,0
LF:40
LH:0
BRDA:36,0,0,0
BRDA:37,1,0,0
BRDA:38,2,0,0
BRDA:39,3,0,0
BRDA:40,4,0,0
BRDA:42,5,0,0
BRDA:49,6,0,0
BRDA:49,6,1,0
BRDA:56,7,0,0
BRDA:56,7,1,0
BRDA:56,7,2,0
BRDA:56,7,3,0
BRDA:56,7,4,0
BRDA:56,7,5,0
BRDA:89,8,0,0
BRDA:89,8,1,0
BRDA:89,8,2,0
BRDA:89,8,3,0
BRDA:102,9,0,0
BRDA:102,9,1,0
BRDA:104,10,0,0
BRDA:104,10,1,0
BRDA:104,10,2,0
BRDA:104,10,3,0
BRDA:104,10,4,0
BRDA:104,10,5,0
BRDA:119,11,0,0
BRDA:119,11,1,0
BRDA:119,11,2,0
BRDA:119,11,3,0
BRDA:132,12,0,0
BRDA:132,12,1,0
BRDA:132,12,2,0
BRDA:132,12,3,0
BRDA:148,13,0,0
BRDA:148,13,1,0
BRDA:149,14,0,0
BRDA:149,14,1,0
BRDA:149,15,0,0
BRDA:149,15,1,0
BRDA:150,16,0,0
BRDA:150,16,1,0
BRDA:156,17,0,0
BRDA:156,17,1,0
BRDA:161,18,0,0
BRDA:161,18,1,0
BRDA:166,19,0,0
BRDA:166,19,1,0
BRDA:170,20,0,0
BRDA:170,20,1,0
BRDA:174,21,0,0
BRDA:174,21,1,0
BRDA:174,21,2,0
BRDA:191,22,0,0
BRDA:191,22,1,0
BRDA:191,22,2,0
BRF:56
BRH:0
end_of_record
TN:
SF:src/components/ui/Card.tsx
FN:18,(anonymous_0)
FN:20,(anonymous_1)
FN:47,(anonymous_2)
FN:72,(anonymous_3)
FNF:4
FNH:4
FNDA:22,(anonymous_0)
FNDA:21,(anonymous_1)
FNDA:20,(anonymous_2)
FNDA:3,(anonymous_3)
DA:17,1
DA:20,22
DA:21,21
DA:23,16
DA:32,4
DA:38,1
DA:42,0
DA:47,22
DA:48,20
DA:50,1
DA:52,2
DA:54,15
DA:56,2
DA:58,0
DA:63,22
DA:68,22
DA:69,3
DA:72,3
DA:80,19
DA:84,1
DA:86,1
LF:21
LH:19
BRDA:18,0,0,14
BRDA:18,1,0,17
BRDA:21,2,0,16
BRDA:21,2,1,4
BRDA:21,2,2,1
BRDA:21,2,3,0
BRDA:48,3,0,1
BRDA:48,3,1,2
BRDA:48,3,2,15
BRDA:48,3,3,2
BRDA:48,3,4,0
BRDA:68,4,0,3
BRDA:68,4,1,19
BRDA:72,5,0,0
BRDA:72,5,1,3
BRF:15
BRH:12
end_of_record
TN:
SF:src/components/ui/ControlledInput.tsx
FN:42,InputWithValidation
FN:56,(anonymous_1)
FN:58,(anonymous_2)
FN:59,(anonymous_3)
FN:65,(anonymous_4)
FN:70,(anonymous_5)
FN:91,ControlledInput
FN:108,(anonymous_7)
FNF:8
FNH:0
FNDA:0,InputWithValidation
FNDA:0,(anonymous_1)
FNDA:0,(anonymous_2)
FNDA:0,(anonymous_3)
FNDA:0,(anonymous_4)
FNDA:0,(anonymous_5)
FNDA:0,ControlledInput
FNDA:0,(anonymous_7)
DA:52,0
DA:53,0
DA:56,0
DA:57,0
DA:58,0
DA:59,0
DA:61,0
DA:65,0
DA:66,0
DA:67,0
DA:70,0
DA:71,0
DA:72,0
DA:74,0
DA:77,0
DA:104,0
DA:112,0
DA:114,0
LF:18
LH:0
BRDA:52,0,0,0
BRDA:52,0,1,0
BRDA:57,1,0,0
BRDA:57,1,1,0
BRDA:57,2,0,0
BRDA:57,2,1,0
BRDA:71,3,0,0
BRDA:71,3,1,0
BRDA:78,4,0,0
BRDA:78,4,1,0
BRDA:83,5,0,0
BRDA:83,5,1,0
BRDA:84,6,0,0
BRDA:84,6,1,0
BRDA:84,6,2,0
BRDA:84,6,3,0
BRDA:112,7,0,0
BRDA:112,7,1,0
BRF:18
BRH:0
end_of_record
TN:
SF:src/components/ui/Divider.tsx
FN:12,(anonymous_0)
FN:17,(anonymous_1)
FNF:2
FNH:0
FNDA:0,(anonymous_0)
FNDA:0,(anonymous_1)
DA:12,0
DA:17,0
DA:18,0
DA:20,0
DA:22,0
DA:24,0
DA:26,0
DA:30,0
DA:32,0
DA:33,0
DA:48,0
DA:53,0
LF:12
LH:0
BRDA:14,0,0,0
BRDA:18,1,0,0
BRDA:18,1,1,0
BRDA:18,1,2,0
BRDA:18,1,3,0
BRDA:32,2,0,0
BRDA:32,2,1,0
BRF:7
BRH:0
end_of_record
TN:
SF:src/components/ui/EmptyState.tsx
FN:17,(anonymous_0)
FNF:1
FNH:0
FNDA:0,(anonymous_0)
DA:17,0
DA:25,0
DA:49,0
LF:3
LH:0
BRDA:18,0,0,0
BRDA:35,1,0,0
BRDA:35,1,1,0
BRDA:36,2,0,0
BRDA:36,2,1,0
BRDA:36,2,2,0
BRF:6
BRH:0
end_of_record
TN:
SF:src/components/ui/EnhancedLoginForm.tsx
FN:24,(anonymous_0)
FN:28,(anonymous_1)
FN:29,(anonymous_2)
FN:44,(anonymous_3)
FNF:4
FNH:0
FNDA:0,(anonymous_0)
FNDA:0,(anonymous_1)
FNDA:0,(anonymous_2)
FNDA:0,(anonymous_3)
DA:24,0
DA:27,0
DA:28,0
DA:29,0
DA:35,0
DA:44,0
DA:45,0
DA:46,0
DA:47,0
DA:48,0
DA:50,0
DA:54,0
DA:107,0
LF:13
LH:0
BRDA:50,0,0,0
BRDA:50,0,1,0
BRDA:84,1,0,0
BRDA:84,1,1,0
BRDA:84,1,2,0
BRDA:84,1,3,0
BRDA:87,2,0,0
BRDA:87,2,1,0
BRDA:87,2,2,0
BRDA:91,3,0,0
BRDA:91,3,1,0
BRDA:96,4,0,0
BRDA:96,4,1,0
BRDA:99,5,0,0
BRDA:99,5,1,0
BRDA:99,6,0,0
BRDA:99,6,1,0
BRF:17
BRH:0
end_of_record
TN:
SF:src/components/ui/EnhancedSearchBar.tsx
FN:37,(anonymous_0)
FN:60,(anonymous_1)
FN:66,(anonymous_2)
FN:76,(anonymous_3)
FN:81,(anonymous_4)
FN:115,(anonymous_5)
FN:116,(anonymous_6)
FN:116,(anonymous_7)
FN:117,(anonymous_8)
FN:156,(anonymous_9)
FN:157,(anonymous_10)
FN:161,(anonymous_11)
FN:175,(anonymous_12)
FNF:13
FNH:0
FNDA:0,(anonymous_0)
FNDA:0,(anonymous_1)
FNDA:0,(anonymous_2)
FNDA:0,(anonymous_3)
FNDA:0,(anonymous_4)
FNDA:0,(anonymous_5)
FNDA:0,(anonymous_6)
FNDA:0,(anonymous_7)
FNDA:0,(anonymous_8)
FNDA:0,(anonymous_9)
FNDA:0,(anonymous_10)
FNDA:0,(anonymous_11)
FNDA:0,(anonymous_12)
DA:37,0
DA:42,0
DA:43,0
DA:44,0
DA:53,0
DA:55,0
DA:56,0
DA:57,0
DA:60,0
DA:61,0
DA:62,0
DA:66,0
DA:67,0
DA:69,0
DA:70,0
DA:71,0
DA:72,0
DA:73,0
DA:76,0
DA:77,0
DA:78,0
DA:81,0
DA:82,0
DA:83,0
DA:84,0
DA:87,0
DA:89,0
DA:115,0
DA:116,0
DA:117,0
DA:156,0
DA:158,0
DA:161,0
DA:175,0
DA:199,0
LF:35
LH:0
BRDA:40,0,0,0
BRDA:61,1,0,0
BRDA:61,1,1,0
BRDA:61,2,0,0
BRDA:61,2,1,0
BRDA:66,3,0,0
BRDA:67,4,0,0
BRDA:67,4,1,0
BRDA:87,5,0,0
BRDA:87,5,1,0
BRDA:87,5,2,0
BRDA:97,6,0,0
BRDA:97,6,1,0
BRDA:111,7,0,0
BRDA:111,7,1,0
BRDA:124,8,0,0
BRDA:124,8,1,0
BRDA:136,9,0,0
BRDA:136,9,1,0
BRF:19
BRH:0
end_of_record
TN:
SF:src/components/ui/ImagePicker.tsx
FN:38,(anonymous_0)
FN:48,(anonymous_1)
FN:63,(anonymous_2)
FN:73,(anonymous_3)
FN:95,(anonymous_4)
FN:105,(anonymous_5)
FN:121,(anonymous_6)
FN:122,(anonymous_7)
FN:122,(anonymous_8)
FN:149,(anonymous_9)
FN:156,(anonymous_10)
FNF:11
FNH:0
FNDA:0,(anonymous_0)
FNDA:0,(anonymous_1)
FNDA:0,(anonymous_2)
FNDA:0,(anonymous_3)
FNDA:0,(anonymous_4)
FNDA:0,(anonymous_5)
FNDA:0,(anonymous_6)
FNDA:0,(anonymous_7)
FNDA:0,(anonymous_8)
FNDA:0,(anonymous_9)
FNDA:0,(anonymous_10)
DA:38,0
DA:45,0
DA:46,0
DA:48,0
DA:49,0
DA:50,0
DA:55,0
DA:56,0
DA:57,0
DA:58,0
DA:59,0
DA:62,0
DA:63,0
DA:65,0
DA:69,0
DA:73,0
DA:74,0
DA:75,0
DA:82,0
DA:84,0
DA:85,0
DA:86,0
DA:87,0
DA:88,0
DA:90,0
DA:94,0
DA:95,0
DA:97,0
DA:101,0
DA:105,0
DA:106,0
DA:108,0
DA:109,0
DA:110,0
DA:111,0
DA:115,0
DA:121,0
DA:122,0
DA:125,0
DA:150,0
DA:156,0
DA:209,0
LF:42
LH:0
BRDA:40,0,0,0
BRDA:41,1,0,0
BRDA:42,2,0,0
BRDA:43,3,0,0
BRDA:55,4,0,0
BRDA:55,4,1,0
BRDA:57,5,0,0
BRDA:57,5,1,0
BRDA:62,6,0,0
BRDA:62,6,1,0
BRDA:79,7,0,0
BRDA:79,7,1,0
BRDA:82,8,0,0
BRDA:82,8,1,0
BRDA:87,9,0,0
BRDA:87,9,1,0
BRDA:94,10,0,0
BRDA:94,10,1,0
BRDA:106,11,0,0
BRDA:106,11,1,0
BRDA:147,12,0,0
BRDA:147,12,1,0
BRDA:147,12,2,0
BRDA:167,13,0,0
BRDA:167,13,1,0
BRDA:179,14,0,0
BRDA:179,14,1,0
BRDA:197,15,0,0
BRDA:197,15,1,0
BRDA:197,15,2,0
BRDA:201,16,0,0
BRDA:201,16,1,0
BRF:32
BRH:0
end_of_record
TN:
SF:src/components/ui/Input.tsx
FN:26,(anonymous_0)
FN:45,(anonymous_1)
FN:53,(anonymous_2)
FN:60,(anonymous_3)
FN:67,(anonymous_4)
FN:67,(anonymous_5)
FNF:6
FNH:6
FNDA:24,(anonymous_0)
FNDA:22,(anonymous_1)
FNDA:2,(anonymous_2)
FNDA:1,(anonymous_3)
FNDA:2,(anonymous_4)
FNDA:2,(anonymous_5)
DA:25,1
DA:39,24
DA:40,24
DA:42,24
DA:45,24
DA:46,22
DA:47,18
DA:48,16
DA:52,24
DA:54,2
DA:55,2
DA:59,24
DA:61,1
DA:62,1
DA:66,24
DA:67,2
DA:71,24
DA:145,1
DA:147,1
LF:19
LH:19
BRDA:46,0,0,4
BRDA:46,0,1,18
BRDA:47,1,0,2
BRDA:47,1,1,16
BRDA:73,2,0,24
BRDA:73,2,1,2
BRDA:79,3,0,24
BRDA:79,3,1,2
BRDA:80,4,0,24
BRDA:80,4,1,4
BRDA:83,5,0,24
BRDA:83,5,1,1
BRDA:87,6,0,0
BRDA:87,6,1,1
BRDA:96,7,0,24
BRDA:96,7,1,1
BRDA:97,8,0,24
BRDA:97,8,1,22
BRDA:97,8,2,6
BRDA:102,9,0,24
BRDA:102,9,1,4
BRDA:107,10,0,24
BRDA:107,10,1,4
BRDA:112,11,0,1
BRDA:112,11,1,3
BRDA:116,12,0,1
BRDA:116,12,1,3
BRDA:123,13,0,24
BRDA:123,13,1,2
BRDA:123,13,2,2
BRDA:138,14,0,24
BRDA:138,14,1,4
BRDA:139,15,0,24
BRDA:139,15,1,3
BRDA:139,15,2,2
BRF:35
BRH:34
end_of_record
TN:
SF:src/components/ui/LazyImage.tsx
FN:45,(anonymous_0)
FN:65,(anonymous_1)
FN:73,(anonymous_2)
FNF:3
FNH:0
FNDA:0,(anonymous_0)
FNDA:0,(anonymous_1)
FNDA:0,(anonymous_2)
DA:45,0
DA:55,0
DA:56,0
DA:60,0
DA:65,0
DA:66,0
DA:68,0
DA:69,0
DA:73,0
DA:74,0
DA:78,0
DA:79,0
DA:80,0
DA:84,0
DA:92,0
DA:93,0
DA:94,0
DA:100,0
DA:101,0
DA:111,0
DA:130,0
LF:21
LH:0
BRDA:50,0,0,0
BRDA:51,1,0,0
BRDA:60,2,0,0
BRDA:60,2,1,0
BRDA:60,2,2,0
BRDA:60,2,3,0
BRDA:68,3,0,0
BRDA:68,3,1,0
BRDA:68,4,0,0
BRDA:68,4,1,0
BRDA:68,4,2,0
BRDA:78,5,0,0
BRDA:78,5,1,0
BRDA:79,6,0,0
BRDA:79,6,1,0
BRDA:92,7,0,0
BRDA:92,7,1,0
BRDA:92,8,0,0
BRDA:92,8,1,0
BRDA:93,9,0,0
BRDA:93,9,1,0
BRDA:100,10,0,0
BRDA:100,10,1,0
BRDA:116,11,0,0
BRDA:116,11,1,0
BRDA:119,12,0,0
BRDA:119,12,1,0
BRDA:121,13,0,0
BRDA:121,13,1,0
BRDA:121,13,2,0
BRF:30
BRH:0
end_of_record
TN:
SF:src/components/ui/LoadingSpinner.tsx
FN:14,(anonymous_0)
FNF:1
FNH:0
FNDA:0,(anonymous_0)
DA:14,0
DA:22,0
DA:28,0
DA:29,0
DA:32,0
DA:35,0
LF:6
LH:0
BRDA:15,0,0,0
BRDA:16,1,0,0
BRDA:18,2,0,0
BRDA:24,3,0,0
BRDA:24,3,1,0
BRDA:28,4,0,0
BRDA:28,4,1,0
BRF:7
BRH:0
end_of_record
TN:
SF:src/components/ui/LoginForm.tsx
FN:24,(anonymous_0)
FN:34,(anonymous_1)
FN:35,(anonymous_2)
FN:40,(anonymous_3)
FN:64,(anonymous_4)
FN:79,(anonymous_5)
FNF:6
FNH:0
FNDA:0,(anonymous_0)
FNDA:0,(anonymous_1)
FNDA:0,(anonymous_2)
FNDA:0,(anonymous_3)
FNDA:0,(anonymous_4)
FNDA:0,(anonymous_5)
DA:24,0
DA:25,0
DA:29,0
DA:31,0
DA:32,0
DA:34,0
DA:35,0
DA:37,0
DA:40,0
DA:42,0
DA:43,0
DA:44,0
DA:47,0
DA:48,0
DA:49,0
DA:50,0
DA:52,0
DA:54,0
DA:58,0
DA:64,0
DA:79,0
DA:103,0
LF:22
LH:0
BRDA:42,0,0,0
BRDA:42,0,1,0
BRDA:52,1,0,0
BRDA:52,1,1,0
BRDA:89,2,0,0
BRDA:89,2,1,0
BRDA:96,3,0,0
BRDA:96,3,1,0
BRF:8
BRH:0
end_of_record
TN:
SF:src/components/ui/OptimizedListItem.tsx
FN:26,(anonymous_0)
FN:27,(anonymous_1)
FN:58,(anonymous_2)
FNF:3
FNH:0
FNDA:0,(anonymous_0)
FNDA:0,(anonymous_1)
FNDA:0,(anonymous_2)
DA:25,0
DA:27,0
DA:28,0
DA:31,0
DA:59,0
DA:68,0
DA:70,0
LF:7
LH:0
BRDA:37,0,0,0
BRDA:37,0,1,0
BRDA:48,1,0,0
BRDA:48,1,1,0
BRDA:60,2,0,0
BRDA:60,2,1,0
BRDA:60,2,2,0
BRDA:60,2,3,0
BRF:8
BRH:0
end_of_record
TN:
SF:src/components/ui/PasswordInput.tsx
FN:18,(anonymous_0)
FN:21,(anonymous_1)
FN:22,(anonymous_2)
FNF:3
FNH:0
FNDA:0,(anonymous_0)
FNDA:0,(anonymous_1)
FNDA:0,(anonymous_2)
DA:18,0
DA:19,0
DA:21,0
DA:22,0
DA:25,0
LF:5
LH:0
BRDA:29,0,0,0
BRDA:29,0,1,0
BRF:2
BRH:0
end_of_record
TN:
SF:src/components/ui/Skeleton.tsx
FN:19,(anonymous_0)
FN:27,(anonymous_1)
FN:45,(anonymous_2)
FNF:3
FNH:0
FNDA:0,(anonymous_0)
FNDA:0,(anonymous_1)
FNDA:0,(anonymous_2)
DA:19,0
DA:25,0
DA:27,0
DA:28,0
DA:43,0
DA:45,0
DA:48,0
DA:53,0
DA:69,0
LF:9
LH:0
BRDA:20,0,0,0
BRDA:21,1,0,0
BRDA:22,2,0,0
BRF:3
BRH:0
end_of_record
TN:
SF:src/components/ui/SkeletonLoader.tsx
FN:13,(anonymous_0)
FN:21,(anonymous_1)
FN:38,(anonymous_2)
FN:63,(anonymous_3)
FN:74,(anonymous_4)
FNF:5
FNH:0
FNDA:0,(anonymous_0)
FNDA:0,(anonymous_1)
FNDA:0,(anonymous_2)
FNDA:0,(anonymous_3)
FNDA:0,(anonymous_4)
DA:13,0
DA:19,0
DA:21,0
DA:22,0
DA:36,0
DA:38,0
DA:41,0
DA:46,0
DA:63,0
DA:64,0
DA:74,0
DA:77,0
DA:86,0
LF:13
LH:0
BRDA:14,0,0,0
BRDA:15,1,0,0
BRDA:16,2,0,0
BRF:3
BRH:0
end_of_record
TN:
SF:src/components/ui/SkeletonLoaders.tsx
FN:15,(anonymous_0)
FN:34,(anonymous_1)
FN:49,(anonymous_2)
FN:71,(anonymous_3)
FN:97,(anonymous_4)
FN:100,(anonymous_5)
FNF:6
FNH:0
FNDA:0,(anonymous_0)
FNDA:0,(anonymous_1)
FNDA:0,(anonymous_2)
FNDA:0,(anonymous_3)
FNDA:0,(anonymous_4)
FNDA:0,(anonymous_5)
DA:15,0
DA:16,0
DA:34,0
DA:35,0
DA:49,0
DA:50,0
DA:71,0
DA:72,0
DA:97,0
DA:98,0
DA:101,0
DA:109,0
LF:12
LH:0
BRDA:97,0,0,0
BRF:1
BRH:0
end_of_record
TN:
SF:src/components/ui/Spinner.tsx
FN:21,(anonymous_0)
FNF:1
FNH:0
FNDA:0,(anonymous_0)
DA:21,0
DA:28,0
DA:32,0
DA:40,0
LF:4
LH:0
BRDA:22,0,0,0
BRDA:23,1,0,0
BRDA:25,2,0,0
BRDA:28,3,0,0
BRDA:28,3,1,0
BRDA:35,4,0,0
BRDA:35,4,1,0
BRF:7
BRH:0
end_of_record
TN:
SF:src/components/ui/index.ts
FNF:0
FNH:0
LF:0
LH:0
BRF:0
BRH:0
end_of_record
TN:
SF:src/config/env.ts
FN:29,getEnvVars
FN:53,(anonymous_1)
FNF:2
FNH:0
FNDA:0,getEnvVars
FNDA:0,(anonymous_1)
DA:11,0
DA:35,0
DA:48,0
DA:49,0
DA:51,0
DA:52,0
DA:53,0
DA:54,0
DA:56,0
DA:58,0
DA:65,0
DA:75,0
DA:76,0
DA:77,0
DA:82,0
DA:92,0
DA:101,0
DA:112,0
DA:114,0
LF:19
LH:0
BRDA:51,0,0,0
BRDA:51,0,1,0
BRDA:112,1,0,0
BRDA:112,1,1,0
BRF:4
BRH:0
end_of_record
TN:
SF:src/config/i18n.ts
FNF:0
FNH:0
DA:15,0
DA:18,0
DA:26,0
LF:3
LH:0
BRDA:15,0,0,0
BRDA:15,0,1,0
BRF:2
BRH:0
end_of_record
TN:
SF:src/config/index.ts
FNF:0
FNH:0
DA:1,0
DA:3,0
LF:2
LH:0
BRDA:1,0,0,0
BRDA:1,0,1,0
BRF:2
BRH:0
end_of_record
TN:
SF:src/config/sentry.ts
FN:20,initSentry
FN:39,(anonymous_1)
FN:65,(anonymous_2)
FN:88,setSentryUser
FN:99,clearSentryUser
FN:106,addBreadcrumb
FN:134,captureException
FN:155,captureMessage
FN:177,setTag
FN:184,setTags
FN:191,startTransaction
FNF:11
FNH:0
FNDA:0,initSentry
FNDA:0,(anonymous_1)
FNDA:0,(anonymous_2)
FNDA:0,setSentryUser
FNDA:0,clearSentryUser
FNDA:0,addBreadcrumb
FNDA:0,captureException
FNDA:0,captureMessage
FNDA:0,setTag
FNDA:0,setTags
FNDA:0,startTransaction
DA:13,0
DA:21,0
DA:22,0
DA:23,0
DA:26,0
DA:41,0
DA:42,0
DA:43,0
DA:45,0
DA:49,0
DA:50,0
DA:51,0
DA:55,0
DA:56,0
DA:57,0
DA:58,0
DA:59,0
DA:60,0
DA:64,0
DA:65,0
DA:66,0
DA:67,0
DA:68,0
DA:69,0
DA:70,0
DA:71,0
DA:73,0
DA:77,0
DA:89,0
DA:100,0
DA:113,0
DA:114,0
DA:115,0
DA:116,0
DA:117,0
DA:118,0
DA:119,0
DA:122,0
DA:138,0
DA:140,0
DA:141,0
DA:142,0
DA:143,0
DA:144,0
DA:145,0
DA:147,0
DA:149,0
DA:160,0
DA:162,0
DA:163,0
DA:164,0
DA:165,0
DA:166,0
DA:167,0
DA:169,0
DA:171,0
DA:178,0
DA:185,0
DA:195,0
LF:59
LH:0
BRDA:13,0,0,0
BRDA:13,0,1,0
BRDA:21,1,0,0
BRDA:21,1,1,0
BRDA:29,2,0,0
BRDA:29,2,1,0
BRDA:32,3,0,0
BRDA:32,3,1,0
BRDA:41,4,0,0
BRDA:41,4,1,0
BRDA:45,5,0,0
BRDA:45,5,1,0
BRDA:49,6,0,0
BRDA:49,6,1,0
BRDA:55,7,0,0
BRDA:55,7,1,0
BRDA:64,8,0,0
BRDA:64,8,1,0
BRDA:66,9,0,0
BRDA:66,9,1,0
BRDA:91,10,0,0
BRDA:91,10,1,0
BRDA:109,11,0,0
BRDA:113,12,0,0
BRDA:113,12,1,0
BRDA:114,13,0,0
BRDA:114,13,1,0
BRDA:138,14,0,0
BRDA:138,14,1,0
BRDA:157,15,0,0
BRDA:160,16,0,0
BRDA:160,16,1,0
BRF:32
BRH:0
end_of_record
TN:
SF:src/config/theme.ts
FNF:0
FNH:0
DA:3,0
DA:42,0
DA:51,0
DA:69,0
LF:4
LH:0
BRF:0
BRH:0
end_of_record
TN:
SF:src/constants/colors.ts
FNF:0
FNH:0
DA:1,2
DA:162,2
DA:174,2
DA:181,2
DA:245,2
LF:5
LH:5
BRF:0
BRH:0
end_of_record
TN:
SF:src/constants/layout.ts
FNF:0
FNH:0
DA:4,0
DA:91,0
LF:2
LH:0
BRF:0
BRH:0
end_of_record
TN:
SF:src/constants/overlays.ts
FNF:0
FNH:0
DA:6,0
LF:1
LH:0
BRF:0
BRH:0
end_of_record
TN:
SF:src/constants/radii.ts
FNF:0
FNH:0
DA:1,0
LF:1
LH:0
BRF:0
BRH:0
end_of_record
TN:
SF:src/constants/shadows.ts
FNF:0
FNH:0
DA:12,0
LF:1
LH:0
BRF:0
BRH:0
end_of_record
TN:
SF:src/constants/spacing.ts
FNF:0
FNH:0
DA:1,0
LF:1
LH:0
BRF:0
BRH:0
end_of_record
TN:
SF:src/constants/strings.ts
FNF:0
FNH:0
DA:1,0
LF:1
LH:0
BRF:0
BRH:0
end_of_record
TN:
SF:src/constants/typography.ts
FNF:0
FNH:0
DA:3,0
LF:1
LH:0
BRF:0
BRH:0
end_of_record
TN:
SF:src/constants/values.ts
FNF:0
FNH:0
DA:3,0
LF:1
LH:0
BRF:0
BRH:0
end_of_record
TN:
SF:src/context/AuthContext.tsx
FN:14,(anonymous_0)
FN:19,(anonymous_1)
FN:23,(anonymous_2)
FN:36,(anonymous_3)
FNF:4
FNH:0
FNDA:0,(anonymous_0)
FNDA:0,(anonymous_1)
FNDA:0,(anonymous_2)
FNDA:0,(anonymous_3)
DA:12,0
DA:14,0
DA:17,0
DA:19,0
DA:20,0
DA:23,0
DA:24,0
DA:27,0
DA:29,0
DA:36,0
DA:37,0
DA:38,0
DA:39,0
DA:41,0
LF:14
LH:0
BRDA:38,0,0,0
BRDA:38,0,1,0
BRF:2
BRH:0
end_of_record
TN:
SF:src/context/ToastContext.tsx
FN:40,(anonymous_0)
FN:52,(anonymous_1)
FN:56,(anonymous_2)
FN:60,(anonymous_3)
FN:62,(anonymous_4)
FN:63,(anonymous_5)
FN:63,(anonymous_6)
FN:70,(anonymous_7)
FN:76,(anonymous_8)
FN:82,(anonymous_9)
FN:88,(anonymous_10)
FN:98,(anonymous_11)
FN:98,(anonymous_12)
FN:98,(anonymous_13)
FN:109,(anonymous_14)
FN:115,(anonymous_15)
FN:127,(anonymous_16)
FN:131,(anonymous_17)
FN:147,(anonymous_18)
FN:159,(anonymous_19)
FN:162,(anonymous_20)
FN:176,(anonymous_21)
FNF:22
FNH:0
FNDA:0,(anonymous_0)
FNDA:0,(anonymous_1)
FNDA:0,(anonymous_2)
FNDA:0,(anonymous_3)
FNDA:0,(anonymous_4)
FNDA:0,(anonymous_5)
FNDA:0,(anonymous_6)
FNDA:0,(anonymous_7)
FNDA:0,(anonymous_8)
FNDA:0,(anonymous_9)
FNDA:0,(anonymous_10)
FNDA:0,(anonymous_11)
FNDA:0,(anonymous_12)
FNDA:0,(anonymous_13)
FNDA:0,(anonymous_14)
FNDA:0,(anonymous_15)
FNDA:0,(anonymous_16)
FNDA:0,(anonymous_17)
FNDA:0,(anonymous_18)
FNDA:0,(anonymous_19)
FNDA:0,(anonymous_20)
FNDA:0,(anonymous_21)
DA:38,0
DA:40,0
DA:41,0
DA:42,0
DA:43,0
DA:45,0
DA:52,0
DA:53,0
DA:55,0
DA:57,0
DA:58,0
DA:60,0
DA:62,0
DA:63,0
DA:69,0
DA:71,0
DA:75,0
DA:77,0
DA:81,0
DA:83,0
DA:87,0
DA:89,0
DA:93,0
DA:98,0
DA:109,0
DA:113,0
DA:116,0
DA:127,0
DA:128,0
DA:129,0
DA:131,0
DA:132,0
DA:147,0
DA:148,0
DA:159,0
DA:162,0
DA:163,0
DA:165,0
DA:167,0
DA:169,0
DA:172,0
DA:176,0
DA:177,0
DA:179,0
DA:181,0
DA:183,0
DA:186,0
DA:190,0
DA:215,0
LF:49
LH:0
BRDA:42,0,0,0
BRDA:42,0,1,0
BRDA:56,1,0,0
BRDA:56,2,0,0
BRDA:163,3,0,0
BRDA:163,3,1,0
BRDA:163,3,2,0
BRDA:163,3,3,0
BRDA:163,3,4,0
BRDA:177,4,0,0
BRDA:177,4,1,0
BRDA:177,4,2,0
BRDA:177,4,3,0
BRDA:177,4,4,0
BRF:14
BRH:0
end_of_record
TN:
SF:src/data/mockData.ts
FN:303,(anonymous_0)
FN:304,(anonymous_1)
FN:308,(anonymous_2)
FN:309,(anonymous_3)
FN:313,(anonymous_4)
FN:314,(anonymous_5)
FNF:6
FNH:0
FNDA:0,(anonymous_0)
FNDA:0,(anonymous_1)
FNDA:0,(anonymous_2)
FNDA:0,(anonymous_3)
FNDA:0,(anonymous_4)
FNDA:0,(anonymous_5)
DA:2,0
DA:62,0
DA:158,0
DA:209,0
DA:256,0
DA:293,0
DA:303,0
DA:304,0
DA:308,0
DA:309,0
DA:313,0
DA:314,0
LF:12
LH:0
BRF:0
BRH:0
end_of_record
TN:
SF:src/hooks/useAnalytics.ts
FN:40,(anonymous_0)
FN:42,(anonymous_1)
FN:45,(anonymous_2)
FN:66,(anonymous_3)
FN:83,(anonymous_4)
FN:86,(anonymous_5)
FN:114,(anonymous_6)
FN:119,(anonymous_7)
FN:131,(anonymous_8)
FN:147,(anonymous_9)
FN:166,(anonymous_10)
FN:205,(anonymous_11)
FN:208,(anonymous_12)
FNF:13
FNH:0
FNDA:0,(anonymous_0)
FNDA:0,(anonymous_1)
FNDA:0,(anonymous_2)
FNDA:0,(anonymous_3)
FNDA:0,(anonymous_4)
FNDA:0,(anonymous_5)
FNDA:0,(anonymous_6)
FNDA:0,(anonymous_7)
FNDA:0,(anonymous_8)
FNDA:0,(anonymous_9)
FNDA:0,(anonymous_10)
FNDA:0,(anonymous_11)
FNDA:0,(anonymous_12)
DA:40,0
DA:41,0
DA:42,0
DA:43,0
DA:45,0
DA:47,0
DA:49,0
DA:50,0
DA:60,0
DA:63,0
DA:66,0
DA:67,0
DA:83,0
DA:84,0
DA:86,0
DA:88,0
DA:114,0
DA:115,0
DA:116,0
DA:117,0
DA:119,0
DA:120,0
DA:121,0
DA:124,0
DA:131,0
DA:132,0
DA:135,0
DA:147,0
DA:148,0
DA:153,0
DA:162,0
DA:163,0
DA:166,0
DA:167,0
DA:172,0
DA:181,0
DA:182,0
DA:185,0
DA:205,0
DA:206,0
DA:208,0
DA:209,0
DA:210,0
DA:213,0
LF:44
LH:0
BRDA:40,0,0,0
BRDA:47,1,0,0
BRDA:47,1,1,0
BRDA:47,2,0,0
BRDA:47,2,1,0
BRDA:49,3,0,0
BRDA:49,3,1,0
BRDA:53,4,0,0
BRDA:53,4,1,0
BRDA:140,5,0,0
BRDA:140,5,1,0
BRDA:148,6,0,0
BRDA:148,6,1,0
BRDA:167,7,0,0
BRDA:167,7,1,0
BRDA:209,8,0,0
BRDA:209,8,1,0
BRDA:210,9,0,0
BRDA:210,9,1,0
BRF:19
BRH:0
end_of_record
TN:
SF:src/hooks/useDeepLinking.ts
FN:21,useDeepLinking
FN:24,(anonymous_1)
FN:26,(anonymous_2)
FN:33,(anonymous_3)
FNF:4
FNH:0
FNDA:0,useDeepLinking
FNDA:0,(anonymous_1)
FNDA:0,(anonymous_2)
FNDA:0,(anonymous_3)
DA:22,0
DA:24,0
DA:26,0
DA:27,0
DA:28,0
DA:33,0
DA:34,0
DA:37,0
LF:8
LH:0
BRDA:27,0,0,0
BRDA:27,0,1,0
BRF:2
BRH:0
end_of_record
TN:
SF:src/hooks/useFetch.ts
FN:17,useFetch
FN:26,(anonymous_1)
FN:38,(anonymous_2)
FN:65,(anonymous_3)
FN:69,(anonymous_4)
FN:74,(anonymous_5)
FNF:6
FNH:0
FNDA:0,useFetch
FNDA:0,(anonymous_1)
FNDA:0,(anonymous_2)
FNDA:0,(anonymous_3)
FNDA:0,(anonymous_4)
FNDA:0,(anonymous_5)
DA:21,0
DA:22,0
DA:23,0
DA:25,0
DA:27,0
DA:29,0
DA:30,0
DA:31,0
DA:33,0
DA:37,0
DA:38,0
DA:40,0
DA:42,0
DA:43,0
DA:46,0
DA:47,0
DA:48,0
DA:51,0
DA:53,0
DA:55,0
DA:56,0
DA:59,0
DA:65,0
DA:66,0
DA:67,0
DA:69,0
DA:70,0
DA:74,0
DA:75,0
DA:78,0
LF:30
LH:0
BRDA:19,0,0,0
BRDA:27,1,0,0
BRDA:27,1,1,0
BRDA:37,2,0,0
BRDA:37,2,1,0
BRDA:40,3,0,0
BRDA:40,3,1,0
BRDA:51,4,0,0
BRDA:51,4,1,0
BRDA:53,5,0,0
BRDA:53,5,1,0
BRF:11
BRH:0
end_of_record
TN:
SF:src/hooks/useFormValidation.ts
FN:22,useFormValidation
FN:28,(anonymous_1)
FN:36,(anonymous_2)
FN:49,(anonymous_3)
FN:53,(anonymous_4)
FN:61,(anonymous_5)
FN:72,(anonymous_6)
FN:73,(anonymous_7)
FN:80,(anonymous_8)
FNF:9
FNH:0
FNDA:0,useFormValidation
FNDA:0,(anonymous_1)
FNDA:0,(anonymous_2)
FNDA:0,(anonymous_3)
FNDA:0,(anonymous_4)
FNDA:0,(anonymous_5)
FNDA:0,(anonymous_6)
FNDA:0,(anonymous_7)
FNDA:0,(anonymous_8)
DA:25,0
DA:27,0
DA:29,0
DA:30,0
DA:31,0
DA:32,0
DA:34,0
DA:35,0
DA:36,0
DA:37,0
DA:38,0
DA:40,0
DA:42,0
DA:48,0
DA:50,0
DA:53,0
DA:54,0
DA:55,0
DA:56,0
DA:58,0
DA:60,0
DA:61,0
DA:66,0
DA:72,0
DA:73,0
DA:74,0
DA:75,0
DA:76,0
DA:80,0
DA:81,0
DA:84,0
DA:86,0
LF:32
LH:0
BRDA:34,0,0,0
BRDA:34,0,1,0
BRDA:60,1,0,0
BRDA:60,1,1,0
BRDA:63,2,0,0
BRDA:63,2,1,0
BRF:6
BRH:0
end_of_record
TN:
SF:src/hooks/useImageUpload.ts
FN:25,useImageUpload
FN:35,(anonymous_1)
FN:67,(anonymous_2)
FN:79,(anonymous_3)
FN:121,(anonymous_4)
FN:140,useMultiImageUpload
FN:144,(anonymous_6)
FN:149,(anonymous_7)
FN:152,(anonymous_8)
FN:177,(anonymous_9)
FN:183,(anonymous_10)
FN:199,(anonymous_11)
FN:215,(anonymous_12)
FNF:13
FNH:0
FNDA:0,useImageUpload
FNDA:0,(anonymous_1)
FNDA:0,(anonymous_2)
FNDA:0,(anonymous_3)
FNDA:0,(anonymous_4)
FNDA:0,useMultiImageUpload
FNDA:0,(anonymous_6)
FNDA:0,(anonymous_7)
FNDA:0,(anonymous_8)
FNDA:0,(anonymous_9)
FNDA:0,(anonymous_10)
FNDA:0,(anonymous_11)
FNDA:0,(anonymous_12)
DA:26,0
DA:27,0
DA:34,0
DA:40,0
DA:47,0
DA:49,0
DA:52,0
DA:54,0
DA:56,0
DA:63,0
DA:68,0
DA:69,0
DA:71,0
DA:73,0
DA:79,0
DA:84,0
DA:88,0
DA:90,0
DA:97,0
DA:98,0
DA:100,0
DA:103,0
DA:105,0
DA:112,0
DA:113,0
DA:115,0
DA:121,0
DA:122,0
DA:130,0
DA:141,0
DA:143,0
DA:149,0
DA:150,0
DA:152,0
DA:153,0
DA:154,0
DA:160,0
DA:163,0
DA:164,0
DA:165,0
DA:167,0
DA:169,0
DA:175,0
DA:178,0
DA:179,0
DA:181,0
DA:183,0
DA:184,0
DA:185,0
DA:186,0
DA:187,0
DA:192,0
DA:197,0
DA:199,0
DA:200,0
DA:201,0
DA:207,0
DA:210,0
DA:213,0
DA:215,0
DA:216,0
DA:217,0
DA:223,0
DA:226,0
DA:230,0
DA:235,0
LF:66
LH:0
BRDA:52,0,0,0
BRDA:52,0,1,0
BRDA:54,1,0,0
BRDA:54,1,1,0
BRDA:59,2,0,0
BRDA:59,2,1,0
BRDA:68,3,0,0
BRDA:68,3,1,0
BRDA:71,4,0,0
BRDA:71,4,1,0
BRDA:88,5,0,0
BRDA:88,5,1,0
BRDA:103,6,0,0
BRDA:103,6,1,0
BRDA:165,7,0,0
BRDA:165,7,1,0
BRDA:167,8,0,0
BRDA:167,8,1,0
BRDA:172,9,0,0
BRDA:172,9,1,0
BRDA:178,10,0,0
BRDA:178,10,1,0
BRDA:181,11,0,0
BRDA:181,11,1,0
BRDA:186,12,0,0
BRDA:186,12,1,0
BRDA:197,13,0,0
BRDA:197,13,1,0
BRDA:213,14,0,0
BRDA:213,14,1,0
BRF:30
BRH:0
end_of_record
TN:
SF:src/hooks/useNavigationHelpers.ts
FN:17,(anonymous_0)
FN:24,(anonymous_1)
FN:35,(anonymous_2)
FN:45,(anonymous_3)
FN:55,(anonymous_4)
FN:66,(anonymous_5)
FN:76,(anonymous_6)
FNF:7
FNH:0
FNDA:0,(anonymous_0)
FNDA:0,(anonymous_1)
FNDA:0,(anonymous_2)
FNDA:0,(anonymous_3)
FNDA:0,(anonymous_4)
FNDA:0,(anonymous_5)
FNDA:0,(anonymous_6)
DA:17,0
DA:18,0
DA:24,0
DA:25,0
DA:31,0
DA:39,0
DA:49,0
DA:60,0
DA:70,0
DA:77,0
DA:78,0
LF:11
LH:0
BRDA:77,0,0,0
BRDA:77,0,1,0
BRF:2
BRH:0
end_of_record
TN:
SF:src/hooks/useNetworkStatus.ts
FN:11,useNetworkStatus
FN:18,(anonymous_1)
FN:19,(anonymous_2)
FN:27,(anonymous_3)
FNF:4
FNH:0
FNDA:0,useNetworkStatus
FNDA:0,(anonymous_1)
FNDA:0,(anonymous_2)
FNDA:0,(anonymous_3)
DA:12,0
DA:18,0
DA:19,0
DA:20,0
DA:27,0
DA:28,0
DA:32,0
LF:7
LH:0
BRDA:21,0,0,0
BRDA:21,0,1,0
BRF:2
BRH:0
end_of_record
TN:
SF:src/hooks/usePushNotifications.ts
FN:22,usePushNotifications
FN:37,(anonymous_1)
FN:64,(anonymous_2)
FN:66,(anonymous_3)
FN:82,(anonymous_4)
FN:89,(anonymous_5)
FN:98,(anonymous_6)
FN:107,(anonymous_7)
FN:114,(anonymous_8)
FN:124,(anonymous_9)
FNF:10
FNH:0
FNDA:0,usePushNotifications
FNDA:0,(anonymous_1)
FNDA:0,(anonymous_2)
FNDA:0,(anonymous_3)
FNDA:0,(anonymous_4)
FNDA:0,(anonymous_5)
FNDA:0,(anonymous_6)
FNDA:0,(anonymous_7)
FNDA:0,(anonymous_8)
FNDA:0,(anonymous_9)
DA:23,0
DA:24,0
DA:26,0
DA:27,0
DA:29,0
DA:32,0
DA:36,0
DA:38,0
DA:40,0
DA:42,0
DA:43,0
DA:46,0
DA:47,0
DA:50,0
DA:51,0
DA:54,0
DA:55,0
DA:58,0
DA:64,0
DA:66,0
DA:67,0
DA:68,0
DA:69,0
DA:78,0
DA:81,0
DA:83,0
DA:84,0
DA:89,0
DA:90,0
DA:91,0
DA:92,0
DA:98,0
DA:99,0
DA:101,0
DA:104,0
DA:107,0
DA:108,0
DA:109,0
DA:110,0
DA:114,0
DA:115,0
DA:116,0
DA:118,0
DA:119,0
DA:124,0
DA:125,0
DA:126,0
DA:129,0
LF:48
LH:0
BRDA:38,0,0,0
BRDA:38,0,1,0
BRDA:42,1,0,0
BRDA:42,1,1,0
BRDA:42,2,0,0
BRDA:42,2,1,0
BRDA:46,3,0,0
BRDA:46,3,1,0
BRDA:46,4,0,0
BRDA:46,4,1,0
BRDA:50,5,0,0
BRDA:50,5,1,0
BRDA:50,6,0,0
BRDA:50,6,1,0
BRDA:54,7,0,0
BRDA:54,7,1,0
BRDA:67,8,0,0
BRDA:67,8,1,0
BRDA:115,9,0,0
BRDA:115,9,1,0
BRDA:118,10,0,0
BRDA:118,10,1,0
BRF:22
BRH:0
end_of_record
TN:
SF:src/hooks/useResponsive.ts
FN:14,(anonymous_0)
FN:15,(anonymous_1)
FN:20,(anonymous_2)
FN:21,(anonymous_3)
FN:27,(anonymous_4)
FN:36,(anonymous_5)
FN:37,(anonymous_6)
FN:39,(anonymous_7)
FN:40,(anonymous_8)
FN:46,(anonymous_9)
FN:55,(anonymous_10)
FN:56,(anonymous_11)
FN:58,(anonymous_12)
FN:59,(anonymous_13)
FN:65,(anonymous_14)
FN:74,(anonymous_15)
FN:75,(anonymous_16)
FN:79,(anonymous_17)
FN:80,(anonymous_18)
FN:86,(anonymous_19)
FN:95,(anonymous_20)
FNF:21
FNH:0
FNDA:0,(anonymous_0)
FNDA:0,(anonymous_1)
FNDA:0,(anonymous_2)
FNDA:0,(anonymous_3)
FNDA:0,(anonymous_4)
FNDA:0,(anonymous_5)
FNDA:0,(anonymous_6)
FNDA:0,(anonymous_7)
FNDA:0,(anonymous_8)
FNDA:0,(anonymous_9)
FNDA:0,(anonymous_10)
FNDA:0,(anonymous_11)
FNDA:0,(anonymous_12)
FNDA:0,(anonymous_13)
FNDA:0,(anonymous_14)
FNDA:0,(anonymous_15)
FNDA:0,(anonymous_16)
FNDA:0,(anonymous_17)
FNDA:0,(anonymous_18)
FNDA:0,(anonymous_19)
FNDA:0,(anonymous_20)
DA:14,0
DA:15,0
DA:16,0
DA:17,0
DA:20,0
DA:21,0
DA:22,0
DA:25,0
DA:27,0
DA:30,0
DA:36,0
DA:37,0
DA:39,0
DA:40,0
DA:41,0
DA:44,0
DA:46,0
DA:49,0
DA:55,0
DA:56,0
DA:58,0
DA:59,0
DA:60,0
DA:63,0
DA:65,0
DA:68,0
DA:74,0
DA:75,0
DA:76,0
DA:79,0
DA:80,0
DA:81,0
DA:84,0
DA:86,0
DA:89,0
DA:95,0
DA:100,0
DA:102,0
DA:103,0
DA:104,0
LF:40
LH:0
BRDA:76,0,0,0
BRDA:76,0,1,0
BRDA:81,1,0,0
BRDA:81,1,1,0
BRDA:102,2,0,0
BRDA:102,2,1,0
BRDA:102,3,0,0
BRDA:102,3,1,0
BRDA:103,4,0,0
BRDA:103,4,1,0
BRDA:103,5,0,0
BRDA:103,5,1,0
BRF:12
BRH:0
end_of_record
TN:
SF:src/hooks/useScreenTracking.ts
FN:13,(anonymous_0)
FN:14,(anonymous_1)
FNF:2
FNH:0
FNDA:0,(anonymous_0)
FNDA:0,(anonymous_1)
DA:13,0
DA:14,0
DA:15,0
LF:3
LH:0
BRF:0
BRH:0
end_of_record
TN:
SF:src/hooks/useSearchHistory.ts
FN:12,(anonymous_0)
FN:17,(anonymous_1)
FN:21,(anonymous_2)
FN:35,(anonymous_3)
FN:48,(anonymous_4)
FN:53,(anonymous_5)
FN:64,(anonymous_6)
FN:65,(anonymous_7)
FN:73,(anonymous_8)
FNF:9
FNH:0
FNDA:0,(anonymous_0)
FNDA:0,(anonymous_1)
FNDA:0,(anonymous_2)
FNDA:0,(anonymous_3)
FNDA:0,(anonymous_4)
FNDA:0,(anonymous_5)
FNDA:0,(anonymous_6)
FNDA:0,(anonymous_7)
FNDA:0,(anonymous_8)
DA:9,0
DA:10,0
DA:12,0
DA:13,0
DA:14,0
DA:17,0
DA:18,0
DA:21,0
DA:22,0
DA:23,0
DA:24,0
DA:25,0
DA:28,0
DA:30,0
DA:35,0
DA:36,0
DA:37,0
DA:42,0
DA:47,0
DA:49,0
DA:51,0
DA:53,0
DA:56,0
DA:57,0
DA:63,0
DA:65,0
DA:66,0
DA:67,0
DA:73,0
DA:74,0
DA:75,0
DA:76,0
DA:78,0
DA:82,0
LF:34
LH:0
BRDA:24,0,0,0
BRDA:24,0,1,0
BRDA:49,1,0,0
BRDA:49,1,1,0
BRF:4
BRH:0
end_of_record
TN:
SF:src/hooks/useTheme.ts
FN:16,useTheme
FN:33,(anonymous_1)
FN:42,getColors
FNF:3
FNH:0
FNDA:0,useTheme
FNDA:0,(anonymous_1)
FNDA:0,getColors
DA:17,0
DA:18,0
DA:22,0
DA:25,0
DA:27,0
DA:34,0
DA:43,0
LF:7
LH:0
BRDA:22,0,0,0
BRDA:22,0,1,0
BRDA:22,0,2,0
BRDA:25,1,0,0
BRDA:25,1,1,0
BRDA:34,2,0,0
BRDA:34,2,1,0
BRDA:43,3,0,0
BRDA:43,3,1,0
BRF:9
BRH:0
end_of_record
TN:
SF:src/hooks/useTranslation.ts
FN:18,useTranslation
FN:24,(anonymous_1)
FN:38,translate
FNF:3
FNH:0
FNDA:0,useTranslation
FNDA:0,(anonymous_1)
FNDA:0,translate
DA:19,0
DA:21,0
DA:24,0
DA:43,0
DA:44,0
LF:5
LH:0
BRF:0
BRH:0
end_of_record
TN:
SF:src/hooks/useZodForm.ts
FN:22,useZodForm
FN:51,useFormSubmission
FN:57,(anonymous_2)
FNF:3
FNH:0
FNDA:0,useZodForm
FNDA:0,useFormSubmission
FNDA:0,(anonymous_2)
DA:27,0
DA:29,0
DA:55,0
DA:57,0
DA:58,0
DA:60,0
DA:61,0
DA:62,0
DA:64,0
DA:68,0
DA:72,0
LF:11
LH:0
BRDA:33,0,0,0
BRDA:33,0,1,0
BRDA:58,1,0,0
BRDA:58,1,1,0
BRDA:65,2,0,0
BRDA:65,2,1,0
BRF:6
BRH:0
end_of_record
TN:
SF:src/mocks/index.ts
FNF:0
FNH:0
LF:0
LH:0
BRF:0
BRH:0
end_of_record
TN:
SF:src/mocks/messages.ts
FNF:0
FNH:0
DA:3,0
LF:1
LH:0
BRF:0
BRH:0
end_of_record
TN:
SF:src/mocks/moments.ts
FNF:0
FNH:0
DA:3,0
LF:1
LH:0
BRF:0
BRH:0
end_of_record
TN:
SF:src/mocks/proofs.ts
FNF:0
FNH:0
DA:3,0
LF:1
LH:0
BRF:0
BRH:0
end_of_record
TN:
SF:src/mocks/slots.ts
FNF:0
FNH:0
DA:3,0
LF:1
LH:0
BRF:0
BRH:0
end_of_record
TN:
SF:src/mocks/stories.ts
FNF:0
FNH:0
DA:3,0
LF:1
LH:0
BRF:0
BRH:0
end_of_record
TN:
SF:src/mocks/transactions.ts
FNF:0
FNH:0
DA:3,0
DA:66,0
LF:2
LH:0
BRF:0
BRH:0
end_of_record
TN:
SF:src/mocks/users.ts
FNF:0
FNH:0
DA:3,0
DA:86,0
LF:2
LH:0
BRF:0
BRH:0
end_of_record
TN:
SF:src/navigation/AppNavigator.tsx
FN:8,(anonymous_0)
FN:15,(anonymous_1)
FN:16,(anonymous_2)
FN:18,(anonymous_3)
FN:22,(anonymous_4)
FN:23,(anonymous_5)
FN:24,(anonymous_6)
FN:30,(anonymous_7)
FN:31,(anonymous_8)
FN:35,(anonymous_9)
FN:36,(anonymous_10)
FN:40,(anonymous_11)
FN:41,(anonymous_12)
FN:45,(anonymous_13)
FN:46,(anonymous_14)
FN:59,(anonymous_15)
FN:60,(anonymous_16)
FN:64,(anonymous_17)
FN:65,(anonymous_18)
FN:67,(anonymous_19)
FN:69,(anonymous_20)
FN:71,(anonymous_21)
FN:72,(anonymous_22)
FN:79,(anonymous_23)
FN:81,(anonymous_24)
FN:82,(anonymous_25)
FN:83,(anonymous_26)
FN:87,(anonymous_27)
FN:88,(anonymous_28)
FN:92,(anonymous_29)
FN:95,(anonymous_30)
FN:96,(anonymous_31)
FN:100,(anonymous_32)
FN:101,(anonymous_33)
FN:105,(anonymous_34)
FN:106,(anonymous_35)
FN:110,(anonymous_36)
FN:111,(anonymous_37)
FN:115,(anonymous_38)
FN:116,(anonymous_39)
FN:120,(anonymous_40)
FN:121,(anonymous_41)
FN:125,(anonymous_42)
FN:126,(anonymous_43)
FN:132,(anonymous_44)
FN:133,(anonymous_45)
FN:137,(anonymous_46)
FN:138,(anonymous_47)
FN:143,(anonymous_48)
FN:146,(anonymous_49)
FN:148,(anonymous_50)
FN:149,(anonymous_51)
FN:163,(anonymous_52)
FN:164,(anonymous_53)
FN:168,(anonymous_54)
FN:169,(anonymous_55)
FN:173,(anonymous_56)
FN:174,(anonymous_57)
FN:178,(anonymous_58)
FN:179,(anonymous_59)
FN:184,(anonymous_60)
FN:192,(anonymous_61)
FN:193,(anonymous_62)
FN:197,(anonymous_63)
FN:198,(anonymous_64)
FN:202,(anonymous_65)
FN:203,(anonymous_66)
FN:205,(anonymous_67)
FN:206,(anonymous_68)
FN:211,(anonymous_69)
FN:214,(anonymous_70)
FN:216,(anonymous_71)
FN:217,(anonymous_72)
FN:223,(anonymous_73)
FN:224,(anonymous_74)
FN:228,(anonymous_75)
FN:229,(anonymous_76)
FN:233,(anonymous_77)
FN:234,(anonymous_78)
FN:239,(anonymous_79)
FN:243,(anonymous_80)
FN:244,(anonymous_81)
FN:248,(anonymous_82)
FN:249,(anonymous_83)
FN:253,(anonymous_84)
FN:254,(anonymous_85)
FN:258,(anonymous_86)
FN:259,(anonymous_87)
FN:263,(anonymous_88)
FN:264,(anonymous_89)
FN:268,(anonymous_90)
FN:269,(anonymous_91)
FN:275,(anonymous_92)
FN:276,(anonymous_93)
FN:281,(anonymous_94)
FN:284,(anonymous_95)
FN:287,(anonymous_96)
FN:288,(anonymous_97)
FN:290,(anonymous_98)
FN:293,(anonymous_99)
FN:295,(anonymous_100)
FN:296,(anonymous_101)
FN:303,(anonymous_102)
FN:308,(anonymous_103)
FN:310,(anonymous_104)
FN:311,(anonymous_105)
FN:458,(anonymous_106)
FN:466,(anonymous_107)
FNF:108
FNH:0
FNDA:0,(anonymous_0)
FNDA:0,(anonymous_1)
FNDA:0,(anonymous_2)
FNDA:0,(anonymous_3)
FNDA:0,(anonymous_4)
FNDA:0,(anonymous_5)
FNDA:0,(anonymous_6)
FNDA:0,(anonymous_7)
FNDA:0,(anonymous_8)
FNDA:0,(anonymous_9)
FNDA:0,(anonymous_10)
FNDA:0,(anonymous_11)
FNDA:0,(anonymous_12)
FNDA:0,(anonymous_13)
FNDA:0,(anonymous_14)
FNDA:0,(anonymous_15)
FNDA:0,(anonymous_16)
FNDA:0,(anonymous_17)
FNDA:0,(anonymous_18)
FNDA:0,(anonymous_19)
FNDA:0,(anonymous_20)
FNDA:0,(anonymous_21)
FNDA:0,(anonymous_22)
FNDA:0,(anonymous_23)
FNDA:0,(anonymous_24)
FNDA:0,(anonymous_25)
FNDA:0,(anonymous_26)
FNDA:0,(anonymous_27)
FNDA:0,(anonymous_28)
FNDA:0,(anonymous_29)
FNDA:0,(anonymous_30)
FNDA:0,(anonymous_31)
FNDA:0,(anonymous_32)
FNDA:0,(anonymous_33)
FNDA:0,(anonymous_34)
FNDA:0,(anonymous_35)
FNDA:0,(anonymous_36)
FNDA:0,(anonymous_37)
FNDA:0,(anonymous_38)
FNDA:0,(anonymous_39)
FNDA:0,(anonymous_40)
FNDA:0,(anonymous_41)
FNDA:0,(anonymous_42)
FNDA:0,(anonymous_43)
FNDA:0,(anonymous_44)
FNDA:0,(anonymous_45)
FNDA:0,(anonymous_46)
FNDA:0,(anonymous_47)
FNDA:0,(anonymous_48)
FNDA:0,(anonymous_49)
FNDA:0,(anonymous_50)
FNDA:0,(anonymous_51)
FNDA:0,(anonymous_52)
FNDA:0,(anonymous_53)
FNDA:0,(anonymous_54)
FNDA:0,(anonymous_55)
FNDA:0,(anonymous_56)
FNDA:0,(anonymous_57)
FNDA:0,(anonymous_58)
FNDA:0,(anonymous_59)
FNDA:0,(anonymous_60)
FNDA:0,(anonymous_61)
FNDA:0,(anonymous_62)
FNDA:0,(anonymous_63)
FNDA:0,(anonymous_64)
FNDA:0,(anonymous_65)
FNDA:0,(anonymous_66)
FNDA:0,(anonymous_67)
FNDA:0,(anonymous_68)
FNDA:0,(anonymous_69)
FNDA:0,(anonymous_70)
FNDA:0,(anonymous_71)
FNDA:0,(anonymous_72)
FNDA:0,(anonymous_73)
FNDA:0,(anonymous_74)
FNDA:0,(anonymous_75)
FNDA:0,(anonymous_76)
FNDA:0,(anonymous_77)
FNDA:0,(anonymous_78)
FNDA:0,(anonymous_79)
FNDA:0,(anonymous_80)
FNDA:0,(anonymous_81)
FNDA:0,(anonymous_82)
FNDA:0,(anonymous_83)
FNDA:0,(anonymous_84)
FNDA:0,(anonymous_85)
FNDA:0,(anonymous_86)
FNDA:0,(anonymous_87)
FNDA:0,(anonymous_88)
FNDA:0,(anonymous_89)
FNDA:0,(anonymous_90)
FNDA:0,(anonymous_91)
FNDA:0,(anonymous_92)
FNDA:0,(anonymous_93)
FNDA:0,(anonymous_94)
FNDA:0,(anonymous_95)
FNDA:0,(anonymous_96)
FNDA:0,(anonymous_97)
FNDA:0,(anonymous_98)
FNDA:0,(anonymous_99)
FNDA:0,(anonymous_100)
FNDA:0,(anonymous_101)
FNDA:0,(anonymous_102)
FNDA:0,(anonymous_103)
FNDA:0,(anonymous_104)
FNDA:0,(anonymous_105)
FNDA:0,(anonymous_106)
FNDA:0,(anonymous_107)
DA:8,0
DA:9,0
DA:15,0
DA:16,0
DA:17,0
DA:18,0
DA:22,0
DA:23,0
DA:24,0
DA:30,0
DA:31,0
DA:35,0
DA:36,0
DA:40,0
DA:41,0
DA:45,0
DA:46,0
DA:59,0
DA:60,0
DA:64,0
DA:65,0
DA:67,0
DA:68,0
DA:69,0
DA:71,0
DA:72,0
DA:78,0
DA:79,0
DA:81,0
DA:82,0
DA:83,0
DA:87,0
DA:88,0
DA:92,0
DA:95,0
DA:96,0
DA:100,0
DA:101,0
DA:105,0
DA:106,0
DA:110,0
DA:111,0
DA:115,0
DA:116,0
DA:120,0
DA:121,0
DA:125,0
DA:126,0
DA:132,0
DA:133,0
DA:137,0
DA:138,0
DA:142,0
DA:143,0
DA:145,0
DA:146,0
DA:148,0
DA:149,0
DA:163,0
DA:164,0
DA:168,0
DA:169,0
DA:173,0
DA:174,0
DA:178,0
DA:179,0
DA:183,0
DA:184,0
DA:192,0
DA:193,0
DA:197,0
DA:198,0
DA:202,0
DA:203,0
DA:205,0
DA:206,0
DA:210,0
DA:211,0
DA:213,0
DA:214,0
DA:216,0
DA:217,0
DA:223,0
DA:224,0
DA:228,0
DA:229,0
DA:233,0
DA:234,0
DA:238,0
DA:239,0
DA:243,0
DA:244,0
DA:248,0
DA:249,0
DA:253,0
DA:254,0
DA:258,0
DA:259,0
DA:263,0
DA:264,0
DA:268,0
DA:269,0
DA:275,0
DA:276,0
DA:280,0
DA:281,0
DA:283,0
DA:284,0
DA:287,0
DA:288,0
DA:289,0
DA:290,0
DA:292,0
DA:293,0
DA:295,0
DA:296,0
DA:302,0
DA:303,0
DA:307,0
DA:308,0
DA:310,0
DA:311,0
DA:456,0
DA:458,0
DA:459,0
DA:466,0
LF:126
LH:0
BRF:0
BRH:0
end_of_record
TN:
SF:src/navigation/types.ts
FNF:0
FNH:0
LF:0
LH:0
BRF:0
BRH:0
end_of_record
TN:
SF:src/screens/AboutScreen.tsx
FN:16,(anonymous_0)
FN:32,(anonymous_1)
FN:33,(anonymous_2)
FN:70,(anonymous_3)
FN:90,(anonymous_4)
FN:95,(anonymous_5)
FNF:6
FNH:0
FNDA:0,(anonymous_0)
FNDA:0,(anonymous_1)
FNDA:0,(anonymous_2)
FNDA:0,(anonymous_3)
FNDA:0,(anonymous_4)
FNDA:0,(anonymous_5)
DA:16,0
DA:17,0
DA:32,0
DA:33,0
DA:34,0
DA:38,0
DA:71,0
DA:90,0
DA:95,0
DA:105,0
LF:10
LH:0
BRF:0
BRH:0
end_of_record
TN:
SF:src/screens/ActivityScreen.tsx
FN:59,(anonymous_0)
FN:67,(anonymous_1)
FN:71,(anonymous_2)
FN:216,(anonymous_3)
FN:218,(anonymous_4)
FN:222,(anonymous_5)
FN:232,(anonymous_6)
FN:234,(anonymous_7)
FN:247,(anonymous_8)
FN:253,(anonymous_9)
FN:257,(anonymous_10)
FN:263,(anonymous_11)
FN:280,(anonymous_12)
FN:280,(anonymous_13)
FN:285,(anonymous_14)
FN:285,(anonymous_15)
FN:319,(anonymous_16)
FN:327,(anonymous_17)
FN:370,(anonymous_18)
FN:392,(anonymous_19)
FN:412,(anonymous_20)
FN:413,(anonymous_21)
FN:429,(anonymous_22)
FN:494,(anonymous_23)
FNF:24
FNH:0
FNDA:0,(anonymous_0)
FNDA:0,(anonymous_1)
FNDA:0,(anonymous_2)
FNDA:0,(anonymous_3)
FNDA:0,(anonymous_4)
FNDA:0,(anonymous_5)
FNDA:0,(anonymous_6)
FNDA:0,(anonymous_7)
FNDA:0,(anonymous_8)
FNDA:0,(anonymous_9)
FNDA:0,(anonymous_10)
FNDA:0,(anonymous_11)
FNDA:0,(anonymous_12)
FNDA:0,(anonymous_13)
FNDA:0,(anonymous_14)
FNDA:0,(anonymous_15)
FNDA:0,(anonymous_16)
FNDA:0,(anonymous_17)
FNDA:0,(anonymous_18)
FNDA:0,(anonymous_19)
FNDA:0,(anonymous_20)
FNDA:0,(anonymous_21)
FNDA:0,(anonymous_22)
FNDA:0,(anonymous_23)
DA:59,0
DA:60,0
DA:61,0
DA:62,0
DA:63,0
DA:67,0
DA:68,0
DA:71,0
DA:72,0
DA:216,0
DA:217,0
DA:218,0
DA:219,0
DA:220,0
DA:222,0
DA:225,0
DA:232,0
DA:233,0
DA:235,0
DA:236,0
DA:237,0
DA:238,0
DA:240,0
DA:247,0
DA:250,0
DA:252,0
DA:253,0
DA:256,0
DA:258,0
DA:262,0
DA:263,0
DA:267,0
DA:271,0
DA:279,0
DA:280,0
DA:284,0
DA:285,0
DA:289,0
DA:320,0
DA:321,0
DA:323,0
DA:327,0
DA:371,0
DA:393,0
DA:412,0
DA:413,0
DA:414,0
DA:415,0
DA:429,0
DA:430,0
DA:432,0
DA:438,0
DA:439,0
DA:441,0
DA:452,0
DA:494,0
DA:495,0
DA:526,0
LF:58
LH:0
BRDA:235,0,0,0
BRDA:235,0,1,0
BRDA:236,1,0,0
BRDA:236,1,1,0
BRDA:237,2,0,0
BRDA:237,2,1,0
BRDA:238,3,0,0
BRDA:238,3,1,0
BRDA:253,4,0,0
BRDA:253,4,1,0
BRDA:258,5,0,0
BRDA:258,5,1,0
BRDA:258,5,2,0
BRDA:263,6,0,0
BRDA:263,6,1,0
BRDA:326,7,0,0
BRDA:326,7,1,0
BRDA:332,8,0,0
BRDA:332,8,1,0
BRDA:337,9,0,0
BRDA:337,9,1,0
BRDA:339,10,0,0
BRDA:339,10,1,0
BRDA:344,11,0,0
BRDA:344,11,1,0
BRDA:373,12,0,0
BRDA:373,12,1,0
BRDA:380,13,0,0
BRDA:380,13,1,0
BRDA:389,14,0,0
BRDA:389,14,1,0
BRDA:389,14,2,0
BRDA:395,15,0,0
BRDA:395,15,1,0
BRDA:414,16,0,0
BRDA:414,16,1,0
BRDA:419,17,0,0
BRDA:419,17,1,0
BRDA:423,18,0,0
BRDA:423,18,1,0
BRDA:430,19,0,0
BRDA:430,19,1,0
BRDA:439,20,0,0
BRDA:439,20,1,0
BRDA:465,21,0,0
BRDA:465,21,1,0
BRDA:470,22,0,0
BRDA:470,22,1,0
BRDA:470,22,2,0
BRDA:479,23,0,0
BRDA:479,23,1,0
BRDA:482,24,0,0
BRDA:482,24,1,0
BRDA:507,25,0,0
BRDA:507,25,1,0
BRF:55
BRH:0
end_of_record
TN:
SF:src/screens/BlockedUsersScreen.tsx
FN:48,(anonymous_0)
FN:54,(anonymous_1)
FN:56,(anonymous_2)
FN:56,(anonymous_3)
FN:65,(anonymous_4)
FN:101,(anonymous_5)
FN:116,(anonymous_6)
FNF:7
FNH:0
FNDA:0,(anonymous_0)
FNDA:0,(anonymous_1)
FNDA:0,(anonymous_2)
FNDA:0,(anonymous_3)
FNDA:0,(anonymous_4)
FNDA:0,(anonymous_5)
FNDA:0,(anonymous_6)
DA:33,0
DA:48,0
DA:52,0
DA:54,0
DA:56,0
DA:59,0
DA:65,0
DA:102,0
DA:116,0
DA:130,0
LF:10
LH:0
BRDA:78,0,0,0
BRDA:78,0,1,0
BRF:2
BRH:0
end_of_record
TN:
SF:src/screens/CacheSuccessScreen.tsx
FN:17,(anonymous_0)
FN:20,(anonymous_1)
FNF:2
FNH:0
FNDA:0,(anonymous_0)
FNDA:0,(anonymous_1)
DA:17,0
DA:18,0
DA:20,0
DA:21,0
DA:24,0
DA:56,0
LF:6
LH:0
BRF:0
BRH:0
end_of_record
TN:
SF:src/screens/CardAddedSuccessScreen.tsx
FN:18,(anonymous_0)
FN:22,(anonymous_1)
FN:26,(anonymous_2)
FNF:3
FNH:0
FNDA:0,(anonymous_0)
FNDA:0,(anonymous_1)
FNDA:0,(anonymous_2)
DA:18,0
DA:19,0
DA:20,0
DA:22,0
DA:23,0
DA:26,0
DA:27,0
DA:30,0
DA:111,0
LF:9
LH:0
BRF:0
BRH:0
end_of_record
TN:
SF:src/screens/CardRemovedSuccessScreen.tsx
FN:17,(anonymous_0)
FN:20,(anonymous_1)
FN:24,(anonymous_2)
FNF:3
FNH:0
FNDA:0,(anonymous_0)
FNDA:0,(anonymous_1)
FNDA:0,(anonymous_2)
DA:17,0
DA:18,0
DA:20,0
DA:21,0
DA:24,0
DA:25,0
DA:28,0
DA:85,0
LF:8
LH:0
BRF:0
BRH:0
end_of_record
TN:
SF:src/screens/CategorySelectionScreen.tsx
FN:68,(anonymous_0)
FN:69,(anonymous_1)
FN:78,(anonymous_2)
FN:98,(anonymous_3)
FN:102,(anonymous_4)
FNF:5
FNH:0
FNDA:0,(anonymous_0)
FNDA:0,(anonymous_1)
FNDA:0,(anonymous_2)
FNDA:0,(anonymous_3)
FNDA:0,(anonymous_4)
DA:27,0
DA:68,0
DA:69,0
DA:70,0
DA:73,0
DA:78,0
DA:99,0
DA:102,0
DA:126,0
LF:9
LH:0
BRF:0
BRH:0
end_of_record
TN:
SF:src/screens/ChatScreen.tsx
FN:85,(anonymous_0)
FN:91,(anonymous_1)
FN:97,(anonymous_2)
FN:101,(anonymous_3)
FN:105,(anonymous_4)
FN:209,(anonymous_5)
FN:282,(anonymous_6)
FNF:7
FNH:0
FNDA:0,(anonymous_0)
FNDA:0,(anonymous_1)
FNDA:0,(anonymous_2)
FNDA:0,(anonymous_3)
FNDA:0,(anonymous_4)
FNDA:0,(anonymous_5)
FNDA:0,(anonymous_6)
DA:39,0
DA:85,0
DA:86,0
DA:87,0
DA:88,0
DA:89,0
DA:91,0
DA:92,0
DA:93,0
DA:97,0
DA:101,0
DA:105,0
DA:106,0
DA:107,0
DA:114,0
DA:115,0
DA:158,0
DA:159,0
DA:178,0
DA:179,0
DA:188,0
DA:203,0
DA:209,0
DA:282,0
DA:321,0
LF:25
LH:0
BRDA:92,0,0,0
BRDA:92,0,1,0
BRDA:106,1,0,0
BRDA:106,1,1,0
BRDA:114,2,0,0
BRDA:114,2,1,0
BRDA:158,3,0,0
BRDA:158,3,1,0
BRDA:178,4,0,0
BRDA:178,4,1,0
BRDA:276,5,0,0
BRDA:276,5,1,0
BRDA:277,6,0,0
BRDA:277,6,1,0
BRF:14
BRH:0
end_of_record
TN:
SF:src/screens/CityMomentsScreen.tsx
FN:64,CityMomentsScreen
FN:77,(anonymous_1)
FN:98,(anonymous_2)
FN:105,(anonymous_3)
FN:123,(anonymous_4)
FN:127,(anonymous_5)
FNF:6
FNH:0
FNDA:0,CityMomentsScreen
FNDA:0,(anonymous_1)
FNDA:0,(anonymous_2)
FNDA:0,(anonymous_3)
FNDA:0,(anonymous_4)
FNDA:0,(anonymous_5)
DA:24,0
DA:54,0
DA:68,0
DA:69,0
DA:71,0
DA:77,0
DA:99,0
DA:105,0
DA:124,0
DA:128,0
DA:163,0
LF:11
LH:0
BRDA:68,0,0,0
BRDA:68,1,0,0
BRDA:68,1,1,0
BRDA:103,2,0,0
BRDA:103,2,1,0
BRDA:110,3,0,0
BRDA:110,3,1,0
BRDA:141,4,0,0
BRDA:141,4,1,0
BRF:9
BRH:0
end_of_record
TN:
SF:src/screens/CompleteProfileScreen.tsx
FN:42,(anonymous_0)
FN:52,(anonymous_1)
FN:57,(anonymous_2)
FN:59,(anonymous_3)
FN:69,(anonymous_4)
FN:85,(anonymous_5)
FN:192,(anonymous_6)
FN:201,(anonymous_7)
FN:243,(anonymous_8)
FNF:9
FNH:0
FNDA:0,(anonymous_0)
FNDA:0,(anonymous_1)
FNDA:0,(anonymous_2)
FNDA:0,(anonymous_3)
FNDA:0,(anonymous_4)
FNDA:0,(anonymous_5)
FNDA:0,(anonymous_6)
FNDA:0,(anonymous_7)
FNDA:0,(anonymous_8)
DA:24,0
DA:42,0
DA:45,0
DA:46,0
DA:47,0
DA:48,0
DA:49,0
DA:50,0
DA:52,0
DA:54,0
DA:57,0
DA:58,0
DA:59,0
DA:61,0
DA:62,0
DA:64,0
DA:69,0
DA:70,0
DA:71,0
DA:72,0
DA:74,0
DA:75,0
DA:76,0
DA:78,0
DA:79,0
DA:80,0
DA:83,0
DA:85,0
DA:86,0
DA:87,0
DA:91,0
DA:193,0
DA:194,0
DA:201,0
DA:243,0
DA:254,0
LF:36
LH:0
BRDA:58,0,0,0
BRDA:58,0,1,0
BRDA:61,1,0,0
BRDA:61,1,1,0
BRDA:70,2,0,0
BRDA:70,2,1,0
BRDA:74,3,0,0
BRDA:74,3,1,0
BRDA:78,4,0,0
BRDA:78,4,1,0
BRDA:93,5,0,0
BRDA:93,5,1,0
BRDA:120,6,0,0
BRDA:120,6,1,0
BRDA:199,7,0,0
BRDA:199,7,1,0
BRDA:207,8,0,0
BRDA:207,8,1,0
BRDA:212,9,0,0
BRDA:212,9,1,0
BRF:20
BRH:0
end_of_record
TN:
SF:src/screens/CreateMomentScreen.tsx
FN:44,(anonymous_0)
FN:57,(anonymous_1)
FN:85,(anonymous_2)
FN:112,(anonymous_3)
FN:121,(anonymous_4)
FN:136,(anonymous_5)
FN:149,(anonymous_6)
FN:226,(anonymous_7)
FN:234,(anonymous_8)
FN:265,(anonymous_9)
FN:304,(anonymous_10)
FN:520,(anonymous_11)
FN:561,(anonymous_12)
FNF:13
FNH:0
FNDA:0,(anonymous_0)
FNDA:0,(anonymous_1)
FNDA:0,(anonymous_2)
FNDA:0,(anonymous_3)
FNDA:0,(anonymous_4)
FNDA:0,(anonymous_5)
FNDA:0,(anonymous_6)
FNDA:0,(anonymous_7)
FNDA:0,(anonymous_8)
FNDA:0,(anonymous_9)
FNDA:0,(anonymous_10)
FNDA:0,(anonymous_11)
FNDA:0,(anonymous_12)
DA:35,0
DA:44,0
DA:45,0
DA:48,0
DA:49,0
DA:50,0
DA:51,0
DA:52,0
DA:53,0
DA:54,0
DA:55,0
DA:57,0
DA:58,0
DA:60,0
DA:61,0
DA:62,0
DA:66,0
DA:69,0
DA:76,0
DA:77,0
DA:80,0
DA:81,0
DA:85,0
DA:86,0
DA:88,0
DA:89,0
DA:95,0
DA:96,0
DA:103,0
DA:112,0
DA:113,0
DA:121,0
DA:122,0
DA:123,0
DA:124,0
DA:126,0
DA:127,0
DA:128,0
DA:130,0
DA:131,0
DA:132,0
DA:135,0
DA:136,0
DA:140,0
DA:149,0
DA:227,0
DA:234,0
DA:266,0
DA:304,0
DA:521,0
DA:522,0
DA:523,0
DA:524,0
DA:525,0
DA:527,0
DA:562,0
DA:563,0
DA:571,0
LF:58
LH:0
BRDA:61,0,0,0
BRDA:61,0,1,0
BRDA:76,1,0,0
BRDA:76,1,1,0
BRDA:86,2,0,0
BRDA:86,2,1,0
BRDA:88,3,0,0
BRDA:88,3,1,0
BRDA:95,4,0,0
BRDA:95,4,1,0
BRDA:114,5,0,0
BRDA:114,5,1,0
BRDA:114,5,2,0
BRDA:114,5,3,0
BRDA:122,6,0,0
BRDA:122,6,1,0
BRDA:126,7,0,0
BRDA:126,7,1,0
BRDA:130,8,0,0
BRDA:130,8,1,0
BRDA:130,9,0,0
BRDA:130,9,1,0
BRDA:143,10,0,0
BRDA:143,10,1,0
BRDA:173,11,0,0
BRDA:173,11,1,0
BRDA:231,12,0,0
BRDA:231,12,1,0
BRDA:241,13,0,0
BRDA:241,13,1,0
BRDA:249,14,0,0
BRDA:249,14,1,0
BRDA:280,15,0,0
BRDA:280,15,1,0
BRDA:361,16,0,0
BRDA:361,16,1,0
BRDA:361,16,2,0
BRDA:411,17,0,0
BRDA:411,17,1,0
BRDA:411,17,2,0
BRDA:411,17,3,0
BRDA:411,17,4,0
BRDA:416,18,0,0
BRDA:416,18,1,0
BRDA:439,19,0,0
BRDA:439,19,1,0
BRDA:441,20,0,0
BRDA:441,20,1,0
BRDA:446,21,0,0
BRDA:446,21,1,0
BRDA:451,22,0,0
BRDA:451,22,1,0
BRDA:476,23,0,0
BRDA:476,23,1,0
BRDA:495,24,0,0
BRDA:495,24,1,0
BRDA:518,25,0,0
BRDA:518,25,1,0
BRDA:518,26,0,0
BRDA:518,26,1,0
BRDA:522,27,0,0
BRDA:522,27,1,0
BRDA:524,28,0,0
BRDA:524,28,1,0
BRDA:539,29,0,0
BRDA:539,29,1,0
BRDA:556,30,0,0
BRDA:556,30,1,0
BRDA:560,31,0,0
BRDA:560,31,1,0
BRDA:563,32,0,0
BRDA:563,32,1,0
BRF:72
BRH:0
end_of_record
TN:
SF:src/screens/DeleteAccountScreen.tsx
FN:59,(anonymous_0)
FN:66,(anonymous_1)
FN:71,(anonymous_2)
FN:81,(anonymous_3)
FN:121,(anonymous_4)
FNF:5
FNH:0
FNDA:0,(anonymous_0)
FNDA:0,(anonymous_1)
FNDA:0,(anonymous_2)
FNDA:0,(anonymous_3)
FNDA:0,(anonymous_4)
DA:35,0
DA:59,0
DA:62,0
DA:64,0
DA:66,0
DA:68,0
DA:71,0
DA:72,0
DA:75,0
DA:81,0
DA:122,0
DA:177,0
LF:12
LH:0
BRDA:157,0,0,0
BRDA:157,0,1,0
BRF:2
BRH:0
end_of_record
TN:
SF:src/screens/DisputeProofScreen.tsx
FN:34,(anonymous_0)
FN:44,(anonymous_1)
FN:49,(anonymous_2)
FN:61,(anonymous_3)
FN:119,(anonymous_4)
FNF:5
FNH:0
FNDA:0,(anonymous_0)
FNDA:0,(anonymous_1)
FNDA:0,(anonymous_2)
FNDA:0,(anonymous_3)
FNDA:0,(anonymous_4)
DA:34,0
DA:38,0
DA:39,0
DA:40,0
DA:42,0
DA:44,0
DA:46,0
DA:49,0
DA:50,0
DA:51,0
DA:55,0
DA:61,0
DA:120,0
DA:163,0
LF:14
LH:0
BRDA:38,0,0,0
BRDA:38,0,1,0
BRDA:50,1,0,0
BRDA:50,1,1,0
BRDA:124,2,0,0
BRDA:124,2,1,0
BRDA:134,3,0,0
BRDA:134,3,1,0
BRDA:150,4,0,0
BRDA:150,4,1,0
BRF:10
BRH:0
end_of_record
TN:
SF:src/screens/DisputeStatusScreen.tsx
FN:28,(anonymous_0)
FN:61,(anonymous_1)
FN:92,(anonymous_2)
FN:111,(anonymous_3)
FN:117,(anonymous_4)
FNF:5
FNH:0
FNDA:0,(anonymous_0)
FNDA:0,(anonymous_1)
FNDA:0,(anonymous_2)
FNDA:0,(anonymous_3)
FNDA:0,(anonymous_4)
DA:28,0
DA:29,0
DA:31,0
DA:61,0
DA:62,0
DA:64,0
DA:71,0
DA:78,0
DA:87,0
DA:92,0
DA:112,0
DA:113,0
DA:160,0
LF:13
LH:0
BRDA:62,0,0,0
BRDA:62,0,1,0
BRDA:62,0,2,0
BRF:3
BRH:0
end_of_record
TN:
SF:src/screens/DisputeSuccessScreen.tsx
FN:17,(anonymous_0)
FN:20,(anonymous_1)
FN:24,(anonymous_2)
FN:29,(anonymous_3)
FNF:4
FNH:0
FNDA:0,(anonymous_0)
FNDA:0,(anonymous_1)
FNDA:0,(anonymous_2)
FNDA:0,(anonymous_3)
DA:17,0
DA:18,0
DA:20,0
DA:21,0
DA:24,0
DA:26,0
DA:29,0
DA:30,0
DA:33,0
DA:89,0
LF:10
LH:0
BRF:0
BRH:0
end_of_record
TN:
SF:src/screens/DisputeTransactionScreen.tsx
FN:20,(anonymous_0)
FN:29,(anonymous_1)
FN:34,(anonymous_2)
FN:35,(anonymous_3)
FN:38,(anonymous_4)
FN:49,(anonymous_5)
FN:131,(anonymous_6)
FN:141,(anonymous_7)
FNF:8
FNH:0
FNDA:0,(anonymous_0)
FNDA:0,(anonymous_1)
FNDA:0,(anonymous_2)
FNDA:0,(anonymous_3)
FNDA:0,(anonymous_4)
FNDA:0,(anonymous_5)
FNDA:0,(anonymous_6)
FNDA:0,(anonymous_7)
DA:20,0
DA:21,0
DA:22,0
DA:23,0
DA:27,0
DA:29,0
DA:31,0
DA:34,0
DA:35,0
DA:38,0
DA:39,0
DA:40,0
DA:44,0
DA:46,0
DA:49,0
DA:50,0
DA:53,0
DA:132,0
DA:141,0
DA:169,0
LF:20
LH:0
BRDA:39,0,0,0
BRDA:39,0,1,0
BRDA:129,1,0,0
BRDA:129,1,1,0
BRF:4
BRH:0
end_of_record
TN:
SF:src/screens/EditMomentScreen.tsx
FN:31,(anonymous_0)
FN:44,(anonymous_1)
FN:56,(anonymous_2)
FNF:3
FNH:0
FNDA:0,(anonymous_0)
FNDA:0,(anonymous_1)
FNDA:0,(anonymous_2)
DA:31,0
DA:35,0
DA:38,0
DA:39,0
DA:42,0
DA:44,0
DA:46,0
DA:47,0
DA:50,0
DA:56,0
DA:137,0
LF:11
LH:0
BRDA:35,0,0,0
BRDA:35,0,1,0
BRF:2
BRH:0
end_of_record
TN:
SF:src/screens/EditProfileScreen.tsx
FN:19,(anonymous_0)
FN:34,(anonymous_1)
FN:40,(anonymous_2)
FN:51,(anonymous_3)
FNF:4
FNH:0
FNDA:0,(anonymous_0)
FNDA:0,(anonymous_1)
FNDA:0,(anonymous_2)
FNDA:0,(anonymous_3)
DA:19,0
DA:20,0
DA:22,0
DA:23,0
DA:25,0
DA:34,0
DA:36,0
DA:37,0
DA:40,0
DA:42,0
DA:45,0
DA:51,0
DA:140,0
LF:13
LH:0
BRF:0
BRH:0
end_of_record
TN:
SF:src/screens/EmailAuthScreen.tsx
FN:22,(anonymous_0)
FN:28,(anonymous_1)
FN:33,(anonymous_2)
FN:40,(anonymous_3)
FN:47,(anonymous_4)
FN:59,(anonymous_5)
FN:78,(anonymous_6)
FN:83,(anonymous_7)
FNF:8
FNH:0
FNDA:0,(anonymous_0)
FNDA:0,(anonymous_1)
FNDA:0,(anonymous_2)
FNDA:0,(anonymous_3)
FNDA:0,(anonymous_4)
FNDA:0,(anonymous_5)
FNDA:0,(anonymous_6)
FNDA:0,(anonymous_7)
DA:22,0
DA:25,0
DA:26,0
DA:28,0
DA:29,0
DA:30,0
DA:33,0
DA:34,0
DA:35,0
DA:36,0
DA:39,0
DA:40,0
DA:41,0
DA:43,0
DA:47,0
DA:48,0
DA:49,0
DA:52,0
DA:59,0
DA:78,0
DA:83,0
DA:129,0
LF:22
LH:0
BRDA:34,0,0,0
BRDA:34,0,1,0
BRDA:34,1,0,0
BRDA:34,1,1,0
BRDA:54,2,0,0
BRDA:54,2,1,0
BRDA:69,3,0,0
BRDA:69,3,1,0
BRDA:115,4,0,0
BRDA:115,4,1,0
BRDA:118,5,0,0
BRDA:118,5,1,0
BRF:12
BRH:0
end_of_record
TN:
SF:src/screens/ExploreByVibeScreen.tsx
FN:84,(anonymous_0)
FN:93,(anonymous_1)
FN:112,(anonymous_2)
FNF:3
FNH:0
FNDA:0,(anonymous_0)
FNDA:0,(anonymous_1)
FNDA:0,(anonymous_2)
DA:33,0
DA:84,0
DA:87,0
DA:93,0
DA:113,0
DA:135,0
LF:6
LH:0
BRF:0
BRH:0
end_of_record
TN:
SF:src/screens/ExploreCitiesScreen.tsx
FN:43,(anonymous_0)
FN:54,(anonymous_1)
FN:95,(anonymous_2)
FNF:3
FNH:0
FNDA:0,(anonymous_0)
FNDA:0,(anonymous_1)
FNDA:0,(anonymous_2)
DA:34,0
DA:43,0
DA:46,0
DA:48,0
DA:54,0
DA:96,0
DA:122,0
LF:7
LH:0
BRF:0
BRH:0
end_of_record
TN:
SF:src/screens/FAQScreen.tsx
FN:170,(anonymous_0)
FN:174,(anonymous_1)
FN:179,(anonymous_2)
FN:189,(anonymous_3)
FN:211,(anonymous_4)
FN:223,(anonymous_5)
FN:250,(anonymous_6)
FN:272,(anonymous_7)
FN:284,(anonymous_8)
FN:291,(anonymous_9)
FN:320,(anonymous_10)
FN:324,(anonymous_11)
FN:366,(anonymous_12)
FNF:13
FNH:0
FNDA:0,(anonymous_0)
FNDA:0,(anonymous_1)
FNDA:0,(anonymous_2)
FNDA:0,(anonymous_3)
FNDA:0,(anonymous_4)
FNDA:0,(anonymous_5)
FNDA:0,(anonymous_6)
FNDA:0,(anonymous_7)
FNDA:0,(anonymous_8)
FNDA:0,(anonymous_9)
FNDA:0,(anonymous_10)
FNDA:0,(anonymous_11)
FNDA:0,(anonymous_12)
DA:27,0
DA:170,0
DA:174,0
DA:175,0
DA:176,0
DA:177,0
DA:179,0
DA:180,0
DA:181,0
DA:182,0
DA:184,0
DA:186,0
DA:189,0
DA:191,0
DA:196,0
DA:198,0
DA:201,0
DA:211,0
DA:223,0
DA:250,0
DA:272,0
DA:285,0
DA:291,0
DA:321,0
DA:324,0
DA:366,0
DA:392,0
LF:27
LH:0
BRDA:181,0,0,0
BRDA:181,0,1,0
BRDA:191,1,0,0
BRDA:191,1,1,0
BRDA:191,1,2,0
BRDA:196,2,0,0
BRDA:196,2,1,0
BRDA:198,3,0,0
BRDA:198,3,1,0
BRDA:249,4,0,0
BRDA:249,4,1,0
BRDA:270,5,0,0
BRDA:270,5,1,0
BRDA:278,6,0,0
BRDA:278,6,1,0
BRDA:289,7,0,0
BRDA:289,7,1,0
BRDA:297,8,0,0
BRDA:297,8,1,0
BRDA:313,9,0,0
BRDA:313,9,1,0
BRDA:338,10,0,0
BRDA:338,10,1,0
BRDA:344,11,0,0
BRDA:344,11,1,0
BRF:25
BRH:0
end_of_record
TN:
SF:src/screens/FormExamplesScreen.tsx
FN:36,(anonymous_0)
FN:38,(anonymous_1)
FN:56,(anonymous_2)
FN:73,(anonymous_3)
FN:96,(anonymous_4)
FNF:5
FNH:0
FNDA:0,(anonymous_0)
FNDA:0,(anonymous_1)
FNDA:0,(anonymous_2)
FNDA:0,(anonymous_3)
FNDA:0,(anonymous_4)
DA:18,0
DA:36,0
DA:38,0
DA:46,0
DA:56,0
DA:57,0
DA:60,0
DA:73,0
DA:74,0
DA:75,0
DA:77,0
DA:78,0
DA:80,0
DA:85,0
DA:96,0
DA:97,0
DA:98,0
DA:100,0
DA:102,0
DA:106,0
DA:231,0
LF:21
LH:0
BRF:0
BRH:0
end_of_record
TN:
SF:src/screens/GiftSentSuccessScreen.tsx
FN:15,(anonymous_0)
FN:18,(anonymous_1)
FN:22,(anonymous_2)
FNF:3
FNH:0
FNDA:0,(anonymous_0)
FNDA:0,(anonymous_1)
FNDA:0,(anonymous_2)
DA:15,0
DA:16,0
DA:18,0
DA:19,0
DA:22,0
DA:23,0
DA:26,0
DA:69,0
LF:8
LH:0
BRF:0
BRH:0
end_of_record
TN:
SF:src/screens/HomeScreen.tsx
FN:113,(anonymous_0)
FN:132,(anonymous_1)
FN:157,(anonymous_2)
FN:159,(anonymous_3)
FN:163,(anonymous_4)
FN:166,(anonymous_5)
FN:169,(anonymous_6)
FN:180,(anonymous_7)
FN:195,(anonymous_8)
FN:208,(anonymous_9)
FN:215,(anonymous_10)
FN:227,(anonymous_11)
FN:228,(anonymous_12)
FN:236,(anonymous_13)
FN:237,(anonymous_14)
FN:247,(anonymous_15)
FN:248,(anonymous_16)
FN:254,(anonymous_17)
FN:257,(anonymous_18)
FN:266,(anonymous_19)
FN:290,(anonymous_20)
FN:295,(anonymous_21)
FN:307,(anonymous_22)
FN:310,(anonymous_23)
FN:326,(anonymous_24)
FN:329,(anonymous_25)
FN:354,(anonymous_26)
FN:392,(anonymous_27)
FN:418,(anonymous_28)
FN:432,(anonymous_29)
FN:452,(anonymous_30)
FN:456,(anonymous_31)
FN:500,(anonymous_32)
FN:531,(anonymous_33)
FN:538,(anonymous_34)
FN:564,(anonymous_35)
FN:587,(anonymous_36)
FN:717,(anonymous_37)
FN:728,(anonymous_38)
FNF:39
FNH:0
FNDA:0,(anonymous_0)
FNDA:0,(anonymous_1)
FNDA:0,(anonymous_2)
FNDA:0,(anonymous_3)
FNDA:0,(anonymous_4)
FNDA:0,(anonymous_5)
FNDA:0,(anonymous_6)
FNDA:0,(anonymous_7)
FNDA:0,(anonymous_8)
FNDA:0,(anonymous_9)
FNDA:0,(anonymous_10)
FNDA:0,(anonymous_11)
FNDA:0,(anonymous_12)
FNDA:0,(anonymous_13)
FNDA:0,(anonymous_14)
FNDA:0,(anonymous_15)
FNDA:0,(anonymous_16)
FNDA:0,(anonymous_17)
FNDA:0,(anonymous_18)
FNDA:0,(anonymous_19)
FNDA:0,(anonymous_20)
FNDA:0,(anonymous_21)
FNDA:0,(anonymous_22)
FNDA:0,(anonymous_23)
FNDA:0,(anonymous_24)
FNDA:0,(anonymous_25)
FNDA:0,(anonymous_26)
FNDA:0,(anonymous_27)
FNDA:0,(anonymous_28)
FNDA:0,(anonymous_29)
FNDA:0,(anonymous_30)
FNDA:0,(anonymous_31)
FNDA:0,(anonymous_32)
FNDA:0,(anonymous_33)
FNDA:0,(anonymous_34)
FNDA:0,(anonymous_35)
FNDA:0,(anonymous_36)
FNDA:0,(anonymous_37)
FNDA:0,(anonymous_38)
DA:66,0
DA:106,0
DA:113,0
DA:132,0
DA:133,0
DA:134,0
DA:135,0
DA:136,0
DA:137,0
DA:138,0
DA:139,0
DA:140,0
DA:141,0
DA:142,0
DA:143,0
DA:144,0
DA:145,0
DA:148,0
DA:155,0
DA:157,0
DA:158,0
DA:159,0
DA:160,0
DA:161,0
DA:163,0
DA:166,0
DA:167,0
DA:169,0
DA:171,0
DA:173,0
DA:174,0
DA:179,0
DA:182,0
DA:188,0
DA:189,0
DA:194,0
DA:196,0
DA:198,0
DA:204,0
DA:205,0
DA:208,0
DA:209,0
DA:215,0
DA:216,0
DA:218,0
DA:221,0
DA:227,0
DA:228,0
DA:229,0
DA:230,0
DA:231,0
DA:232,0
DA:236,0
DA:237,0
DA:238,0
DA:239,0
DA:240,0
DA:241,0
DA:242,0
DA:247,0
DA:248,0
DA:249,0
DA:250,0
DA:254,0
DA:257,0
DA:264,0
DA:267,0
DA:271,0
DA:290,0
DA:291,0
DA:294,0
DA:296,0
DA:301,0
DA:306,0
DA:308,0
DA:311,0
DA:318,0
DA:326,0
DA:328,0
DA:330,0
DA:343,0
DA:355,0
DA:359,0
DA:393,0
DA:418,0
DA:453,0
DA:456,0
DA:501,0
DA:505,0
DA:532,0
DA:538,0
DA:565,0
DA:587,0
DA:717,0
DA:728,0
DA:734,0
LF:96
LH:0
BRDA:116,0,0,0
BRDA:116,0,1,0
BRDA:117,1,0,0
BRDA:117,1,1,0
BRDA:118,2,0,0
BRDA:118,2,1,0
BRDA:120,3,0,0
BRDA:120,3,1,0
BRDA:121,4,0,0
BRDA:121,4,1,0
BRDA:167,5,0,0
BRDA:167,5,1,0
BRDA:171,6,0,0
BRDA:171,6,1,0
BRDA:196,7,0,0
BRDA:196,7,1,0
BRDA:216,8,0,0
BRDA:216,8,1,0
BRDA:229,9,0,0
BRDA:229,9,1,0
BRDA:230,10,0,0
BRDA:230,10,1,0
BRDA:231,11,0,0
BRDA:231,11,1,0
BRDA:238,12,0,0
BRDA:238,12,1,0
BRDA:239,13,0,0
BRDA:239,13,1,0
BRDA:241,14,0,0
BRDA:241,14,1,0
BRDA:249,15,0,0
BRDA:249,15,1,0
BRDA:265,16,0,0
BRDA:265,16,1,0
BRDA:279,17,0,0
BRDA:279,17,1,0
BRDA:282,18,0,0
BRDA:282,18,1,0
BRDA:347,19,0,0
BRDA:347,19,1,0
BRDA:409,20,0,0
BRDA:409,20,1,0
BRDA:465,21,0,0
BRDA:465,21,1,0
BRDA:474,22,0,0
BRDA:474,22,1,0
BRDA:536,23,0,0
BRDA:536,23,1,0
BRDA:544,24,0,0
BRDA:544,24,1,0
BRDA:550,25,0,0
BRDA:550,25,1,0
BRDA:583,26,0,0
BRDA:583,26,1,0
BRDA:598,27,0,0
BRDA:598,27,1,0
BRDA:615,28,0,0
BRDA:615,28,1,0
BRDA:624,29,0,0
BRDA:624,29,1,0
BRDA:631,30,0,0
BRDA:631,30,1,0
BRDA:636,31,0,0
BRDA:636,31,1,0
BRDA:671,32,0,0
BRDA:671,32,1,0
BRDA:676,33,0,0
BRDA:676,33,1,0
BRDA:688,34,0,0
BRDA:688,34,1,0
BRDA:690,35,0,0
BRDA:690,35,1,0
BRDA:691,36,0,0
BRDA:691,36,1,0
BRDA:692,37,0,0
BRDA:692,37,1,0
BRDA:697,38,0,0
BRDA:697,38,1,0
BRDA:705,39,0,0
BRDA:705,39,1,0
BRDA:710,40,0,0
BRDA:710,40,1,0
BRDA:715,41,0,0
BRDA:715,41,1,0
BRDA:755,42,0,0
BRDA:755,42,1,0
BRDA:757,43,0,0
BRDA:757,43,1,0
BRF:88
BRH:0
end_of_record
TN:
SF:src/screens/HowEscrowWorksScreen.tsx
FN:58,(anonymous_0)
FN:67,(anonymous_1)
FN:108,(anonymous_2)
FNF:3
FNH:0
FNDA:0,(anonymous_0)
FNDA:0,(anonymous_1)
FNDA:0,(anonymous_2)
DA:34,0
DA:58,0
DA:61,0
DA:67,0
DA:109,0
DA:142,0
LF:6
LH:0
BRF:0
BRH:0
end_of_record
TN:
SF:src/screens/IdentityVerificationDocumentScreen.tsx
FN:54,(anonymous_0)
FN:58,(anonymous_1)
FN:70,(anonymous_2)
FN:105,(anonymous_3)
FN:112,(anonymous_4)
FNF:5
FNH:0
FNDA:0,(anonymous_0)
FNDA:0,(anonymous_1)
FNDA:0,(anonymous_2)
FNDA:0,(anonymous_3)
FNDA:0,(anonymous_4)
DA:34,0
DA:54,0
DA:56,0
DA:58,0
DA:59,0
DA:64,0
DA:70,0
DA:106,0
DA:112,0
DA:152,0
LF:10
LH:0
BRDA:110,0,0,0
BRDA:110,0,1,0
BRDA:126,1,0,0
BRDA:126,1,1,0
BRDA:129,2,0,0
BRDA:129,2,1,0
BRF:6
BRH:0
end_of_record
TN:
SF:src/screens/IdentityVerificationIntroScreen.tsx
FN:52,(anonymous_0)
FN:61,(anonymous_1)
FN:91,(anonymous_2)
FN:111,(anonymous_3)
FNF:4
FNH:0
FNDA:0,(anonymous_0)
FNDA:0,(anonymous_1)
FNDA:0,(anonymous_2)
FNDA:0,(anonymous_3)
DA:32,0
DA:52,0
DA:53,0
DA:61,0
DA:92,0
DA:111,0
DA:121,0
LF:7
LH:0
BRF:0
BRH:0
end_of_record
TN:
SF:src/screens/IdentityVerificationPendingScreen.tsx
FN:56,(anonymous_0)
FN:92,(anonymous_1)
FN:115,(anonymous_2)
FNF:3
FNH:0
FNDA:0,(anonymous_0)
FNDA:0,(anonymous_1)
FNDA:0,(anonymous_2)
DA:32,0
DA:56,0
DA:57,0
DA:93,0
DA:115,0
DA:126,0
LF:6
LH:0
BRF:0
BRH:0
end_of_record
TN:
SF:src/screens/IdentityVerificationReviewScreen.tsx
FN:28,(anonymous_0)
FN:31,(anonymous_1)
FN:42,(anonymous_2)
FN:131,(anonymous_3)
FNF:4
FNH:0
FNDA:0,(anonymous_0)
FNDA:0,(anonymous_1)
FNDA:0,(anonymous_2)
FNDA:0,(anonymous_3)
DA:28,0
DA:29,0
DA:31,0
DA:32,0
DA:33,0
DA:36,0
DA:42,0
DA:131,0
DA:166,0
LF:9
LH:0
BRDA:32,0,0,0
BRDA:32,0,1,0
BRDA:135,1,0,0
BRDA:135,1,1,0
BRDA:137,2,0,0
BRDA:137,2,1,0
BRDA:153,3,0,0
BRDA:153,3,1,0
BRF:8
BRH:0
end_of_record
TN:
SF:src/screens/IdentityVerificationUploadScreen.tsx
FN:60,(anonymous_0)
FN:69,(anonymous_1)
FN:129,(anonymous_2)
FN:146,(anonymous_3)
FN:160,(anonymous_4)
FNF:5
FNH:0
FNDA:0,(anonymous_0)
FNDA:0,(anonymous_1)
FNDA:0,(anonymous_2)
FNDA:0,(anonymous_3)
FNDA:0,(anonymous_4)
DA:39,0
DA:60,0
DA:61,0
DA:63,0
DA:69,0
DA:130,0
DA:147,0
DA:161,0
DA:187,0
LF:9
LH:0
BRF:0
BRH:0
end_of_record
TN:
SF:src/screens/InboxScreen.tsx
FN:92,(anonymous_0)
FN:99,(anonymous_1)
FN:106,(anonymous_2)
FN:108,(anonymous_3)
FN:111,(anonymous_4)
FN:141,(anonymous_5)
FN:157,(anonymous_6)
FN:173,(anonymous_7)
FN:197,(anonymous_8)
FN:201,(anonymous_9)
FN:255,(anonymous_10)
FN:259,(anonymous_11)
FNF:12
FNH:0
FNDA:0,(anonymous_0)
FNDA:0,(anonymous_1)
FNDA:0,(anonymous_2)
[...]
FN:4,(anonymous_0)
FN:12,(anonymous_1)
FN:19,(anonymous_2)
FN:26,(anonymous_3)
FN:34,(anonymous_4)
FN:39,(anonymous_5)
FNF:6
FNH:0
FNDA:0,(anonymous_0)
FNDA:0,(anonymous_1)
FNDA:0,(anonymous_2)
FNDA:0,(anonymous_3)
FNDA:0,(anonymous_4)
FNDA:0,(anonymous_5)
DA:4,0
DA:5,0
DA:12,0
DA:13,0
DA:19,0
DA:20,0
DA:26,0
DA:27,0
DA:28,0
DA:34,0
DA:35,0
DA:36,0
DA:39,0
DA:40,0
DA:41,0
LF:15
LH:0
BRDA:19,0,0,0
BRDA:27,1,0,0
BRDA:27,1,1,0
BRDA:41,2,0,0
BRDA:41,2,1,0
BRF:5
BRH:0
end_of_record
TN:
SF:src/utils/imageHandling.ts
FN:46,requestCameraPermission
FN:54,requestMediaLibraryPermission
FN:62,pickImageFromCamera
FN:95,pickImageFromGallery
FN:116,(anonymous_4)
FN:130,compressImage
FN:156,getImageSize
FN:167,calculateResizeDimensions
FN:194,(anonymous_8)
FN:205,initImageCacheDir
FN:218,cacheImage
FN:236,getCachedImage
FN:251,clearImageCache
FN:262,getImageCacheSize
FN:285,formatBytes
FN:300,getThumbnailUri
FN:318,getOptimizedImageUrl
FN:358,validateImageFile
FNF:18
FNH:0
FNDA:0,requestCameraPermission
FNDA:0,requestMediaLibraryPermission
FNDA:0,pickImageFromCamera
FNDA:0,pickImageFromGallery
FNDA:0,(anonymous_4)
FNDA:0,compressImage
FNDA:0,getImageSize
FNDA:0,calculateResizeDimensions
FNDA:0,(anonymous_8)
FNDA:0,initImageCacheDir
FNDA:0,cacheImage
FNDA:0,getCachedImage
FNDA:0,clearImageCache
FNDA:0,getImageCacheSize
FNDA:0,formatBytes
FNDA:0,getThumbnailUri
FNDA:0,getOptimizedImageUrl
FNDA:0,validateImageFile
DA:47,0
DA:48,0
DA:55,0
DA:56,0
DA:65,0
DA:66,0
DA:67,0
DA:70,0
DA:77,0
DA:78,0
DA:81,0
DA:82,0
DA:98,0
DA:99,0
DA:100,0
DA:103,0
DA:112,0
DA:113,0
DA:116,0
DA:139,0
DA:142,0
DA:143,0
DA:144,0
DA:150,0
DA:157,0
DA:158,0
DA:159,0
DA:161,0
DA:173,0
DA:175,0
DA:176,0
DA:177,0
DA:180,0
DA:181,0
DA:182,0
DA:185,0
DA:194,0
DA:195,0
DA:196,0
DA:197,0
DA:199,0
DA:206,0
DA:207,0
DA:208,0
DA:209,0
DA:222,0
DA:223,0
DA:225,0
DA:226,0
DA:229,0
DA:230,0
DA:237,0
DA:238,0
DA:239,0
DA:241,0
DA:242,0
DA:245,0
DA:252,0
DA:253,0
DA:254,0
DA:255,0
DA:263,0
DA:264,0
DA:265,0
DA:266,0
DA:269,0
DA:270,0
DA:272,0
DA:273,0
DA:274,0
DA:275,0
DA:279,0
DA:286,0
DA:288,0
DA:289,0
DA:290,0
DA:292,0
DA:294,0
DA:303,0
DA:304,0
DA:307,0
DA:308,0
DA:312,0
DA:327,0
DA:330,0
DA:331,0
DA:332,0
DA:333,0
DA:334,0
DA:335,0
DA:337,0
DA:341,0
DA:342,0
DA:343,0
DA:344,0
DA:345,0
DA:346,0
DA:347,0
DA:349,0
DA:352,0
DA:372,0
DA:375,0
DA:376,0
DA:377,0
DA:378,0
DA:388,0
DA:389,0
DA:396,0
DA:397,0
DA:403,0
LF:110
LH:0
BRDA:63,0,0,0
BRDA:66,1,0,0
BRDA:66,1,1,0
BRDA:72,2,0,0
BRDA:72,2,1,0
BRDA:74,3,0,0
BRDA:74,3,1,0
BRDA:77,4,0,0
BRDA:77,4,1,0
BRDA:87,5,0,0
BRDA:87,5,1,0
BRDA:88,6,0,0
BRDA:88,6,1,0
BRDA:96,7,0,0
BRDA:99,8,0,0
BRDA:99,8,1,0
BRDA:105,9,0,0
BRDA:105,9,1,0
BRDA:107,10,0,0
BRDA:107,10,1,0
BRDA:108,11,0,0
BRDA:108,11,1,0
BRDA:109,12,0,0
BRDA:109,12,1,0
BRDA:112,13,0,0
BRDA:112,13,1,0
BRDA:121,14,0,0
BRDA:121,14,1,0
BRDA:122,15,0,0
BRDA:122,15,1,0
BRDA:132,16,0,0
BRDA:135,17,0,0
BRDA:138,18,0,0
BRDA:143,19,0,0
BRDA:143,19,1,0
BRDA:158,20,0,0
BRDA:158,20,1,0
BRDA:158,21,0,0
BRDA:158,21,1,0
BRDA:175,22,0,0
BRDA:175,22,1,0
BRDA:180,23,0,0
BRDA:180,23,1,0
BRDA:196,24,0,0
BRDA:196,24,1,0
BRDA:208,25,0,0
BRDA:208,25,1,0
BRDA:225,26,0,0
BRDA:225,26,1,0
BRDA:241,27,0,0
BRDA:241,27,1,0
BRDA:254,28,0,0
BRDA:254,28,1,0
BRDA:265,29,0,0
BRDA:265,29,1,0
BRDA:274,30,0,0
BRDA:274,30,1,0
BRDA:285,31,0,0
BRDA:286,32,0,0
BRDA:286,32,1,0
BRDA:289,33,0,0
BRDA:289,33,1,0
BRDA:300,34,0,0
BRDA:303,35,0,0
BRDA:303,35,1,0
BRDA:307,36,0,0
BRDA:307,36,1,0
BRDA:320,37,0,0
BRDA:327,38,0,0
BRDA:327,39,0,0
BRDA:330,40,0,0
BRDA:330,40,1,0
BRDA:332,41,0,0
BRDA:332,41,1,0
BRDA:333,42,0,0
BRDA:333,42,1,0
BRDA:335,43,0,0
BRDA:335,43,1,0
BRDA:341,44,0,0
BRDA:341,44,1,0
BRDA:343,45,0,0
BRDA:343,45,1,0
BRDA:344,46,0,0
BRDA:344,46,1,0
BRDA:346,47,0,0
BRDA:346,47,1,0
BRDA:360,48,0,0
BRDA:368,49,0,0
BRDA:369,50,0,0
BRDA:370,51,0,0
BRDA:371,52,0,0
BRDA:375,53,0,0
BRDA:375,53,1,0
BRDA:377,54,0,0
BRDA:377,54,1,0
BRDA:388,55,0,0
BRDA:388,55,1,0
BRDA:388,56,0,0
BRDA:388,56,1,0
BRDA:396,57,0,0
BRDA:396,57,1,0
BRDA:396,58,0,0
BRDA:396,58,1,0
BRF:103
BRH:0
end_of_record
TN:
SF:src/utils/imageOptimization.ts
FN:13,(anonymous_0)
FN:16,(anonymous_1)
FN:24,(anonymous_2)
FN:35,(anonymous_3)
FN:44,useLazyImage
FN:48,(anonymous_5)
FN:53,(anonymous_6)
FN:56,(anonymous_7)
FN:69,(anonymous_8)
FN:86,(anonymous_9)
FN:109,(anonymous_10)
FN:113,(anonymous_11)
FN:117,(anonymous_12)
FN:121,(anonymous_13)
FN:147,useIntersectionLazyImage
FN:163,(anonymous_15)
FN:170,(anonymous_16)
FN:177,(anonymous_17)
FN:180,(anonymous_18)
FN:181,(anonymous_19)
FN:190,(anonymous_20)
FN:204,(anonymous_21)
FN:255,(anonymous_22)
FN:266,(anonymous_23)
FNF:24
FNH:0
FNDA:0,(anonymous_0)
FNDA:0,(anonymous_1)
FNDA:0,(anonymous_2)
FNDA:0,(anonymous_3)
FNDA:0,useLazyImage
FNDA:0,(anonymous_5)
FNDA:0,(anonymous_6)
FNDA:0,(anonymous_7)
FNDA:0,(anonymous_8)
FNDA:0,(anonymous_9)
FNDA:0,(anonymous_10)
FNDA:0,(anonymous_11)
FNDA:0,(anonymous_12)
FNDA:0,(anonymous_13)
FNDA:0,useIntersectionLazyImage
FNDA:0,(anonymous_15)
FNDA:0,(anonymous_16)
FNDA:0,(anonymous_17)
FNDA:0,(anonymous_18)
FNDA:0,(anonymous_19)
FNDA:0,(anonymous_20)
FNDA:0,(anonymous_21)
FNDA:0,(anonymous_22)
FNDA:0,(anonymous_23)
DA:13,0
DA:16,0
DA:17,0
DA:19,0
DA:20,0
DA:21,0
DA:23,0
DA:24,0
DA:27,0
DA:35,0
DA:38,0
DA:45,0
DA:46,0
DA:48,0
DA:49,0
DA:50,0
DA:52,0
DA:54,0
DA:57,0
DA:58,0
DA:62,0
DA:69,0
DA:73,0
DA:74,0
DA:78,0
DA:79,0
DA:86,0
DA:90,0
DA:91,0
DA:95,0
DA:96,0
DA:98,0
DA:107,0
DA:110,0
DA:114,0
DA:118,0
DA:122,0
DA:126,0
DA:156,0
DA:158,0
DA:159,0
DA:160,0
DA:161,0
DA:163,0
DA:164,0
DA:166,0
DA:167,0
DA:169,0
DA:171,0
DA:173,0
DA:174,0
DA:178,0
DA:180,0
DA:181,0
DA:184,0
DA:185,0
DA:190,0
DA:192,0
DA:204,0
DA:210,0
DA:212,0
DA:213,0
DA:215,0
DA:216,0
DA:217,0
DA:220,0
DA:221,0
DA:222,0
DA:225,0
DA:234,0
DA:245,0
DA:255,0
DA:260,0
DA:266,0
DA:271,0
DA:272,0
LF:76
LH:0
BRDA:17,0,0,0
BRDA:17,0,1,0
BRDA:21,1,0,0
BRDA:21,1,1,0
BRDA:21,2,0,0
BRDA:21,2,1,0
BRDA:21,2,2,0
BRDA:71,3,0,0
BRDA:73,4,0,0
BRDA:73,4,1,0
BRDA:78,5,0,0
BRDA:78,5,1,0
BRDA:90,6,0,0
BRDA:90,6,1,0
BRDA:96,7,0,0
BRDA:96,7,1,0
BRDA:149,8,0,0
BRDA:152,9,0,0
BRDA:153,10,0,0
BRDA:154,11,0,0
BRDA:155,12,0,0
BRDA:164,13,0,0
BRDA:164,13,1,0
BRDA:173,14,0,0
BRDA:173,14,1,0
BRDA:173,15,0,0
BRDA:173,15,1,0
BRDA:173,15,2,0
BRDA:178,16,0,0
BRDA:178,16,1,0
BRDA:178,17,0,0
BRDA:178,17,1,0
BRDA:207,18,0,0
BRDA:208,19,0,0
BRDA:215,20,0,0
BRDA:215,20,1,0
BRDA:220,21,0,0
BRDA:220,21,1,0
BRDA:258,22,0,0
BRDA:269,23,0,0
BRF:40
BRH:0
end_of_record
TN:
SF:src/utils/lazyLoad.tsx
FN:13,(anonymous_0)
FN:23,lazyLoad
FN:38,(anonymous_2)
FN:46,preloadComponent
FN:60,withLazy
FN:66,(anonymous_5)
FN:81,lazyLoadMultiple
FNF:7
FNH:0
FNDA:0,(anonymous_0)
FNDA:0,lazyLoad
FNDA:0,(anonymous_2)
FNDA:0,preloadComponent
FNDA:0,withLazy
FNDA:0,(anonymous_5)
FNDA:0,lazyLoadMultiple
DA:13,0
DA:14,0
DA:26,0
DA:29,0
DA:38,0
DA:39,0
DA:50,0
DA:52,0
DA:64,0
DA:66,0
DA:67,0
DA:72,0
DA:74,0
DA:91,0
DA:95,0
DA:96,0
DA:99,0
DA:102,0
LF:18
LH:0
BRDA:38,0,0,0
BRDA:50,1,0,0
BRDA:50,1,1,0
BRDA:67,2,0,0
BRDA:67,2,1,0
BRF:5
BRH:0
end_of_record
TN:
SF:src/utils/listOptimization.ts
FN:72,(anonymous_0)
FN:73,(anonymous_1)
FN:83,(anonymous_2)
FNF:3
FNH:0
FNDA:0,(anonymous_0)
FNDA:0,(anonymous_1)
FNDA:0,(anonymous_2)
DA:11,0
DA:22,0
DA:34,0
DA:47,0
DA:59,0
DA:72,0
DA:73,0
DA:83,0
DA:87,0
LF:9
LH:0
BRDA:87,0,0,0
BRDA:87,0,1,0
BRF:2
BRH:0
end_of_record
TN:
SF:src/utils/logger.ts
FN:16,(anonymous_0)
FN:24,(anonymous_1)
FN:28,(anonymous_2)
FN:38,(anonymous_3)
FN:45,(anonymous_4)
FN:52,(anonymous_5)
FN:57,(anonymous_6)
FN:65,(anonymous_7)
FN:78,(anonymous_8)
FN:90,(anonymous_9)
FN:97,(anonymous_10)
FNF:11
FNH:0
FNDA:0,(anonymous_0)
FNDA:0,(anonymous_1)
FNDA:0,(anonymous_2)
FNDA:0,(anonymous_3)
FNDA:0,(anonymous_4)
FNDA:0,(anonymous_5)
FNDA:0,(anonymous_6)
FNDA:0,(anonymous_7)
FNDA:0,(anonymous_8)
FNDA:0,(anonymous_9)
FNDA:0,(anonymous_10)
DA:17,0
DA:25,0
DA:33,0
DA:34,0
DA:35,0
DA:39,0
DA:41,0
DA:46,0
DA:48,0
DA:54,0
DA:59,0
DA:66,0
DA:68,0
DA:69,0
DA:71,0
DA:79,0
DA:81,0
DA:83,0
DA:91,0
DA:93,0
DA:98,0
DA:100,0
DA:106,0
LF:23
LH:0
BRDA:16,0,0,0
BRDA:25,1,0,0
BRDA:25,1,1,0
BRDA:39,2,0,0
BRDA:39,2,1,0
BRDA:46,3,0,0
BRDA:46,3,1,0
BRDA:66,4,0,0
BRDA:66,4,1,0
BRDA:79,5,0,0
BRDA:79,5,1,0
BRDA:91,6,0,0
BRDA:91,6,1,0
BRDA:98,7,0,0
BRDA:98,7,1,0
BRF:15
BRH:0
end_of_record
TN:
SF:src/utils/memoryLeakDetector.ts
FN:28,(anonymous_0)
FN:35,(anonymous_1)
FN:40,(anonymous_2)
FN:99,(anonymous_3)
FN:102,(anonymous_4)
FN:103,(anonymous_5)
FN:106,(anonymous_6)
FN:113,(anonymous_7)
FN:114,(anonymous_8)
FN:115,(anonymous_9)
FN:131,(anonymous_10)
FN:134,(anonymous_11)
FN:140,(anonymous_12)
FN:141,(anonymous_13)
FN:142,(anonymous_14)
FN:154,(anonymous_15)
FN:155,(anonymous_16)
FNF:17
FNH:0
FNDA:0,(anonymous_0)
FNDA:0,(anonymous_1)
FNDA:0,(anonymous_2)
FNDA:0,(anonymous_3)
FNDA:0,(anonymous_4)
FNDA:0,(anonymous_5)
FNDA:0,(anonymous_6)
FNDA:0,(anonymous_7)
FNDA:0,(anonymous_8)
FNDA:0,(anonymous_9)
FNDA:0,(anonymous_10)
FNDA:0,(anonymous_11)
FNDA:0,(anonymous_12)
FNDA:0,(anonymous_13)
FNDA:0,(anonymous_14)
FNDA:0,(anonymous_15)
FNDA:0,(anonymous_16)
DA:28,1
DA:29,0
DA:30,0
DA:31,0
DA:32,0
DA:33,0
DA:35,0
DA:36,0
DA:37,0
DA:40,0
DA:41,0
DA:44,0
DA:45,0
DA:52,0
DA:53,0
DA:60,0
DA:61,0
DA:68,0
DA:69,0
DA:75,0
DA:76,0
DA:83,0
DA:99,1
DA:100,0
DA:102,0
DA:103,0
DA:104,0
DA:106,0
DA:109,0
DA:110,0
DA:113,0
DA:114,0
DA:115,0
DA:116,0
DA:120,0
DA:131,1
DA:132,0
DA:134,0
DA:135,0
DA:136,0
DA:137,0
DA:140,0
DA:141,0
DA:142,0
DA:143,0
DA:147,0
DA:154,1
DA:155,0
DA:156,0
DA:159,0
DA:161,0
DA:162,0
DA:164,0
LF:53
LH:4
BRDA:36,0,0,0
BRDA:36,0,1,0
BRDA:44,1,0,0
BRDA:44,1,1,0
BRDA:52,2,0,0
BRDA:52,2,1,0
BRDA:60,3,0,0
BRDA:60,3,1,0
BRDA:68,4,0,0
BRDA:68,4,1,0
BRDA:75,5,0,0
BRDA:75,5,1,0
BRDA:156,6,0,0
BRDA:156,6,1,0
BRDA:159,7,0,0
BRDA:159,7,1,0
BRDA:159,8,0,0
BRDA:159,8,1,0
BRF:18
BRH:0
end_of_record
TN:
SF:src/utils/notifications.ts
FN:13,(anonymous_0)
FN:26,registerForPushNotifications
FN:81,scheduleLocalNotification
FN:107,cancelNotification
FN:118,cancelAllNotifications
FN:129,getBadgeCount
FN:141,setBadgeCount
FN:152,clearAllNotifications
FN:164,addNotificationReceivedListener
FN:173,addNotificationResponseListener
FN:182,removeNotificationSubscription
FNF:11
FNH:0
FNDA:0,(anonymous_0)
FNDA:0,registerForPushNotifications
FNDA:0,scheduleLocalNotification
FNDA:0,cancelNotification
FNDA:0,cancelAllNotifications
FNDA:0,getBadgeCount
FNDA:0,setBadgeCount
FNDA:0,clearAllNotifications
FNDA:0,addNotificationReceivedListener
FNDA:0,addNotificationResponseListener
FNDA:0,removeNotificationSubscription
DA:12,0
DA:13,0
DA:27,0
DA:28,0
DA:29,0
DA:32,0
DA:35,0
DA:36,0
DA:39,0
DA:40,0
DA:41,0
DA:44,0
DA:45,0
DA:46,0
DA:50,0
DA:52,0
DA:53,0
DA:54,0
DA:57,0
DA:62,0
DA:63,0
DA:71,0
DA:73,0
DA:74,0
DA:87,0
DA:88,0
DA:97,0
DA:99,0
DA:100,0
DA:108,0
DA:109,0
DA:111,0
DA:119,0
DA:120,0
DA:122,0
DA:130,0
DA:131,0
DA:133,0
DA:134,0
DA:142,0
DA:143,0
DA:145,0
DA:153,0
DA:154,0
DA:155,0
DA:157,0
DA:167,0
DA:176,0
DA:185,0
LF:49
LH:0
BRDA:27,0,0,0
BRDA:27,0,1,0
BRDA:39,1,0,0
BRDA:39,1,1,0
BRDA:44,2,0,0
BRDA:44,2,1,0
BRDA:52,3,0,0
BRDA:52,3,1,0
BRDA:62,4,0,0
BRDA:62,4,1,0
BRDA:95,5,0,0
BRDA:95,5,1,0
BRF:12
BRH:0
end_of_record
TN:
SF:src/utils/offline.ts
FN:12,(anonymous_0)
FN:18,(anonymous_1)
FN:19,(anonymous_2)
FN:24,(anonymous_3)
FN:38,(anonymous_4)
FN:55,(anonymous_5)
FN:67,(anonymous_6)
FN:85,(anonymous_7)
FN:92,(anonymous_8)
FN:99,(anonymous_9)
FN:106,(anonymous_10)
FN:116,(anonymous_11)
FN:132,(anonymous_12)
FN:157,(anonymous_13)
FN:172,(anonymous_14)
FN:179,(anonymous_15)
FN:180,(anonymous_16)
FN:186,(anonymous_17)
FN:193,(anonymous_18)
FNF:19
FNH:0
FNDA:0,(anonymous_0)
FNDA:0,(anonymous_1)
FNDA:0,(anonymous_2)
FNDA:0,(anonymous_3)
FNDA:0,(anonymous_4)
FNDA:0,(anonymous_5)
FNDA:0,(anonymous_6)
FNDA:0,(anonymous_7)
FNDA:0,(anonymous_8)
FNDA:0,(anonymous_9)
FNDA:0,(anonymous_10)
FNDA:0,(anonymous_11)
FNDA:0,(anonymous_12)
FNDA:0,(anonymous_13)
FNDA:0,(anonymous_14)
FNDA:0,(anonymous_15)
FNDA:0,(anonymous_16)
FNDA:0,(anonymous_17)
FNDA:0,(anonymous_18)
DA:12,0
DA:13,0
DA:14,0
DA:18,0
DA:19,0
DA:20,0
DA:21,0
DA:24,0
DA:27,0
DA:38,0
DA:39,0
DA:40,0
DA:50,0
DA:57,0
DA:68,0
DA:70,0
DA:72,0
DA:74,0
DA:75,0
DA:76,0
DA:79,0
DA:86,0
DA:93,0
DA:100,0
DA:107,0
DA:111,0
DA:116,0
DA:123,0
DA:124,0
DA:125,0
DA:127,0
DA:129,0
DA:131,0
DA:132,0
DA:137,0
DA:152,0
DA:158,0
DA:159,0
DA:166,0
DA:173,0
DA:180,0
DA:187,0
DA:196,0
DA:198,0
DA:199,0
DA:200,0
DA:201,0
DA:203,0
DA:210,0
LF:49
LH:0
BRDA:30,0,0,0
BRDA:30,0,1,0
BRDA:40,1,0,0
BRDA:40,1,1,0
BRDA:55,2,0,0
BRDA:70,3,0,0
BRDA:70,3,1,0
BRDA:74,4,0,0
BRDA:74,4,1,0
BRDA:118,5,0,0
BRDA:119,6,0,0
BRDA:129,7,0,0
BRDA:129,7,1,0
BRF:13
BRH:0
end_of_record
TN:
SF:src/utils/performance.ts
FN:12,(anonymous_0)
FN:15,(anonymous_1)
FN:16,(anonymous_2)
FN:20,(anonymous_3)
FN:32,(anonymous_4)
FN:39,(anonymous_5)
FN:54,(anonymous_6)
FN:57,(anonymous_7)
FN:68,(anonymous_8)
FN:71,(anonymous_9)
FN:73,(anonymous_10)
FN:78,(anonymous_11)
FN:85,(anonymous_12)
FN:90,(anonymous_13)
FN:95,(anonymous_14)
FN:107,(anonymous_15)
FN:107,(anonymous_16)
FN:116,(anonymous_17)
FN:140,(anonymous_18)
FN:144,(anonymous_19)
FN:160,(anonymous_20)
FN:171,(anonymous_21)
FN:219,(anonymous_22)
FN:223,(anonymous_23)
FN:255,(anonymous_24)
FN:266,(anonymous_25)
FN:299,(anonymous_26)
FN:324,(anonymous_27)
FN:335,(anonymous_28)
FN:363,(anonymous_29)
FN:370,(anonymous_30)
FN:371,(anonymous_31)
FN:374,(anonymous_32)
FN:381,(anonymous_33)
FN:391,(anonymous_34)
FN:394,(anonymous_35)
FNF:36
FNH:4
FNDA:8,(anonymous_0)
FNDA:6,(anonymous_1)
FNDA:2,(anonymous_2)
FNDA:6,(anonymous_3)
FNDA:0,(anonymous_4)
FNDA:0,(anonymous_5)
FNDA:0,(anonymous_6)
FNDA:0,(anonymous_7)
FNDA:0,(anonymous_8)
FNDA:0,(anonymous_9)
FNDA:0,(anonymous_10)
FNDA:0,(anonymous_11)
FNDA:0,(anonymous_12)
FNDA:0,(anonymous_13)
FNDA:0,(anonymous_14)
FNDA:0,(anonymous_15)
FNDA:0,(anonymous_16)
FNDA:0,(anonymous_17)
FNDA:0,(anonymous_18)
FNDA:0,(anonymous_19)
FNDA:0,(anonymous_20)
FNDA:0,(anonymous_21)
FNDA:0,(anonymous_22)
FNDA:0,(anonymous_23)
FNDA:0,(anonymous_24)
FNDA:0,(anonymous_25)
FNDA:0,(anonymous_26)
FNDA:0,(anonymous_27)
FNDA:0,(anonymous_28)
FNDA:0,(anonymous_29)
FNDA:0,(anonymous_30)
FNDA:0,(anonymous_31)
FNDA:0,(anonymous_32)
FNDA:0,(anonymous_33)
FNDA:0,(anonymous_34)
FNDA:0,(anonymous_35)
DA:12,1
DA:13,8
DA:15,8
DA:16,6
DA:17,2
DA:20,6
DA:21,6
DA:25,8
DA:32,1
DA:36,0
DA:38,0
DA:40,0
DA:41,0
DA:42,0
DA:43,0
DA:54,1
DA:55,0
DA:57,0
DA:58,0
DA:61,0
DA:68,1
DA:69,0
DA:71,0
DA:72,0
DA:73,0
DA:74,0
DA:78,0
DA:85,1
DA:88,0
DA:90,0
DA:91,0
DA:94,0
DA:95,0
DA:103,1
DA:107,0
DA:120,0
DA:138,1
DA:140,1
DA:144,0
DA:145,0
DA:147,0
DA:148,0
DA:151,0
DA:152,0
DA:153,0
DA:160,1
DA:161,0
DA:167,1
DA:177,0
DA:182,0
DA:210,1
DA:211,1
DA:212,1
DA:213,1
DA:219,1
DA:220,0
DA:221,0
DA:223,0
DA:224,0
DA:225,0
DA:227,0
DA:228,0
DA:230,0
DA:233,0
DA:234,0
DA:237,0
DA:238,0
DA:245,0
DA:246,0
DA:249,0
DA:252,0
DA:255,0
DA:256,0
DA:257,0
DA:266,1
DA:268,0
DA:270,0
DA:271,0
DA:273,0
DA:279,0
DA:280,0
DA:282,0
DA:283,0
DA:299,1
DA:304,0
DA:306,0
DA:309,0
DA:310,0
DA:312,0
DA:313,0
DA:324,1
DA:325,0
DA:327,0
DA:328,0
DA:335,1
DA:340,0
DA:347,0
DA:350,0
DA:351,0
DA:355,0
DA:356,0
DA:363,1
DA:364,0
DA:370,1
DA:371,0
DA:372,0
DA:374,0
DA:375,0
DA:381,1
DA:382,0
DA:386,1
DA:391,1
DA:392,0
DA:394,0
DA:395,0
DA:396,0
LF:116
LH:31
BRDA:12,0,0,0
BRDA:34,1,0,0
BRDA:41,2,0,0
BRDA:41,2,1,0
BRDA:120,3,0,0
BRDA:120,3,1,0
BRDA:147,4,0,0
BRDA:147,4,1,0
BRDA:174,5,0,0
BRDA:175,6,0,0
BRDA:227,7,0,0
BRDA:227,7,1,0
BRDA:233,8,0,0
BRDA:233,8,1,0
BRDA:237,9,0,0
BRDA:237,9,1,0
BRDA:256,10,0,0
BRDA:256,10,1,0
BRDA:268,11,0,0
BRDA:268,11,1,0
BRDA:279,12,0,0
BRDA:279,12,1,0
BRDA:282,13,0,0
BRDA:282,13,1,0
BRDA:309,14,0,0
BRDA:309,14,1,0
BRDA:312,15,0,0
BRDA:312,15,1,0
BRDA:327,16,0,0
BRDA:327,16,1,0
BRDA:350,17,0,0
BRDA:350,17,1,0
BRDA:355,18,0,0
BRDA:355,18,1,0
BRDA:372,19,0,0
BRDA:372,19,1,0
BRF:36
BRH:0
end_of_record
TN:
SF:src/utils/responsive.ts
FN:11,(anonymous_0)
FN:34,(anonymous_1)
FN:42,(anonymous_2)
FN:53,(anonymous_3)
FN:65,(anonymous_4)
FN:70,(anonymous_5)
FN:75,(anonymous_6)
FN:86,(anonymous_7)
FN:104,(anonymous_8)
FN:118,(anonymous_9)
FN:123,(anonymous_10)
FN:131,(anonymous_11)
FN:147,(anonymous_12)
FN:165,(anonymous_13)
FN:175,(anonymous_14)
FNF:15
FNH:0
FNDA:0,(anonymous_0)
FNDA:0,(anonymous_1)
FNDA:0,(anonymous_2)
FNDA:0,(anonymous_3)
FNDA:0,(anonymous_4)
FNDA:0,(anonymous_5)
FNDA:0,(anonymous_6)
FNDA:0,(anonymous_7)
FNDA:0,(anonymous_8)
FNDA:0,(anonymous_9)
FNDA:0,(anonymous_10)
FNDA:0,(anonymous_11)
FNDA:0,(anonymous_12)
FNDA:0,(anonymous_13)
FNDA:0,(anonymous_14)
DA:11,0
DA:12,0
DA:13,0
DA:14,0
DA:16,0
DA:25,0
DA:34,0
DA:35,0
DA:37,0
DA:38,0
DA:39,0
DA:42,0
DA:43,0
DA:44,0
DA:47,0
DA:53,0
DA:54,0
DA:55,0
DA:62,0
DA:63,0
DA:65,0
DA:66,0
DA:67,0
DA:70,0
DA:71,0
DA:72,0
DA:75,0
DA:76,0
DA:77,0
DA:78,0
DA:80,0
DA:86,0
DA:87,0
DA:89,0
DA:91,0
DA:104,0
DA:105,0
DA:107,0
DA:118,0
DA:119,0
DA:120,0
DA:123,0
DA:124,0
DA:125,0
DA:131,0
DA:137,0
DA:138,0
DA:139,0
DA:140,0
DA:141,0
DA:147,0
DA:148,0
DA:150,0
DA:152,0
DA:154,0
DA:156,0
DA:158,0
DA:165,0
DA:175,0
DA:180,0
LF:60
LH:0
BRDA:37,0,0,0
BRDA:37,0,1,0
BRDA:38,1,0,0
BRDA:38,1,1,0
BRDA:48,2,0,0
BRDA:48,2,1,0
BRDA:48,2,2,0
BRDA:48,2,3,0
BRDA:48,2,4,0
BRDA:89,3,0,0
BRDA:89,3,1,0
BRDA:89,4,0,0
BRDA:89,4,1,0
BRDA:109,5,0,0
BRDA:109,5,1,0
BRDA:137,6,0,0
BRDA:137,6,1,0
BRDA:137,7,0,0
BRDA:137,7,1,0
BRDA:138,8,0,0
BRDA:138,8,1,0
BRDA:138,9,0,0
BRDA:138,9,1,0
BRDA:140,10,0,0
BRDA:140,10,1,0
BRDA:140,11,0,0
BRDA:140,11,1,0
BRDA:150,12,0,0
BRDA:150,12,1,0
BRDA:150,12,2,0
BRDA:150,12,3,0
BRDA:165,13,0,0
BRDA:177,14,0,0
BRDA:178,15,0,0
BRF:34
BRH:0
end_of_record
TN:
SF:src/utils/security.ts
FN:13,(anonymous_0)
FN:22,(anonymous_1)
FN:31,(anonymous_2)
FN:44,(anonymous_3)
FN:58,(anonymous_4)
FN:66,(anonymous_5)
FN:80,(anonymous_6)
FN:121,(anonymous_7)
FN:130,(anonymous_8)
FN:142,(anonymous_9)
FN:156,(anonymous_10)
FN:168,(anonymous_11)
FN:177,(anonymous_12)
FN:191,(anonymous_13)
FN:198,(anonymous_14)
FNF:15
FNH:0
FNDA:0,(anonymous_0)
FNDA:0,(anonymous_1)
FNDA:0,(anonymous_2)
FNDA:0,(anonymous_3)
FNDA:0,(anonymous_4)
FNDA:0,(anonymous_5)
FNDA:0,(anonymous_6)
FNDA:0,(anonymous_7)
FNDA:0,(anonymous_8)
FNDA:0,(anonymous_9)
FNDA:0,(anonymous_10)
FNDA:0,(anonymous_11)
FNDA:0,(anonymous_12)
FNDA:0,(anonymous_13)
FNDA:0,(anonymous_14)
DA:6,0
DA:12,0
DA:14,0
DA:15,0
DA:17,0
DA:18,0
DA:23,0
DA:24,0
DA:26,0
DA:27,0
DA:32,0
DA:33,0
DA:35,0
DA:36,0
DA:44,0
DA:45,0
DA:47,0
DA:58,0
DA:59,0
DA:60,0
DA:66,0
DA:67,0
DA:68,0
DA:80,0
DA:83,0
DA:85,0
DA:86,0
DA:88,0
DA:89,0
DA:91,0
DA:92,0
DA:94,0
DA:95,0
DA:97,0
DA:98,0
DA:102,0
DA:103,0
DA:105,0
DA:106,0
DA:107,0
DA:108,0
DA:111,0
DA:121,0
DA:123,0
DA:124,0
DA:130,0
DA:131,0
DA:132,0
DA:133,0
DA:135,0
DA:142,0
DA:143,0
DA:144,0
DA:147,0
DA:153,0
DA:156,0
DA:157,0
DA:158,0
DA:160,0
DA:166,0
DA:168,0
DA:173,0
DA:174,0
DA:177,0
DA:179,0
DA:180,0
DA:183,0
DA:184,0
DA:185,0
DA:191,0
DA:192,0
DA:198,0
DA:199,0
DA:200,0
DA:203,0
DA:204,0
DA:205,0
DA:207,0
LF:78
LH:0
BRDA:24,0,0,0
BRDA:24,0,1,0
BRDA:45,1,0,0
BRDA:45,1,1,0
BRDA:85,2,0,0
BRDA:85,2,1,0
BRDA:88,3,0,0
BRDA:88,3,1,0
BRDA:91,4,0,0
BRDA:91,4,1,0
BRDA:94,5,0,0
BRDA:94,5,1,0
BRDA:97,6,0,0
BRDA:97,6,1,0
BRDA:105,7,0,0
BRDA:105,7,1,0
BRDA:105,8,0,0
BRDA:105,8,1,0
BRDA:107,9,0,0
BRDA:107,9,1,0
BRDA:144,10,0,0
BRDA:144,10,1,0
BRDA:144,11,0,0
BRDA:144,11,1,0
BRDA:147,12,0,0
BRDA:147,12,1,0
BRDA:158,13,0,0
BRDA:158,13,1,0
BRDA:170,14,0,0
BRDA:171,15,0,0
BRDA:174,16,0,0
BRDA:174,16,1,0
BRDA:179,17,0,0
BRDA:179,17,1,0
BRDA:199,18,0,0
BRDA:199,18,1,0
BRF:36
BRH:0
end_of_record
TN:
SF:src/utils/validation.ts
FN:38,(anonymous_0)
FN:57,(anonymous_1)
FN:188,(anonymous_2)
FN:200,(anonymous_3)
FNF:4
FNH:1
FNDA:2,(anonymous_0)
FNDA:0,(anonymous_1)
FNDA:0,(anonymous_2)
FNDA:0,(anonymous_3)
DA:11,1
DA:19,1
DA:38,2
DA:43,1
DA:47,1
DA:57,0
DA:65,1
DA:89,1
DA:116,1
DA:121,1
DA:136,1
DA:147,1
DA:159,1
DA:174,1
DA:189,0
DA:190,0
DA:192,0
DA:201,0
DA:202,0
DA:204,0
LF:20
LH:13
BRDA:189,0,0,0
BRDA:189,0,1,0
BRDA:189,1,0,0
BRDA:189,1,1,0
BRDA:201,2,0,0
BRDA:201,2,1,0
BRDA:201,3,0,0
BRDA:201,3,1,0
BRF:8
BRH:0
end_of_record
